system.count = 444;
system.table[0] = "NtAccessCheck";
system.table[1] = "NtWorkerFactoryWorkerReady";
system.table[2] = "NtAcceptConnectPort";
system.table[3] = "NtMapUserPhysicalPagesScatter";
system.table[4] = "NtWaitForSingleObject";
system.table[5] = "NtCallbackReturn";
system.table[6] = "NtReadFile";
system.table[7] = "NtDeviceIoControlFile";
system.table[8] = "NtWriteFile";
system.table[9] = "NtRemoveIoCompletion";
system.table[10] = "NtReleaseSemaphore";
system.table[11] = "NtReplyWaitReceivePort";
system.table[12] = "NtReplyPort";
system.table[13] = "NtSetInformationThread";
system.table[14] = "NtSetEvent";
system.table[15] = "NtClose";
system.table[16] = "NtQueryObject";
system.table[17] = "NtQueryInformationFile";
system.table[18] = "NtOpenKey";
system.table[19] = "NtEnumerateValueKey";
system.table[20] = "NtFindAtom";
system.table[21] = "NtQueryDefaultLocale";
system.table[22] = "NtQueryKey";
system.table[23] = "NtQueryValueKey";
system.table[24] = "NtAllocateVirtualMemory";
system.table[25] = "NtQueryInformationProcess";
system.table[26] = "NtWaitForMultipleObjects32";
system.table[27] = "NtWriteFileGather";
system.table[28] = "NtSetInformationProcess";
system.table[29] = "NtCreateKey";
system.table[30] = "NtFreeVirtualMemory";
system.table[31] = "NtImpersonateClientOfPort";
system.table[32] = "NtReleaseMutant";
system.table[33] = "NtQueryInformationToken";
system.table[34] = "NtRequestWaitReplyPort";
system.table[35] = "NtQueryVirtualMemory";
system.table[36] = "NtOpenThreadToken";
system.table[37] = "NtQueryInformationThread";
system.table[38] = "NtOpenProcess";
system.table[39] = "NtSetInformationFile";
system.table[40] = "NtMapViewOfSection";
system.table[41] = "NtAccessCheckAndAuditAlarm";
system.table[42] = "NtUnmapViewOfSection";
system.table[43] = "NtReplyWaitReceivePortEx";
system.table[44] = "NtTerminateProcess";
system.table[45] = "NtSetEventBoostPriority";
system.table[46] = "NtReadFileScatter";
system.table[47] = "NtOpenThreadTokenEx";
system.table[48] = "NtOpenProcessTokenEx";
system.table[49] = "NtQueryPerformanceCounter";
system.table[50] = "NtEnumerateKey";
system.table[51] = "NtOpenFile";
system.table[52] = "NtDelayExecution";
system.table[53] = "NtQueryDirectoryFile";
system.table[54] = "NtQuerySystemInformation";
system.table[55] = "NtOpenSection";
system.table[56] = "NtQueryTimer";
system.table[57] = "NtFsControlFile";
system.table[58] = "NtWriteVirtualMemory";
system.table[59] = "NtCloseObjectAuditAlarm";
system.table[60] = "NtDuplicateObject";
system.table[61] = "NtQueryAttributesFile";
system.table[62] = "NtClearEvent";
system.table[63] = "NtReadVirtualMemory";
system.table[64] = "NtOpenEvent";
system.table[65] = "NtAdjustPrivilegesToken";
system.table[66] = "NtDuplicateToken";
system.table[67] = "NtContinue";
system.table[68] = "NtQueryDefaultUILanguage";
system.table[69] = "NtQueueApcThread";
system.table[70] = "NtYieldExecution";
system.table[71] = "NtAddAtom";
system.table[72] = "NtCreateEvent";
system.table[73] = "NtQueryVolumeInformationFile";
system.table[74] = "NtCreateSection";
system.table[75] = "NtFlushBuffersFile";
system.table[76] = "NtApphelpCacheControl";
system.table[77] = "NtCreateProcessEx";
system.table[78] = "NtCreateThread";
system.table[79] = "NtIsProcessInJob";
system.table[80] = "NtProtectVirtualMemory";
system.table[81] = "NtQuerySection";
system.table[82] = "NtResumeThread";
system.table[83] = "NtTerminateThread";
system.table[84] = "NtReadRequestData";
system.table[85] = "NtCreateFile";
system.table[86] = "NtQueryEvent";
system.table[87] = "NtWriteRequestData";
system.table[88] = "NtOpenDirectoryObject";
system.table[89] = "NtAccessCheckByTypeAndAuditAlarm";
system.table[90] = "NtQuerySystemTime";
system.table[91] = "NtWaitForMultipleObjects";
system.table[92] = "NtSetInformationObject";
system.table[93] = "NtCancelIoFile";
system.table[94] = "NtTraceEvent";
system.table[95] = "NtPowerInformation";
system.table[96] = "NtSetValueKey";
system.table[97] = "NtCancelTimer";
system.table[98] = "NtSetTimer";
system.table[99] = "NtAccessCheckByType";
system.table[100] = "NtAccessCheckByTypeResultList";
system.table[101] = "NtAccessCheckByTypeResultListAndAuditAlarm";
system.table[102] = "NtAccessCheckByTypeResultListAndAuditAlarmByHandle";
system.table[103] = "NtAddAtomEx";
system.table[104] = "NtAddBootEntry";
system.table[105] = "NtAddDriverEntry";
system.table[106] = "NtAdjustGroupsToken";
system.table[107] = "NtWaitLowEventPair";
system.table[108] = "NtAlertResumeThread";
system.table[109] = "NtAlertThread";
system.table[110] = "NtAlertThreadByThreadId";
system.table[111] = "NtAllocateLocallyUniqueId";
system.table[112] = "NtAllocateReserveObject";
system.table[113] = "NtAllocateUserPhysicalPages";
system.table[114] = "NtAllocateUuids";
system.table[115] = "NtAlpcAcceptConnectPort";
system.table[116] = "NtAlpcCancelMessage";
system.table[117] = "NtAlpcConnectPort";
system.table[118] = "NtAlpcConnectPortEx";
system.table[119] = "NtAlpcCreatePort";
system.table[120] = "NtAlpcCreatePortSection";
system.table[121] = "NtAlpcCreateResourceReserve";
system.table[122] = "NtAlpcCreateSectionView";
system.table[123] = "NtAlpcCreateSecurityContext";
system.table[124] = "NtAlpcDeletePortSection";
system.table[125] = "NtAlpcDeleteResourceReserve";
system.table[126] = "NtAlpcDeleteSectionView";
system.table[127] = "NtAlpcDeleteSecurityContext";
system.table[128] = "NtAlpcDisconnectPort";
system.table[129] = "NtAlpcImpersonateClientContainerOfPort";
system.table[130] = "NtAlpcImpersonateClientOfPort";
system.table[131] = "NtAlpcOpenSenderProcess";
system.table[132] = "NtAlpcOpenSenderThread";
system.table[133] = "NtAlpcQueryInformation";
system.table[134] = "NtAlpcQueryInformationMessage";
system.table[135] = "NtAlpcRevokeSecurityContext";
system.table[136] = "NtAlpcSendWaitReceivePort";
system.table[137] = "NtAlpcSetInformation";
system.table[138] = "NtAreMappedFilesTheSame";
system.table[139] = "NtAssignProcessToJobObject";
system.table[140] = "NtAssociateWaitCompletionPacket";
system.table[141] = "NtCancelIoFileEx";
system.table[142] = "NtCancelSynchronousIoFile";
system.table[143] = "NtCancelTimer2";
system.table[144] = "NtCancelWaitCompletionPacket";
system.table[145] = "NtCommitComplete";
system.table[146] = "NtCommitEnlistment";
system.table[147] = "NtCommitTransaction";
system.table[148] = "NtCompactKeys";
system.table[149] = "NtCompareObjects";
system.table[150] = "NtCompareTokens";
system.table[151] = "xHalGetInterruptTranslator";
system.table[152] = "NtCompressKey";
system.table[153] = "NtConnectPort";
system.table[154] = "NtCreateDebugObject";
system.table[155] = "NtCreateDirectoryObject";
system.table[156] = "NtCreateDirectoryObjectEx";
system.table[157] = "NtCreateEnclave";
system.table[158] = "NtCreateEnlistment";
system.table[159] = "NtWaitLowEventPair";
system.table[160] = "NtCreateIRTimer";
system.table[161] = "NtCreateIoCompletion";
system.table[162] = "NtCreateJobObject";
system.table[163] = "xHalAllocatePmcCounterSet";
system.table[164] = "NtCreateKeyTransacted";
system.table[165] = "NtCreateKeyedEvent";
system.table[166] = "NtCreateLowBoxToken";
system.table[167] = "NtCreateMailslotFile";
system.table[168] = "NtCreateMutant";
system.table[169] = "NtCreateNamedPipeFile";
system.table[170] = "NtCreatePagingFile";
system.table[171] = "NtCreatePartition";
system.table[172] = "NtCreatePort";
system.table[173] = "NtCreatePrivateNamespace";
system.table[174] = "NtCreateProcess";
system.table[175] = "NtCreateProfile";
system.table[176] = "NtCreateProfileEx";
system.table[177] = "NtCreateResourceManager";
system.table[178] = "NtCreateSemaphore";
system.table[179] = "NtCreateSymbolicLinkObject";
system.table[180] = "NtCreateThreadEx";
system.table[181] = "NtCreateTimer";
system.table[182] = "NtCreateTimer2";
system.table[183] = "NtCreateToken";
system.table[184] = "NtCreateTokenEx";
system.table[185] = "NtCreateTransaction";
system.table[186] = "NtCreateTransactionManager";
system.table[187] = "NtCreateUserProcess";
system.table[188] = "NtCreateWaitCompletionPacket";
system.table[189] = "NtCreateWaitablePort";
system.table[190] = "NtCreateWnfStateName";
system.table[191] = "NtCreateWorkerFactory";
system.table[192] = "NtDebugActiveProcess";
system.table[193] = "NtDebugContinue";
system.table[194] = "NtDeleteAtom";
system.table[195] = "NtDeleteBootEntry";
system.table[196] = "NtDeleteDriverEntry";
system.table[197] = "NtDeleteFile";
system.table[198] = "NtDeleteKey";
system.table[199] = "NtDeleteObjectAuditAlarm";
system.table[200] = "NtDeletePrivateNamespace";
system.table[201] = "NtDeleteValueKey";
system.table[202] = "NtDeleteWnfStateData";
system.table[203] = "NtDeleteWnfStateName";
system.table[204] = "NtDisableLastKnownGood";
system.table[205] = "NtDisplayString";
system.table[206] = "NtDrawText";
system.table[207] = "NtEnableLastKnownGood";
system.table[208] = "NtEnumerateBootEntries";
system.table[209] = "NtEnumerateDriverEntries";
system.table[210] = "NtEnumerateSystemEnvironmentValuesEx";
system.table[211] = "NtEnumerateTransactionObject";
system.table[212] = "NtExtendSection";
system.table[213] = "NtFilterBootOption";
system.table[214] = "NtFilterToken";
system.table[215] = "NtWaitLowEventPair";
system.table[216] = "NtFlushBuffersFileEx";
system.table[217] = "NtFlushInstallUILanguage";
system.table[218] = "xHalGetInterruptTranslator";
system.table[219] = "NtFlushKey";
system.table[220] = "NtFlushProcessWriteBuffers";
system.table[221] = "NtFlushVirtualMemory";
system.table[222] = "NtFlushWriteBuffer";
system.table[223] = "NtFreeUserPhysicalPages";
system.table[224] = "NtFreezeRegistry";
system.table[225] = "NtFreezeTransactions";
system.table[226] = "NtGetCachedSigningLevel";
system.table[227] = "NtGetCompleteWnfStateSubscription";
system.table[228] = "NtGetContextThread";
system.table[229] = "NtGetCurrentProcessorNumber";
system.table[230] = "NtGetCurrentProcessorNumberEx";
system.table[231] = "NtGetDevicePowerState";
system.table[232] = "NtGetMUIRegistryInfo";
system.table[233] = "NtGetNextProcess";
system.table[234] = "NtGetNextThread";
system.table[235] = "NtGetNlsSectionPtr";
system.table[236] = "NtGetNotificationResourceManager";
system.table[237] = "NtGetWriteWatch";
system.table[238] = "NtImpersonateAnonymousToken";
system.table[239] = "NtImpersonateThread";
system.table[240] = "NtInitializeEnclave";
system.table[241] = "NtInitializeNlsFiles";
system.table[242] = "NtInitializeRegistry";
system.table[243] = "NtInitiatePowerAction";
system.table[244] = "NtIsSystemResumeAutomatic";
system.table[245] = "NtIsUILanguageComitted";
system.table[246] = "NtListenPort";
system.table[247] = "NtLoadDriver";
system.table[248] = "NtLoadEnclaveData";
system.table[249] = "NtLoadKey";
system.table[250] = "NtLoadKey2";
system.table[251] = "NtLoadKeyEx";
system.table[252] = "NtLockFile";
system.table[253] = "NtLockProductActivationKeys";
system.table[254] = "NtLockRegistryKey";
system.table[255] = "NtLockVirtualMemory";
system.table[256] = "NtMakePermanentObject";
system.table[257] = "NtMakeTemporaryObject";
system.table[258] = "NtManagePartition";
system.table[259] = "NtMapCMFModule";
system.table[260] = "NtMapUserPhysicalPages";
system.table[261] = "NtModifyBootEntry";
system.table[262] = "NtModifyDriverEntry";
system.table[263] = "NtNotifyChangeDirectoryFile";
system.table[264] = "NtNotifyChangeKey";
system.table[265] = "NtNotifyChangeMultipleKeys";
system.table[266] = "NtNotifyChangeSession";
system.table[267] = "NtOpenEnlistment";
system.table[268] = "NtWaitLowEventPair";
system.table[269] = "NtOpenIoCompletion";
system.table[270] = "NtOpenJobObject";
system.table[271] = "NtOpenKeyEx";
system.table[272] = "NtOpenKeyTransacted";
system.table[273] = "NtOpenKeyTransactedEx";
system.table[274] = "NtOpenKeyedEvent";
system.table[275] = "NtOpenMutant";
system.table[276] = "NtOpenObjectAuditAlarm";
system.table[277] = "NtOpenPartition";
system.table[278] = "NtOpenPrivateNamespace";
system.table[279] = "NtOpenProcessToken";
system.table[280] = "NtOpenResourceManager";
system.table[281] = "NtOpenSemaphore";
system.table[282] = "NtOpenSession";
system.table[283] = "NtOpenSymbolicLinkObject";
system.table[284] = "NtOpenThread";
system.table[285] = "NtOpenTimer";
system.table[286] = "NtOpenTransaction";
system.table[287] = "NtOpenTransactionManager";
system.table[288] = "NtPlugPlayControl";
system.table[289] = "NtPrePrepareComplete";
system.table[290] = "NtPrePrepareEnlistment";
system.table[291] = "NtPrepareComplete";
system.table[292] = "NtPrepareEnlistment";
system.table[293] = "NtPrivilegeCheck";
system.table[294] = "NtPrivilegeObjectAuditAlarm";
system.table[295] = "NtPrivilegedServiceAuditAlarm";
system.table[296] = "NtPropagationComplete";
system.table[297] = "NtPropagationFailed";
system.table[298] = "NtPulseEvent";
system.table[299] = "NtQueryBootEntryOrder";
system.table[300] = "NtQueryBootOptions";
system.table[301] = "NtQueryDebugFilterState";
system.table[302] = "NtQueryDirectoryObject";
system.table[303] = "NtQueryDriverEntryOrder";
system.table[304] = "NtQueryEaFile";
system.table[305] = "NtQueryFullAttributesFile";
system.table[306] = "NtQueryInformationAtom";
system.table[307] = "NtQueryInformationEnlistment";
system.table[308] = "NtQueryInformationJobObject";
system.table[309] = "NtQueryInformationPort";
system.table[310] = "NtQueryInformationResourceManager";
system.table[311] = "NtQueryInformationTransaction";
system.table[312] = "NtQueryInformationTransactionManager";
system.table[313] = "NtQueryInformationWorkerFactory";
system.table[314] = "NtQueryInstallUILanguage";
system.table[315] = "NtQueryIntervalProfile";
system.table[316] = "NtQueryIoCompletion";
system.table[317] = "NtQueryLicenseValue";
system.table[318] = "NtQueryMultipleValueKey";
system.table[319] = "NtQueryMutant";
system.table[320] = "NtQueryOpenSubKeys";
system.table[321] = "NtQueryOpenSubKeysEx";
system.table[322] = "NtQueryPortInformationProcess";
system.table[323] = "NtQueryQuotaInformationFile";
system.table[324] = "NtQuerySecurityAttributesToken";
system.table[325] = "NtQuerySecurityObject";
system.table[326] = "NtQuerySemaphore";
system.table[327] = "NtQuerySymbolicLinkObject";
system.table[328] = "NtQuerySystemEnvironmentValue";
system.table[329] = "NtQuerySystemEnvironmentValueEx";
system.table[330] = "NtQuerySystemInformationEx";
system.table[331] = "NtQueryTimerResolution";
system.table[332] = "NtQueryWnfStateData";
system.table[333] = "NtQueryWnfStateNameInformation";
system.table[334] = "NtQueueApcThreadEx";
system.table[335] = "NtRaiseException";
system.table[336] = "NtRaiseHardError";
system.table[337] = "NtReadOnlyEnlistment";
system.table[338] = "NtRecoverEnlistment";
system.table[339] = "NtRecoverResourceManager";
system.table[340] = "NtRecoverTransactionManager";
system.table[341] = "NtRegisterProtocolAddressInformation";
system.table[342] = "NtRegisterThreadTerminatePort";
system.table[343] = "NtReleaseKeyedEvent";
system.table[344] = "NtReleaseWorkerFactoryWorker";
system.table[345] = "NtRemoveIoCompletionEx";
system.table[346] = "NtRemoveProcessDebug";
system.table[347] = "NtRenameKey";
system.table[348] = "NtRenameTransactionManager";
system.table[349] = "NtReplaceKey";
system.table[350] = "NtReplacePartitionUnit";
system.table[351] = "NtReplyWaitReplyPort";
system.table[352] = "NtRequestPort";
system.table[353] = "NtResetEvent";
system.table[354] = "NtResetWriteWatch";
system.table[355] = "NtRestoreKey";
system.table[356] = "NtResumeProcess";
system.table[357] = "NtRevertContainerImpersonation";
system.table[358] = "NtRollbackComplete";
system.table[359] = "NtRollbackEnlistment";
system.table[360] = "NtRollbackTransaction";
system.table[361] = "NtRollforwardTransactionManager";
system.table[362] = "NtSaveKey";
system.table[363] = "NtSaveKeyEx";
system.table[364] = "NtSaveMergedKeys";
system.table[365] = "NtSecureConnectPort";
system.table[366] = "NtSerializeBoot";
system.table[367] = "NtSetBootEntryOrder";
system.table[368] = "NtSetBootOptions";
system.table[369] = "NtSetCachedSigningLevel";
system.table[370] = "NtSetContextThread";
system.table[371] = "NtSetDebugFilterState";
system.table[372] = "NtSetDefaultHardErrorPort";
system.table[373] = "NtSetDefaultLocale";
system.table[374] = "NtSetDefaultUILanguage";
system.table[375] = "NtSetDriverEntryOrder";
system.table[376] = "NtSetEaFile";
system.table[377] = "NtWaitLowEventPair";
system.table[378] = "NtWaitLowEventPair";
system.table[379] = "NtSetIRTimer";
system.table[380] = "NtSetInformationDebugObject";
system.table[381] = "NtSetInformationEnlistment";
system.table[382] = "NtSetInformationJobObject";
system.table[383] = "NtSetInformationKey";
system.table[384] = "NtSetInformationResourceManager";
system.table[385] = "NtSetInformationSymbolicLink";
system.table[386] = "NtSetInformationToken";
system.table[387] = "NtSetInformationTransaction";
system.table[388] = "NtSetInformationTransactionManager";
system.table[389] = "NtSetInformationVirtualMemory";
system.table[390] = "NtSetInformationWorkerFactory";
system.table[391] = "NtSetIntervalProfile";
system.table[392] = "NtSetIoCompletion";
system.table[393] = "NtSetIoCompletionEx";
system.table[394] = "xKdEnumerateDebuggingDevices";
system.table[395] = "NtWaitLowEventPair";
system.table[396] = "NtWaitLowEventPair";
system.table[397] = "NtSetQuotaInformationFile";
system.table[398] = "NtSetSecurityObject";
system.table[399] = "NtSetSystemEnvironmentValue";
system.table[400] = "NtSetSystemEnvironmentValueEx";
system.table[401] = "NtSetSystemInformation";
system.table[402] = "NtSetSystemPowerState";
system.table[403] = "NtSetSystemTime";
system.table[404] = "NtSetThreadExecutionState";
system.table[405] = "NtSetTimer2";
system.table[406] = "NtSetTimerEx";
system.table[407] = "NtSetTimerResolution";
system.table[408] = "NtSetUuidSeed";
system.table[409] = "NtSetVolumeInformationFile";
system.table[410] = "NtSetWnfProcessNotificationEvent";
system.table[411] = "NtShutdownSystem";
system.table[412] = "NtShutdownWorkerFactory";
system.table[413] = "NtSignalAndWaitForSingleObject";
system.table[414] = "NtSinglePhaseReject";
system.table[415] = "NtStartProfile";
system.table[416] = "NtStopProfile";
system.table[417] = "NtSubscribeWnfStateChange";
system.table[418] = "NtSuspendProcess";
system.table[419] = "NtSuspendThread";
system.table[420] = "NtSystemDebugControl";
system.table[421] = "NtTerminateJobObject";
system.table[422] = "NtTestAlert";
system.table[423] = "NtThawRegistry";
system.table[424] = "NtThawTransactions";
system.table[425] = "NtTraceControl";
system.table[426] = "NtTranslateFilePath";
system.table[427] = "NtUmsThreadYield";
system.table[428] = "NtUnloadDriver";
system.table[429] = "NtUnloadKey";
system.table[430] = "NtUnloadKey2";
system.table[431] = "NtUnloadKeyEx";
system.table[432] = "NtUnlockFile";
system.table[433] = "NtUnlockVirtualMemory";
system.table[434] = "NtUnmapViewOfSectionEx";
system.table[435] = "NtUnsubscribeWnfStateChange";
system.table[436] = "NtUpdateWnfStateData";
system.table[437] = "NtWaitLowEventPair";
system.table[438] = "NtWaitForAlertByThreadId";
system.table[439] = "NtWaitForDebugEvent";
system.table[440] = "NtWaitForKeyedEvent";
system.table[441] = "NtWaitForWorkViaWorkerFactory";
system.table[442] = "NtWaitLowEventPair";
system.table[443] = "NtWaitLowEventPair";
shadow.count = 1135;
shadow.table[4096] = "NtUserGetOwnerTransformedMonitorRect";
shadow.table[4097] = "NtUserYieldTask";
shadow.table[4098] = "NtUserSetSensorPresence";
shadow.table[4099] = "NtUserGetThreadState";
shadow.table[4100] = "NtUserPeekMessage";
shadow.table[4101] = "NtUserCallOneParam";
shadow.table[4102] = "NtUserGetKeyState";
shadow.table[4103] = "NtUserInvalidateRect";
shadow.table[4104] = "NtUserCallNoParam";
shadow.table[4105] = "NtUserGetMessage";
shadow.table[4106] = "NtUserMessageCall";
shadow.table[4107] = "NtGdiBitBlt";
shadow.table[4108] = "NtGdiGetCharSet";
shadow.table[4109] = "NtUserGetDC";
shadow.table[4110] = "NtGdiSelectBitmap";
shadow.table[4111] = "NtUserWaitMessage";
shadow.table[4112] = "NtUserTranslateMessage";
shadow.table[4113] = "NtUserGetProp";
shadow.table[4114] = "NtUserPostMessage";
shadow.table[4115] = "NtUserQueryWindow";
shadow.table[4116] = "NtUserTranslateAccelerator";
shadow.table[4117] = "NtGdiFlush";
shadow.table[4118] = "NtUserRedrawWindow";
shadow.table[4119] = "NtUserWindowFromPoint";
shadow.table[4120] = "NtUserCallMsgFilter";
shadow.table[4121] = "NtUserValidateTimerCallback";
shadow.table[4122] = "NtUserBeginPaint";
shadow.table[4123] = "NtUserSetTimer";
shadow.table[4124] = "NtUserEndPaint";
shadow.table[4125] = "NtUserSetCursor";
shadow.table[4126] = "NtUserKillTimer";
shadow.table[4127] = "NtUserBuildHwndList";
shadow.table[4128] = "NtUserSelectPalette";
shadow.table[4129] = "NtUserCallNextHookEx";
shadow.table[4130] = "NtUserHideCaret";
shadow.table[4131] = "NtGdiIntersectClipRect";
shadow.table[4132] = "NtUserCallHwndLock";
shadow.table[4133] = "NtUserGetProcessWindowStation";
shadow.table[4134] = "NtGdiDeleteObjectApp";
shadow.table[4135] = "NtUserSetWindowPos";
shadow.table[4136] = "NtUserShowCaret";
shadow.table[4137] = "NtUserEndDeferWindowPosEx";
shadow.table[4138] = "NtUserCallHwndParamLock";
shadow.table[4139] = "NtUserVkKeyScanEx";
shadow.table[4140] = "NtGdiSetDIBitsToDeviceInternal";
shadow.table[4141] = "NtUserCallTwoParam";
shadow.table[4142] = "NtGdiGetRandomRgn";
shadow.table[4143] = "NtUserCopyAcceleratorTable";
shadow.table[4144] = "NtUserNotifyWinEvent";
shadow.table[4145] = "NtGdiExtSelectClipRgn";
shadow.table[4146] = "NtUserIsClipboardFormatAvailable";
shadow.table[4147] = "NtUserSetScrollInfo";
shadow.table[4148] = "NtGdiStretchBlt";
shadow.table[4149] = "NtUserCreateCaret";
shadow.table[4150] = "NtGdiRectVisible";
shadow.table[4151] = "NtGdiCombineRgn";
shadow.table[4152] = "NtGdiGetDCObject";
shadow.table[4153] = "NtUserDispatchMessage";
shadow.table[4154] = "NtUserRegisterWindowMessage";
shadow.table[4155] = "NtGdiExtTextOutW";
shadow.table[4156] = "NtGdiSelectFont";
shadow.table[4157] = "NtGdiRestoreDC";
shadow.table[4158] = "NtGdiSaveDC";
shadow.table[4159] = "NtUserGetForegroundWindow";
shadow.table[4160] = "NtUserShowScrollBar";
shadow.table[4161] = "NtUserFindExistingCursorIcon";
shadow.table[4162] = "NtGdiGetDCDword";
shadow.table[4163] = "NtGdiGetRegionData";
shadow.table[4164] = "NtGdiLineTo";
shadow.table[4165] = "NtUserSystemParametersInfo";
shadow.table[4166] = "NtGdiGetAppClipBox";
shadow.table[4167] = "NtUserGetAsyncKeyState";
shadow.table[4168] = "NtUserGetCPD";
shadow.table[4169] = "NtUserRemoveProp";
shadow.table[4170] = "NtGdiDoPalette";
shadow.table[4171] = "NtGdiPolyPolyDraw";
shadow.table[4172] = "NtUserSetCapture";
shadow.table[4173] = "NtUserEnumDisplayMonitors";
shadow.table[4174] = "NtGdiCreateCompatibleBitmap";
shadow.table[4175] = "NtUserSetProp";
shadow.table[4176] = "NtGdiGetTextCharsetInfo";
shadow.table[4177] = "NtUserSBGetParms";
shadow.table[4178] = "NtUserGetIconInfo";
shadow.table[4179] = "NtUserExcludeUpdateRgn";
shadow.table[4180] = "NtUserSetFocus";
shadow.table[4181] = "NtGdiExtGetObjectW";
shadow.table[4182] = "NtUserGetUpdateRect";
shadow.table[4183] = "NtGdiCreateCompatibleDC";
shadow.table[4184] = "NtUserGetClipboardSequenceNumber";
shadow.table[4185] = "NtGdiCreatePen";
shadow.table[4186] = "NtUserShowWindow";
shadow.table[4187] = "NtUserGetKeyboardLayoutList";
shadow.table[4188] = "NtGdiPatBlt";
shadow.table[4189] = "NtUserMapVirtualKeyEx";
shadow.table[4190] = "NtUserSetWindowLong";
shadow.table[4191] = "NtGdiHfontCreate";
shadow.table[4192] = "NtUserMoveWindow";
shadow.table[4193] = "NtUserPostThreadMessage";
shadow.table[4194] = "NtUserDrawIconEx";
shadow.table[4195] = "NtUserGetSystemMenu";
shadow.table[4196] = "NtGdiDrawStream";
shadow.table[4197] = "NtUserInternalGetWindowText";
shadow.table[4198] = "NtUserGetWindowDC";
shadow.table[4199] = "NtGdiD3dDrawPrimitives2";
shadow.table[4200] = "NtGdiInvertRgn";
shadow.table[4201] = "NtGdiGetRgnBox";
shadow.table[4202] = "NtGdiGetAndSetDCDword";
shadow.table[4203] = "NtGdiMaskBlt";
shadow.table[4204] = "NtGdiGetWidthTable";
shadow.table[4205] = "NtUserScrollDC";
shadow.table[4206] = "NtUserGetObjectInformation";
shadow.table[4207] = "NtGdiCreateBitmap";
shadow.table[4208] = "NtUserFindWindowEx";
shadow.table[4209] = "NtGdiPolyPatBlt";
shadow.table[4210] = "NtUserUnhookWindowsHookEx";
shadow.table[4211] = "NtGdiGetNearestColor";
shadow.table[4212] = "NtGdiTransformPoints";
shadow.table[4213] = "NtGdiGetDCPoint";
shadow.table[4214] = "NtGdiCreateDIBBrush";
shadow.table[4215] = "NtGdiGetTextMetricsW";
shadow.table[4216] = "NtUserCreateWindowEx";
shadow.table[4217] = "NtUserSetParent";
shadow.table[4218] = "NtUserGetKeyboardState";
shadow.table[4219] = "NtUserToUnicodeEx";
shadow.table[4220] = "NtUserGetControlBrush";
shadow.table[4221] = "NtUserGetClassName";
shadow.table[4222] = "NtGdiAlphaBlend";
shadow.table[4223] = "NtGdiDdBlt";
shadow.table[4224] = "NtGdiOffsetRgn";
shadow.table[4225] = "NtUserDefSetText";
shadow.table[4226] = "NtGdiGetTextFaceW";
shadow.table[4227] = "NtGdiStretchDIBitsInternal";
shadow.table[4228] = "NtUserSendInput";
shadow.table[4229] = "NtUserGetThreadDesktop";
shadow.table[4230] = "NtGdiCreateRectRgn";
shadow.table[4231] = "NtGdiGetDIBitsInternal";
shadow.table[4232] = "NtUserGetUpdateRgn";
shadow.table[4233] = "NtGdiDeleteClientObj";
shadow.table[4234] = "NtUserGetIconSize";
shadow.table[4235] = "NtUserFillWindow";
shadow.table[4236] = "NtGdiExtCreateRegion";
shadow.table[4237] = "NtGdiComputeXformCoefficients";
shadow.table[4238] = "NtUserSetWindowsHookEx";
shadow.table[4239] = "NtUserNotifyProcessCreate";
shadow.table[4240] = "NtGdiUnrealizeObject";
shadow.table[4241] = "NtUserGetTitleBarInfo";
shadow.table[4242] = "NtGdiRectangle";
shadow.table[4243] = "NtUserSetThreadDesktop";
shadow.table[4244] = "NtUserGetDCEx";
shadow.table[4245] = "NtUserGetScrollBarInfo";
shadow.table[4246] = "NtGdiGetTextExtent";
shadow.table[4247] = "NtUserSetWindowFNID";
shadow.table[4248] = "NtGdiSetLayout";
shadow.table[4249] = "NtUserCalcMenuBar";
shadow.table[4250] = "NtUserThunkedMenuItemInfo";
shadow.table[4251] = "NtGdiExcludeClipRect";
shadow.table[4252] = "NtGdiCreateDIBSection";
shadow.table[4253] = "NtGdiGetDCforBitmap";
shadow.table[4254] = "NtUserDestroyCursor";
shadow.table[4255] = "NtUserDestroyWindow";
shadow.table[4256] = "NtUserCallHwndParam";
shadow.table[4257] = "NtGdiCreateDIBitmapInternal";
shadow.table[4258] = "NtUserOpenWindowStation";
shadow.table[4259] = "NtGdiDdDeleteSurfaceObject";
shadow.table[4260] = "NtGdiDdCanCreateSurface";
shadow.table[4261] = "NtGdiDdCreateSurface";
shadow.table[4262] = "NtUserSetCursorIconData";
shadow.table[4263] = "NtGdiDdDestroySurface";
shadow.table[4264] = "NtUserCloseDesktop";
shadow.table[4265] = "NtUserOpenDesktop";
shadow.table[4266] = "NtUserSetProcessWindowStation";
shadow.table[4267] = "NtUserGetAtomName";
shadow.table[4268] = "NtGdiDdResetVisrgn";
shadow.table[4269] = "NtGdiExtCreatePen";
shadow.table[4270] = "NtGdiCreatePaletteInternal";
shadow.table[4271] = "NtGdiSetBrushOrg";
shadow.table[4272] = "NtUserBuildNameList";
shadow.table[4273] = "NtGdiSetPixel";
shadow.table[4274] = "NtUserRegisterClassExWOW";
shadow.table[4275] = "NtGdiCreatePatternBrushInternal";
shadow.table[4276] = "NtUserGetAncestor";
shadow.table[4277] = "NtGdiGetOutlineTextMetricsInternalW";
shadow.table[4278] = "NtGdiSetBitmapBits";
shadow.table[4279] = "NtUserCloseWindowStation";
shadow.table[4280] = "NtUserGetDoubleClickTime";
shadow.table[4281] = "NtUserEnableScrollBar";
shadow.table[4282] = "NtGdiCreateSolidBrush";
shadow.table[4283] = "NtUserGetClassInfoEx";
shadow.table[4284] = "NtGdiCreateClientObj";
shadow.table[4285] = "NtUserUnregisterClass";
shadow.table[4286] = "NtUserDeleteMenu";
shadow.table[4287] = "NtGdiRectInRegion";
shadow.table[4288] = "NtUserScrollWindowEx";
shadow.table[4289] = "NtGdiGetPixel";
shadow.table[4290] = "NtUserSetClassLong";
shadow.table[4291] = "NtUserGetMenuBarInfo";
shadow.table[4292] = "NtGdiDdCreateSurfaceEx";
shadow.table[4293] = "NtGdiDdCreateSurfaceObject";
shadow.table[4294] = "NtGdiGetNearestPaletteIndex";
shadow.table[4295] = "NtGdiDdLockD3D";
shadow.table[4296] = "NtGdiDdUnlockD3D";
shadow.table[4297] = "NtGdiGetCharWidthW";
shadow.table[4298] = "NtUserInvalidateRgn";
shadow.table[4299] = "NtUserGetClipboardOwner";
shadow.table[4300] = "NtUserSetWindowRgn";
shadow.table[4301] = "NtUserBitBltSysBmp";
shadow.table[4302] = "NtGdiGetCharWidthInfo";
shadow.table[4303] = "NtUserValidateRect";
shadow.table[4304] = "NtUserCloseClipboard";
shadow.table[4305] = "NtUserOpenClipboard";
shadow.table[4306] = "NtGdiGetStockObject";
shadow.table[4307] = "NtUserSetClipboardData";
shadow.table[4308] = "NtUserEnableMenuItem";
shadow.table[4309] = "NtUserAlterWindowStyle";
shadow.table[4310] = "NtGdiFillRgn";
shadow.table[4311] = "NtUserGetWindowPlacement";
shadow.table[4312] = "NtGdiModifyWorldTransform";
shadow.table[4313] = "NtGdiGetFontData";
shadow.table[4314] = "NtUserGetOpenClipboardWindow";
shadow.table[4315] = "NtUserSetThreadState";
shadow.table[4316] = "NtGdiOpenDCW";
shadow.table[4317] = "NtUserTrackMouseEvent";
shadow.table[4318] = "NtGdiGetTransform";
shadow.table[4319] = "NtUserDestroyMenu";
shadow.table[4320] = "NtGdiGetBitmapBits";
shadow.table[4321] = "NtUserConsoleControl";
shadow.table[4322] = "NtUserSetActiveWindow";
shadow.table[4323] = "NtUserSetInformationThread";
shadow.table[4324] = "NtUserSetWindowPlacement";
shadow.table[4325] = "NtUserGetControlColor";
shadow.table[4326] = "NtGdiSetMetaRgn";
shadow.table[4327] = "NtGdiSetMiterLimit";
shadow.table[4328] = "NtGdiSetVirtualResolution";
shadow.table[4329] = "NtGdiGetRasterizerCaps";
shadow.table[4330] = "NtUserSetWindowWord";
shadow.table[4331] = "NtUserGetClipboardFormatName";
shadow.table[4332] = "NtUserRealInternalGetMessage";
shadow.table[4333] = "NtUserCreateLocalMemHandle";
shadow.table[4334] = "NtUserAttachThreadInput";
shadow.table[4335] = "NtGdiCreateHalftonePalette";
shadow.table[4336] = "NtUserPaintMenuBar";
shadow.table[4337] = "NtUserSetKeyboardState";
shadow.table[4338] = "NtGdiCombineTransform";
shadow.table[4339] = "NtUserCreateAcceleratorTable";
shadow.table[4340] = "NtUserGetCursorFrameInfo";
shadow.table[4341] = "NtUserGetAltTabInfo";
shadow.table[4342] = "NtUserGetCaretBlinkTime";
shadow.table[4343] = "NtGdiQueryFontAssocInfo";
shadow.table[4344] = "NtUserProcessConnect";
shadow.table[4345] = "NtUserEnumDisplayDevices";
shadow.table[4346] = "NtUserEmptyClipboard";
shadow.table[4347] = "NtUserGetClipboardData";
shadow.table[4348] = "NtUserRemoveMenu";
shadow.table[4349] = "NtGdiSetBoundsRect";
shadow.table[4350] = "NtGdiGetBitmapDimension";
shadow.table[4351] = "NtUserConvertMemHandle";
shadow.table[4352] = "NtUserDestroyAcceleratorTable";
shadow.table[4353] = "NtUserGetGUIThreadInfo";
shadow.table[4354] = "NtGdiCloseFigure";
shadow.table[4355] = "NtUserSetWindowsHookAW";
shadow.table[4356] = "NtUserSetMenuDefaultItem";
shadow.table[4357] = "NtUserCheckMenuItem";
shadow.table[4358] = "NtUserSetWinEventHook";
shadow.table[4359] = "NtUserUnhookWinEvent";
shadow.table[4360] = "NtUserLockWindowUpdate";
shadow.table[4361] = "NtUserSetSystemMenu";
shadow.table[4362] = "NtUserThunkedMenuInfo";
shadow.table[4363] = "NtGdiBeginPath";
shadow.table[4364] = "NtGdiEndPath";
shadow.table[4365] = "NtGdiFillPath";
shadow.table[4366] = "NtUserCallHwnd";
shadow.table[4367] = "NtUserDdeInitialize";
shadow.table[4368] = "NtUserModifyUserStartupInfoFlags";
shadow.table[4369] = "NtUserCountClipboardFormats";
shadow.table[4370] = "NtGdiAddFontMemResourceEx";
shadow.table[4371] = "NtGdiEqualRgn";
shadow.table[4372] = "NtGdiGetSystemPaletteUse";
shadow.table[4373] = "NtGdiRemoveFontMemResourceEx";
shadow.table[4374] = "NtUserEnumDisplaySettings";
shadow.table[4375] = "NtUserPaintDesktop";
shadow.table[4376] = "NtGdiExtEscape";
shadow.table[4377] = "NtGdiSetBitmapDimension";
shadow.table[4378] = "NtGdiSetFontEnumeration";
shadow.table[4379] = "NtUserChangeClipboardChain";
shadow.table[4380] = "NtUserSetClipboardViewer";
shadow.table[4381] = "NtUserShowWindowAsync";
shadow.table[4382] = "NtGdiCreateColorSpace";
shadow.table[4383] = "NtGdiDeleteColorSpace";
shadow.table[4384] = "NtUserActivateKeyboardLayout";
shadow.table[4385] = "NtBindCompositionSurface";
shadow.table[4386] = "NtCompositionInputThread";
shadow.table[4387] = "NtCompositionSetDropTarget";
shadow.table[4388] = "NtCreateCompositionInputSink";
shadow.table[4389] = "NtCreateCompositionSurfaceHandle";
shadow.table[4390] = "NtCreateImplicitCompositionInputSink";
shadow.table[4391] = "NtDCompositionAddCrossDeviceVisualChild";
shadow.table[4392] = "NtDCompositionAddVisualChild";
shadow.table[4393] = "NtDCompositionAttachMouseWheelToHwnd";
shadow.table[4394] = "NtDCompositionBeginFrame";
shadow.table[4395] = "NtDCompositionCapturePointer";
shadow.table[4396] = "NtDCompositionCommitChannel";
shadow.table[4397] = "NtDCompositionConfirmFrame";
shadow.table[4398] = "NtDCompositionConnectPipe";
shadow.table[4399] = "NtDCompositionCreateAndBindSharedSection";
shadow.table[4400] = "NtDCompositionCreateChannel";
shadow.table[4401] = "NtDCompositionCreateConnection";
shadow.table[4402] = "NtDCompositionCreateDwmChannel";
shadow.table[4403] = "NtDCompositionCreateResource";
shadow.table[4404] = "NtDCompositionCurrentBatchId";
shadow.table[4405] = "NtDCompositionDestroyChannel";
shadow.table[4406] = "NtDCompositionDestroyConnection";
shadow.table[4407] = "NtDCompositionDiscardFrame";
shadow.table[4408] = "NtDCompositionDuplicateHandleToProcess";
shadow.table[4409] = "NtDCompositionDuplicateSwapchainHandleToDwm";
shadow.table[4410] = "NtDCompositionEnableDDASupport";
shadow.table[4411] = "NtDCompositionEnableMMCSS";
shadow.table[4412] = "NtDCompositionGetAnimationTime";
shadow.table[4413] = "NtDCompositionGetChannels";
shadow.table[4414] = "NtDCompositionGetConnectionBatch";
shadow.table[4415] = "NtDCompositionGetDeletedResources";
shadow.table[4416] = "NtDCompositionGetFrameLegacyTokens";
shadow.table[4417] = "NtDCompositionGetFrameStatistics";
shadow.table[4418] = "NtDCompositionGetFrameSurfaceUpdates";
shadow.table[4419] = "NtDCompositionOpenSharedResource";
shadow.table[4420] = "NtDCompositionOpenSharedResourceHandle";
shadow.table[4421] = "NtDCompositionReferenceSharedResourceOnDwmChannel";
shadow.table[4422] = "NtDCompositionRegisterThumbnailVisual";
shadow.table[4423] = "NtDCompositionRegisterVirtualDesktopVisual";
shadow.table[4424] = "NtDCompositionReleaseAllResources";
shadow.table[4425] = "NtDCompositionReleaseResource";
shadow.table[4426] = "NtDCompositionRemoveCrossDeviceVisualChild";
shadow.table[4427] = "NtDCompositionRemoveVisualChild";
shadow.table[4428] = "NtDCompositionReplaceVisualChildren";
shadow.table[4429] = "NtDCompositionRetireFrame";
shadow.table[4430] = "NtDCompositionSetChannelCallbackId";
shadow.table[4431] = "NtDCompositionSetChannelCommitCompletionEvent";
shadow.table[4432] = "NtDCompositionSetDebugCounter";
shadow.table[4433] = "NtDCompositionSetResourceAnimationProperty";
shadow.table[4434] = "NtDCompositionSetResourceBufferProperty";
shadow.table[4435] = "NtDCompositionSetResourceCallbackId";
shadow.table[4436] = "NtDCompositionSetResourceDeletedNotificationTag";
shadow.table[4437] = "NtDCompositionSetResourceFloatProperty";
shadow.table[4438] = "NtDCompositionSetResourceHandleProperty";
shadow.table[4439] = "NtDCompositionSetResourceIntegerProperty";
shadow.table[4440] = "NtDCompositionSetResourceReferenceArrayProperty";
shadow.table[4441] = "NtDCompositionSetResourceReferenceProperty";
shadow.table[4442] = "NtDCompositionSetVisualInputSink";
shadow.table[4443] = "NtDCompositionSubmitDWMBatch";
shadow.table[4444] = "NtDCompositionSynchronize";
shadow.table[4445] = "NtDCompositionTelemetryAnimationScenarioBegin";
shadow.table[4446] = "NtDCompositionTelemetryAnimationScenarioReference";
shadow.table[4447] = "NtDCompositionTelemetryAnimationScenarioUnreference";
shadow.table[4448] = "NtDCompositionTelemetrySetApplicationId";
shadow.table[4449] = "NtDCompositionTelemetryTouchInteractionBegin";
shadow.table[4450] = "NtDCompositionTelemetryTouchInteractionEnd";
shadow.table[4451] = "NtDCompositionTelemetryTouchInteractionUpdate";
shadow.table[4452] = "NtDCompositionUpdatePointerCapture";
shadow.table[4453] = "NtDCompositionWaitForChannel";
shadow.table[4454] = "NtDesktopCaptureBits";
shadow.table[4455] = "NtDuplicateCompositionInputSink";
shadow.table[4456] = "NtGdiAbortDoc";
shadow.table[4457] = "NtGdiAbortPath";
shadow.table[4458] = "NtGdiAddEmbFontToDC";
shadow.table[4459] = "NtGdiAddFontResourceW";
shadow.table[4460] = "NtGdiAddRemoteFontToDC";
shadow.table[4461] = "NtGdiAddRemoteMMInstanceToDC";
shadow.table[4462] = "NtGdiAngleArc";
shadow.table[4463] = "NtGdiAnyLinkedFonts";
shadow.table[4464] = "NtGdiArcInternal";
shadow.table[4465] = "NtGdiBRUSHOBJ_DeleteRbrush";
shadow.table[4466] = "NtGdiBRUSHOBJ_hGetColorTransform";
shadow.table[4467] = "NtGdiBRUSHOBJ_pvAllocRbrush";
shadow.table[4468] = "NtGdiBRUSHOBJ_pvGetRbrush";
shadow.table[4469] = "NtGdiBRUSHOBJ_ulGetBrushColor";
shadow.table[4470] = "NtGdiBeginGdiRendering";
shadow.table[4471] = "NtGdiCLIPOBJ_bEnum";
shadow.table[4472] = "NtGdiCLIPOBJ_cEnumStart";
shadow.table[4473] = "NtGdiCLIPOBJ_ppoGetPath";
shadow.table[4474] = "NtGdiCancelDC";
shadow.table[4475] = "NtGdiChangeGhostFont";
shadow.table[4476] = "NtGdiCheckBitmapBits";
shadow.table[4477] = "NtGdiClearBitmapAttributes";
shadow.table[4478] = "NtGdiClearBrushAttributes";
shadow.table[4479] = "NtGdiColorCorrectPalette";
shadow.table[4480] = "NtGdiConfigureOPMProtectedOutput";
shadow.table[4481] = "NtGdiConvertMetafileRect";
shadow.table[4482] = "NtGdiCreateBitmapFromDxSurface";
shadow.table[4483] = "NtGdiCreateBitmapFromDxSurface2";
shadow.table[4484] = "NtGdiCreateColorTransform";
shadow.table[4485] = "NtGdiCreateEllipticRgn";
shadow.table[4486] = "NtGdiCreateHatchBrushInternal";
shadow.table[4487] = "NtGdiCreateMetafileDC";
shadow.table[4488] = "NtGdiCreateOPMProtectedOutputs";
shadow.table[4489] = "NtGdiCreateRoundRectRgn";
shadow.table[4490] = "NtGdiCreateServerMetaFile";
shadow.table[4491] = "NtGdiCreateSessionMappedDIBSection";
shadow.table[4492] = "NtGdiD3dContextCreate";
shadow.table[4493] = "NtGdiD3dContextDestroy";
shadow.table[4494] = "NtGdiD3dContextDestroyAll";
shadow.table[4495] = "NtGdiD3dValidateTextureStageState";
shadow.table[4496] = "NtGdiDDCCIGetCapabilitiesString";
shadow.table[4497] = "NtGdiDDCCIGetCapabilitiesStringLength";
shadow.table[4498] = "NtGdiDDCCIGetTimingReport";
shadow.table[4499] = "NtGdiDDCCIGetVCPFeature";
shadow.table[4500] = "NtGdiDDCCISaveCurrentSettings";
shadow.table[4501] = "NtGdiDDCCISetVCPFeature";
shadow.table[4502] = "NtGdiDdAddAttachedSurface";
shadow.table[4503] = "NtGdiDdAlphaBlt";
shadow.table[4504] = "NtGdiDdAttachSurface";
shadow.table[4505] = "NtGdiDdBeginMoCompFrame";
shadow.table[4506] = "NtGdiDdCanCreateD3DBuffer";
shadow.table[4507] = "NtGdiDdColorControl";
shadow.table[4508] = "NtGdiDdCreateD3DBuffer";
shadow.table[4509] = "NtGdiDdCreateDirectDrawObject";
shadow.table[4510] = "NtGdiDdCreateFullscreenSprite";
shadow.table[4511] = "NtGdiDdCreateMoComp";
shadow.table[4512] = "NtGdiDdDDIAbandonSwapChain";
shadow.table[4513] = "NtGdiDdDDIAcquireKeyedMutex";
shadow.table[4514] = "NtGdiDdDDIAcquireKeyedMutex2";
shadow.table[4515] = "NtGdiDdDDIAcquireSwapChain";
shadow.table[4516] = "NtGdiDdDDIAdjustFullscreenGamma";
shadow.table[4517] = "NtGdiDdDDICacheHybridQueryValue";
shadow.table[4518] = "NtGdiDdDDIChangeVideoMemoryReservation";
shadow.table[4519] = "NtGdiDdDDICheckExclusiveOwnership";
shadow.table[4520] = "NtGdiDdDDICheckMonitorPowerState";
shadow.table[4521] = "NtGdiDdDDICheckMultiPlaneOverlaySupport";
shadow.table[4522] = "NtGdiDdDDICheckMultiPlaneOverlaySupport2";
shadow.table[4523] = "NtGdiDdDDICheckOcclusion";
shadow.table[4524] = "NtGdiDdDDICheckSharedResourceAccess";
shadow.table[4525] = "NtGdiDdDDICheckVidPnExclusiveOwnership";
shadow.table[4526] = "NtGdiDdDDICloseAdapter";
shadow.table[4527] = "NtGdiDdDDIConfigureSharedResource";
shadow.table[4528] = "NtGdiDdDDICreateAllocation";
shadow.table[4529] = "NtGdiDdDDICreateContext";
shadow.table[4530] = "NtGdiDdDDICreateContextVirtual";
shadow.table[4531] = "NtGdiDdDDICreateDCFromMemory";
shadow.table[4532] = "NtGdiDdDDICreateDevice";
shadow.table[4533] = "NtGdiDdDDICreateKeyedMutex";
shadow.table[4534] = "NtGdiDdDDICreateKeyedMutex2";
shadow.table[4535] = "NtGdiDdDDICreateOutputDupl";
shadow.table[4536] = "NtGdiDdDDICreateOverlay";
shadow.table[4537] = "NtGdiDdDDICreatePagingQueue";
shadow.table[4538] = "NtGdiDdDDICreateSwapChain";
shadow.table[4539] = "NtGdiDdDDICreateSynchronizationObject";
shadow.table[4540] = "NtGdiDdDDIDestroyAllocation";
shadow.table[4541] = "NtGdiDdDDIDestroyAllocation2";
shadow.table[4542] = "NtGdiDdDDIDestroyContext";
shadow.table[4543] = "NtGdiDdDDIDestroyDCFromMemory";
shadow.table[4544] = "NtGdiDdDDIDestroyDevice";
shadow.table[4545] = "NtGdiDdDDIDestroyKeyedMutex";
shadow.table[4546] = "NtGdiDdDDIDestroyOutputDupl";
shadow.table[4547] = "NtGdiDdDDIDestroyOverlay";
shadow.table[4548] = "NtGdiDdDDIDestroyPagingQueue";
shadow.table[4549] = "NtGdiDdDDIDestroySynchronizationObject";
shadow.table[4550] = "NtGdiDdDDIEnumAdapters";
shadow.table[4551] = "NtGdiDdDDIEnumAdapters2";
shadow.table[4552] = "NtGdiDdDDIEscape";
shadow.table[4553] = "NtGdiDdDDIEvict";
shadow.table[4554] = "NtGdiDdDDIFlipOverlay";
shadow.table[4555] = "NtGdiDdDDIFlushHeapTransitions";
shadow.table[4556] = "NtGdiDdDDIFreeGpuVirtualAddress";
shadow.table[4557] = "NtGdiDdDDIGetCachedHybridQueryValue";
shadow.table[4558] = "NtGdiDdDDIGetContextInProcessSchedulingPriority";
shadow.table[4559] = "NtGdiDdDDIGetContextSchedulingPriority";
shadow.table[4560] = "NtGdiDdDDIGetDWMVerticalBlankEvent";
shadow.table[4561] = "NtGdiDdDDIGetDeviceState";
shadow.table[4562] = "NtGdiDdDDIGetDisplayModeList";
shadow.table[4563] = "NtGdiDdDDIGetMultisampleMethodList";
shadow.table[4564] = "NtGdiDdDDIGetOverlayState";
shadow.table[4565] = "NtGdiDdDDIGetPresentHistory";
shadow.table[4566] = "NtGdiDdDDIGetPresentQueueEvent";
shadow.table[4567] = "NtGdiDdDDIGetProcessSchedulingPriorityClass";
shadow.table[4568] = "NtGdiDdDDIGetResourcePresentPrivateDriverData";
shadow.table[4569] = "NtGdiDdDDIGetRuntimeData";
shadow.table[4570] = "NtGdiDdDDIGetScanLine";
shadow.table[4571] = "NtGdiDdDDIGetSetSwapChainMetadata";
shadow.table[4572] = "NtGdiDdDDIGetSharedPrimaryHandle";
shadow.table[4573] = "NtGdiDdDDIGetSharedResourceAdapterLuid";
shadow.table[4574] = "NtGdiDdDDIInvalidateActiveVidPn";
shadow.table[4575] = "NtGdiDdDDIInvalidateCache";
shadow.table[4576] = "NtGdiDdDDILock";
shadow.table[4577] = "NtGdiDdDDILock2";
shadow.table[4578] = "NtGdiDdDDIMakeResident";
shadow.table[4579] = "NtGdiDdDDIMapGpuVirtualAddress";
shadow.table[4580] = "NtGdiDdDDIMarkDeviceAsError";
shadow.table[4581] = "NtGdiDdDDINetDispGetNextChunkInfo";
shadow.table[4582] = "NtGdiDdDDINetDispQueryMiracastDisplayDeviceStatus";
shadow.table[4583] = "NtGdiDdDDINetDispQueryMiracastDisplayDeviceSupport";
shadow.table[4584] = "NtGdiDdDDINetDispStartMiracastDisplayDevice";
shadow.table[4585] = "NtGdiDdDDINetDispStopMiracastDisplayDevice";
shadow.table[4586] = "NtGdiDdDDINetDispStopSessions";
shadow.table[4587] = "NtGdiDdDDIOfferAllocations";
shadow.table[4588] = "NtGdiDdDDIOpenAdapterFromDeviceName";
shadow.table[4589] = "NtGdiDdDDIOpenAdapterFromHdc";
shadow.table[4590] = "NtGdiDdDDIOpenAdapterFromLuid";
shadow.table[4591] = "NtGdiDdDDIOpenKeyedMutex";
shadow.table[4592] = "NtGdiDdDDIOpenKeyedMutex2";
shadow.table[4593] = "NtGdiDdDDIOpenNtHandleFromName";
shadow.table[4594] = "NtGdiDdDDIOpenResource";
shadow.table[4595] = "NtGdiDdDDIOpenResourceFromNtHandle";
shadow.table[4596] = "NtGdiDdDDIOpenSwapChain";
shadow.table[4597] = "NtGdiDdDDIOpenSyncObjectFromNtHandle";
shadow.table[4598] = "NtGdiDdDDIOpenSyncObjectFromNtHandle2";
shadow.table[4599] = "NtGdiDdDDIOpenSyncObjectNtHandleFromName";
shadow.table[4600] = "NtGdiDdDDIOpenSynchronizationObject";
shadow.table[4601] = "NtGdiDdDDIOutputDuplGetFrameInfo";
shadow.table[4602] = "NtGdiDdDDIOutputDuplGetMetaData";
shadow.table[4603] = "NtGdiDdDDIOutputDuplGetPointerShapeData";
shadow.table[4604] = "NtGdiDdDDIOutputDuplPresent";
shadow.table[4605] = "NtGdiDdDDIOutputDuplReleaseFrame";
shadow.table[4606] = "NtGdiDdDDIPinDirectFlipResources";
shadow.table[4607] = "NtGdiDdDDIPollDisplayChildren";
shadow.table[4608] = "NtGdiDdDDIPresent";
shadow.table[4609] = "NtGdiDdDDIPresentMultiPlaneOverlay";
shadow.table[4610] = "NtGdiDdDDIPresentMultiPlaneOverlay2";
shadow.table[4611] = "NtGdiDdDDIQueryAdapterInfo";
shadow.table[4612] = "NtGdiDdDDIQueryAllocationResidency";
shadow.table[4613] = "NtGdiDdDDIQueryClockCalibration";
shadow.table[4614] = "NtGdiDdDDIQueryRemoteVidPnSourceFromGdiDisplayName";
shadow.table[4615] = "NtGdiDdDDIQueryResourceInfo";
shadow.table[4616] = "NtGdiDdDDIQueryResourceInfoFromNtHandle";
shadow.table[4617] = "NtGdiDdDDIQueryStatistics";
shadow.table[4618] = "NtGdiDdDDIQueryVidPnExclusiveOwnership";
shadow.table[4619] = "NtGdiDdDDIQueryVideoMemoryInfo";
shadow.table[4620] = "NtGdiDdDDIReclaimAllocations";
shadow.table[4621] = "NtGdiDdDDIReclaimAllocations2";
shadow.table[4622] = "NtGdiDdDDIReleaseKeyedMutex";
shadow.table[4623] = "NtGdiDdDDIReleaseKeyedMutex2";
shadow.table[4624] = "NtGdiDdDDIReleaseProcessVidPnSourceOwners";
shadow.table[4625] = "NtGdiDdDDIReleaseSwapChain";
shadow.table[4626] = "NtGdiDdDDIRender";
shadow.table[4627] = "NtGdiDdDDIReserveGpuVirtualAddress";
shadow.table[4628] = "NtGdiDdDDISetAllocationPriority";
shadow.table[4629] = "NtGdiDdDDISetContextInProcessSchedulingPriority";
shadow.table[4630] = "NtGdiDdDDISetContextSchedulingPriority";
shadow.table[4631] = "NtGdiDdDDISetDisplayMode";
shadow.table[4632] = "NtGdiDdDDISetDisplayPrivateDriverFormat";
shadow.table[4633] = "NtGdiDdDDISetDodIndirectSwapchain";
shadow.table[4634] = "NtGdiDdDDISetGammaRamp";
shadow.table[4635] = "NtGdiDdDDISetHwProtectionTeardownRecovery";
shadow.table[4636] = "NtGdiDdDDISetProcessSchedulingPriorityClass";
shadow.table[4637] = "NtGdiDdDDISetQueuedLimit";
shadow.table[4638] = "NtGdiDdDDISetStablePowerState";
shadow.table[4639] = "NtGdiDdDDISetStereoEnabled";
shadow.table[4640] = "NtGdiDdDDISetSyncRefreshCountWaitTarget";
shadow.table[4641] = "NtGdiDdDDISetVidPnSourceHwProtection";
shadow.table[4642] = "NtGdiDdDDISetVidPnSourceOwner";
shadow.table[4643] = "NtGdiDdDDISetVidPnSourceOwner1";
shadow.table[4644] = "NtGdiDdDDIShareObjects";
shadow.table[4645] = "NtGdiDdDDISharedPrimaryLockNotification";
shadow.table[4646] = "NtGdiDdDDISharedPrimaryUnLockNotification";
shadow.table[4647] = "NtGdiDdDDISignalSynchronizationObject";
shadow.table[4648] = "NtGdiDdDDISignalSynchronizationObjectFromCpu";
shadow.table[4649] = "NtGdiDdDDISignalSynchronizationObjectFromGpu";
shadow.table[4650] = "NtGdiDdDDISignalSynchronizationObjectFromGpu2";
shadow.table[4651] = "NtGdiDdDDISubmitCommand";
shadow.table[4652] = "NtGdiDdDDIUnlock";
shadow.table[4653] = "NtGdiDdDDIUnlock2";
shadow.table[4654] = "NtGdiDdDDIUnpinDirectFlipResources";
shadow.table[4655] = "NtGdiDdDDIUpdateGpuVirtualAddress";
shadow.table[4656] = "NtGdiDdDDIUpdateOverlay";
shadow.table[4657] = "NtGdiDdDDIWaitForIdle";
shadow.table[4658] = "NtGdiDdDDIWaitForSynchronizationObject";
shadow.table[4659] = "NtGdiDdDDIWaitForSynchronizationObjectFromCpu";
shadow.table[4660] = "NtGdiDdDDIWaitForSynchronizationObjectFromGpu";
shadow.table[4661] = "NtGdiDdDDIWaitForVerticalBlankEvent";
shadow.table[4662] = "NtGdiDdDDIWaitForVerticalBlankEvent2";
shadow.table[4663] = "NtGdiDdDeleteDirectDrawObject";
shadow.table[4664] = "NtGdiDdDestroyD3DBuffer";
shadow.table[4665] = "NtGdiDdDestroyFullscreenSprite";
shadow.table[4666] = "NtGdiDdDestroyMoComp";
shadow.table[4667] = "NtGdiDdEndMoCompFrame";
shadow.table[4668] = "NtGdiDdFlip";
shadow.table[4669] = "NtGdiDdFlipToGDISurface";
shadow.table[4670] = "NtGdiDdGetAvailDriverMemory";
shadow.table[4671] = "NtGdiDdGetBltStatus";
shadow.table[4672] = "NtGdiDdGetDC";
shadow.table[4673] = "NtGdiDdGetDriverInfo";
shadow.table[4674] = "NtGdiDdGetDriverState";
shadow.table[4675] = "NtGdiDdGetDxHandle";
shadow.table[4676] = "NtGdiDdGetFlipStatus";
shadow.table[4677] = "NtGdiDdGetInternalMoCompInfo";
shadow.table[4678] = "NtGdiDdGetMoCompBuffInfo";
shadow.table[4679] = "NtGdiDdGetMoCompFormats";
shadow.table[4680] = "NtGdiDdGetMoCompGuids";
shadow.table[4681] = "NtGdiDdGetScanLine";
shadow.table[4682] = "NtGdiDdLock";
shadow.table[4683] = "NtGdiDdNotifyFullscreenSpriteUpdate";
shadow.table[4684] = "NtGdiDdQueryDirectDrawObject";
shadow.table[4685] = "NtGdiDdQueryMoCompStatus";
shadow.table[4686] = "NtGdiDdQueryVisRgnUniqueness";
shadow.table[4687] = "NtGdiDdReenableDirectDrawObject";
shadow.table[4688] = "NtGdiDdReleaseDC";
shadow.table[4689] = "NtGdiDdRenderMoComp";
shadow.table[4690] = "NtGdiDdSetColorKey";
shadow.table[4691] = "NtGdiDdSetExclusiveMode";
shadow.table[4692] = "NtGdiDdSetGammaRamp";
shadow.table[4693] = "NtGdiDdSetOverlayPosition";
shadow.table[4694] = "NtGdiDdUnattachSurface";
shadow.table[4695] = "NtGdiDdUnlock";
shadow.table[4696] = "NtGdiDdUpdateOverlay";
shadow.table[4697] = "NtGdiDdWaitForVerticalBlank";
shadow.table[4698] = "NtGdiDeleteColorTransform";
shadow.table[4699] = "NtGdiDescribePixelFormat";
shadow.table[4700] = "NtGdiDestroyOPMProtectedOutput";
shadow.table[4701] = "NtGdiDestroyPhysicalMonitor";
shadow.table[4702] = "NtGdiDoBanding";
shadow.table[4703] = "NtGdiDrawEscape";
shadow.table[4704] = "NtGdiDvpAcquireNotification";
shadow.table[4705] = "NtGdiDvpCanCreateVideoPort";
shadow.table[4706] = "NtGdiDvpColorControl";
shadow.table[4707] = "NtGdiDvpCreateVideoPort";
shadow.table[4708] = "NtGdiDvpDestroyVideoPort";
shadow.table[4709] = "NtGdiDvpFlipVideoPort";
shadow.table[4710] = "NtGdiDvpGetVideoPortBandwidth";
shadow.table[4711] = "NtGdiDvpGetVideoPortConnectInfo";
shadow.table[4712] = "NtGdiDvpGetVideoPortField";
shadow.table[4713] = "NtGdiDvpGetVideoPortFlipStatus";
shadow.table[4714] = "NtGdiDvpGetVideoPortInputFormats";
shadow.table[4715] = "NtGdiDvpGetVideoPortLine";
shadow.table[4716] = "NtGdiDvpGetVideoPortOutputFormats";
shadow.table[4717] = "NtGdiDvpGetVideoSignalStatus";
shadow.table[4718] = "NtGdiDvpReleaseNotification";
shadow.table[4719] = "NtGdiDvpUpdateVideoPort";
shadow.table[4720] = "NtGdiDvpWaitForVideoPortSync";
shadow.table[4721] = "NtGdiDwmCreatedBitmapRemotingOutput";
shadow.table[4722] = "NtGdiDxgGenericThunk";
shadow.table[4723] = "NtGdiEllipse";
shadow.table[4724] = "NtGdiEnableEudc";
shadow.table[4725] = "NtGdiEndDoc";
shadow.table[4726] = "NtGdiEndGdiRendering";
shadow.table[4727] = "NtGdiEndPage";
shadow.table[4728] = "NtGdiEngAlphaBlend";
shadow.table[4729] = "NtGdiEngAssociateSurface";
shadow.table[4730] = "NtGdiEngBitBlt";
shadow.table[4731] = "NtGdiEngCheckAbort";
shadow.table[4732] = "NtGdiEngComputeGlyphSet";
shadow.table[4733] = "NtGdiEngCopyBits";
shadow.table[4734] = "NtGdiEngCreateBitmap";
shadow.table[4735] = "NtGdiEngCreateClip";
shadow.table[4736] = "NtGdiEngCreateDeviceBitmap";
shadow.table[4737] = "NtGdiEngCreateDeviceSurface";
shadow.table[4738] = "NtGdiEngCreatePalette";
shadow.table[4739] = "NtGdiEngDeleteClip";
shadow.table[4740] = "NtGdiEngDeletePalette";
shadow.table[4741] = "NtGdiEngDeletePath";
shadow.table[4742] = "NtGdiEngDeleteSurface";
shadow.table[4743] = "NtGdiEngEraseSurface";
shadow.table[4744] = "NtGdiEngFillPath";
shadow.table[4745] = "NtGdiEngGradientFill";
shadow.table[4746] = "NtGdiEngLineTo";
shadow.table[4747] = "NtGdiEngLockSurface";
shadow.table[4748] = "NtGdiEngMarkBandingSurface";
shadow.table[4749] = "NtGdiEngPaint";
shadow.table[4750] = "NtGdiEngPlgBlt";
shadow.table[4751] = "NtGdiEngStretchBlt";
shadow.table[4752] = "NtGdiEngStretchBltROP";
shadow.table[4753] = "NtGdiEngStrokeAndFillPath";
shadow.table[4754] = "NtGdiEngStrokePath";
shadow.table[4755] = "NtGdiEngTextOut";
shadow.table[4756] = "NtGdiEngTransparentBlt";
shadow.table[4757] = "NtGdiEngUnlockSurface";
shadow.table[4758] = "NtGdiEnumFonts";
shadow.table[4759] = "NtGdiEnumObjects";
shadow.table[4760] = "NtGdiEudcLoadUnloadLink";
shadow.table[4761] = "NtGdiExtFloodFill";
shadow.table[4762] = "NtGdiFONTOBJ_cGetAllGlyphHandles";
shadow.table[4763] = "NtGdiFONTOBJ_cGetGlyphs";
shadow.table[4764] = "NtGdiFONTOBJ_pQueryGlyphAttrs";
shadow.table[4765] = "NtGdiFONTOBJ_pfdg";
shadow.table[4766] = "NtGdiFONTOBJ_pifi";
shadow.table[4767] = "NtGdiFONTOBJ_pvTrueTypeFontFile";
shadow.table[4768] = "NtGdiFONTOBJ_pxoGetXform";
shadow.table[4769] = "NtGdiFONTOBJ_vGetInfo";
shadow.table[4770] = "NtGdiFlattenPath";
shadow.table[4771] = "NtGdiFontIsLinked";
shadow.table[4772] = "NtGdiForceUFIMapping";
shadow.table[4773] = "NtGdiFrameRgn";
shadow.table[4774] = "NtGdiFullscreenControl";
shadow.table[4775] = "NtGdiGetBoundsRect";
shadow.table[4776] = "NtGdiGetCOPPCompatibleOPMInformation";
shadow.table[4777] = "NtGdiGetCertificate";
shadow.table[4778] = "NtGdiGetCertificateByHandle";
shadow.table[4779] = "NtGdiGetCertificateSize";
shadow.table[4780] = "NtGdiGetCertificateSizeByHandle";
shadow.table[4781] = "NtGdiGetCharABCWidthsW";
shadow.table[4782] = "NtGdiGetCharacterPlacementW";
shadow.table[4783] = "NtGdiGetColorAdjustment";
shadow.table[4784] = "NtGdiGetColorSpaceforBitmap";
shadow.table[4785] = "NtGdiGetCurrentDpiInfo";
shadow.table[4786] = "NtGdiGetDeviceCaps";
shadow.table[4787] = "NtGdiGetDeviceCapsAll";
shadow.table[4788] = "NtGdiGetDeviceGammaRamp";
shadow.table[4789] = "NtGdiGetDeviceWidth";
shadow.table[4790] = "NtGdiGetDhpdev";
shadow.table[4791] = "NtGdiGetETM";
shadow.table[4792] = "NtGdiGetEmbUFI";
shadow.table[4793] = "NtGdiGetEmbedFonts";
shadow.table[4794] = "NtGdiGetEudcTimeStampEx";
shadow.table[4795] = "NtGdiGetFontFileData";
shadow.table[4796] = "NtGdiGetFontFileInfo";
shadow.table[4797] = "NtGdiGetFontResourceInfoInternalW";
shadow.table[4798] = "NtGdiGetFontUnicodeRanges";
shadow.table[4799] = "NtGdiGetGlyphIndicesW";
shadow.table[4800] = "NtGdiGetGlyphIndicesWInternal";
shadow.table[4801] = "NtGdiGetGlyphOutline";
shadow.table[4802] = "NtGdiGetKerningPairs";
shadow.table[4803] = "NtGdiGetLinkedUFIs";
shadow.table[4804] = "NtGdiGetMiterLimit";
shadow.table[4805] = "NtGdiGetMonitorID";
shadow.table[4806] = "NtGdiGetNumberOfPhysicalMonitors";
shadow.table[4807] = "NtGdiGetOPMInformation";
shadow.table[4808] = "NtGdiGetOPMRandomNumber";
shadow.table[4809] = "NtGdiGetObjectBitmapHandle";
shadow.table[4810] = "NtGdiGetPath";
shadow.table[4811] = "NtGdiGetPerBandInfo";
shadow.table[4812] = "NtGdiGetPhysicalMonitorDescription";
shadow.table[4813] = "NtGdiGetPhysicalMonitors";
shadow.table[4814] = "NtGdiGetRealizationInfo";
shadow.table[4815] = "NtGdiGetServerMetaFileBits";
shadow.table[4816] = "NtGdiGetSpoolMessage";
shadow.table[4817] = "NtGdiGetStats";
shadow.table[4818] = "NtGdiGetStringBitmapW";
shadow.table[4819] = "NtGdiGetSuggestedOPMProtectedOutputArraySize";
shadow.table[4820] = "NtGdiGetTextExtentExW";
shadow.table[4821] = "NtGdiGetUFI";
shadow.table[4822] = "NtGdiGetUFIPathname";
shadow.table[4823] = "NtGdiGradientFill";
shadow.table[4824] = "NtGdiHLSurfGetInformation";
shadow.table[4825] = "NtGdiHLSurfSetInformation";
shadow.table[4826] = "NtGdiHT_Get8BPPFormatPalette";
shadow.table[4827] = "NtGdiHT_Get8BPPMaskPalette";
shadow.table[4828] = "NtGdiIcmBrushInfo";
shadow.table[4829] = "NtGdiInit";
shadow.table[4830] = "NtGdiInitSpool";
shadow.table[4831] = "NtGdiMakeFontDir";
shadow.table[4832] = "NtGdiMakeInfoDC";
shadow.table[4833] = "NtGdiMakeObjectUnXferable";
shadow.table[4834] = "NtGdiMakeObjectXferable";
shadow.table[4835] = "NtGdiMirrorWindowOrg";
shadow.table[4836] = "NtGdiMonoBitmap";
shadow.table[4837] = "NtGdiMoveTo";
shadow.table[4838] = "NtGdiOffsetClipRgn";
shadow.table[4839] = "NtGdiPATHOBJ_bEnum";
shadow.table[4840] = "NtGdiPATHOBJ_bEnumClipLines";
shadow.table[4841] = "NtGdiPATHOBJ_vEnumStart";
shadow.table[4842] = "NtGdiPATHOBJ_vEnumStartClipLines";
shadow.table[4843] = "NtGdiPATHOBJ_vGetBounds";
shadow.table[4844] = "NtGdiPathToRegion";
shadow.table[4845] = "NtGdiPlgBlt";
shadow.table[4846] = "NtGdiPolyDraw";
shadow.table[4847] = "NtGdiPolyTextOutW";
shadow.table[4848] = "NtGdiPtInRegion";
shadow.table[4849] = "NtGdiPtVisible";
shadow.table[4850] = "NtGdiQueryFonts";
shadow.table[4851] = "NtGdiRemoveFontResourceW";
shadow.table[4852] = "NtGdiRemoveMergeFont";
shadow.table[4853] = "NtGdiResetDC";
shadow.table[4854] = "NtGdiResizePalette";
shadow.table[4855] = "NtGdiRoundRect";
shadow.table[4856] = "NtGdiSTROBJ_bEnum";
shadow.table[4857] = "NtGdiSTROBJ_bEnumPositionsOnly";
shadow.table[4858] = "NtGdiSTROBJ_bGetAdvanceWidths";
shadow.table[4859] = "NtGdiSTROBJ_dwGetCodePage";
shadow.table[4860] = "NtGdiSTROBJ_vEnumStart";
shadow.table[4861] = "NtGdiScaleViewportExtEx";
shadow.table[4862] = "NtGdiScaleWindowExtEx";
shadow.table[4863] = "NtGdiSelectBrush";
shadow.table[4864] = "NtGdiSelectClipPath";
shadow.table[4865] = "NtGdiSelectPen";
shadow.table[4866] = "NtGdiSetBitmapAttributes";
shadow.table[4867] = "NtGdiSetBrushAttributes";
shadow.table[4868] = "NtGdiSetColorAdjustment";
shadow.table[4869] = "NtGdiSetColorSpace";
shadow.table[4870] = "NtGdiSetDeviceGammaRamp";
shadow.table[4871] = "NtGdiSetFontXform";
shadow.table[4872] = "NtGdiSetIcmMode";
shadow.table[4873] = "NtGdiSetLinkedUFIs";
shadow.table[4874] = "NtGdiSetMagicColors";
shadow.table[4875] = "NtGdiSetOPMSigningKeyAndSequenceNumbers";
shadow.table[4876] = "NtGdiSetPUMPDOBJ";
shadow.table[4877] = "NtGdiSetPixelFormat";
shadow.table[4878] = "NtGdiSetRectRgn";
shadow.table[4879] = "NtGdiSetSizeDevice";
shadow.table[4880] = "NtGdiSetSystemPaletteUse";
shadow.table[4881] = "NtGdiSetTextJustification";
shadow.table[4882] = "NtGdiSetUMPDSandboxState";
shadow.table[4883] = "NtGdiStartDoc";
shadow.table[4884] = "NtGdiStartPage";
shadow.table[4885] = "NtGdiStrokeAndFillPath";
shadow.table[4886] = "NtGdiStrokePath";
shadow.table[4887] = "NtGdiSwapBuffers";
shadow.table[4888] = "NtGdiTransparentBlt";
shadow.table[4889] = "NtGdiUMPDEngFreeUserMem";
shadow.table[4890] = "NtGdiUnloadPrinterDriver";
shadow.table[4891] = "NtGdiUnmapMemFont";
shadow.table[4892] = "NtGdiUpdateColors";
shadow.table[4893] = "NtGdiUpdateTransform";
shadow.table[4894] = "NtGdiWidenPath";
shadow.table[4895] = "NtGdiXFORMOBJ_bApplyXform";
shadow.table[4896] = "NtGdiXFORMOBJ_iGetXform";
shadow.table[4897] = "NtGdiXLATEOBJ_cGetPalette";
shadow.table[4898] = "NtGdiXLATEOBJ_hGetColorTransform";
shadow.table[4899] = "NtGdiXLATEOBJ_iXlate";
shadow.table[4900] = "NtHWCursorUpdatePointer";
shadow.table[4901] = "NtNotifyPresentToCompositionSurface";
shadow.table[4902] = "NtOpenCompositionSurfaceDirtyRegion";
shadow.table[4903] = "NtOpenCompositionSurfaceSectionInfo";
shadow.table[4904] = "NtOpenCompositionSurfaceSwapChainHandleInfo";
shadow.table[4905] = "NtQueryCompositionInputIsImplicit";
shadow.table[4906] = "NtQueryCompositionInputQueueAndTransform";
shadow.table[4907] = "NtQueryCompositionInputSink";
shadow.table[4908] = "NtQueryCompositionInputSinkLuid";
shadow.table[4909] = "NtQueryCompositionInputSinkViewId";
shadow.table[4910] = "NtQueryCompositionSurfaceBinding";
shadow.table[4911] = "NtQueryCompositionSurfaceRenderingRealization";
shadow.table[4912] = "NtQueryCompositionSurfaceStatistics";
shadow.table[4913] = "NtRIMAddInputObserver";
shadow.table[4914] = "NtRIMGetDevicePreparsedDataLockfree";
shadow.table[4915] = "NtRIMObserveNextInput";
shadow.table[4916] = "NtRIMRemoveInputObserver";
shadow.table[4917] = "NtRIMUpdateInputObserverRegistration";
shadow.table[4918] = "NtSetCompositionSurfaceAnalogExclusive";
shadow.table[4919] = "NtSetCompositionSurfaceBufferCompositionModeAndOrientation";
shadow.table[4920] = "NtSetCompositionSurfaceIndependentFlipInfo";
shadow.table[4921] = "NtSetCompositionSurfaceOutOfFrameDirectFlipNotification";
shadow.table[4922] = "NtSetCompositionSurfaceStatistics";
shadow.table[4923] = "NtTokenManagerConfirmOutstandingAnalogToken";
shadow.table[4924] = "NtTokenManagerCreateCompositionTokenHandle";
shadow.table[4925] = "NtTokenManagerDeleteOutstandingDirectFlipTokens";
shadow.table[4926] = "NtTokenManagerGetAnalogExclusiveSurfaceUpdates";
shadow.table[4927] = "NtTokenManagerGetAnalogExclusiveTokenEvent";
shadow.table[4928] = "NtTokenManagerGetOutOfFrameDirectFlipSurfaceUpdates";
shadow.table[4929] = "NtTokenManagerOpenSectionAndEvents";
shadow.table[4930] = "NtTokenManagerThread";
shadow.table[4931] = "NtUnBindCompositionSurface";
shadow.table[4932] = "NtUpdateInputSinkTransforms";
shadow.table[4933] = "NtUserAcquireIAMKey";
shadow.table[4934] = "NtUserAddClipboardFormatListener";
shadow.table[4935] = "NtUserAssociateInputContext";
shadow.table[4936] = "NtUserAutoPromoteMouseInPointer";
shadow.table[4937] = "NtUserAutoRotateScreen";
shadow.table[4938] = "NtUserBlockInput";
shadow.table[4939] = "NtUserBuildHimcList";
shadow.table[4940] = "NtUserBuildPropList";
shadow.table[4941] = "NtUserCalculatePopupWindowPosition";
shadow.table[4942] = "NtUserCallHwndOpt";
shadow.table[4943] = "NtUserCanBrokerForceForeground";
shadow.table[4944] = "NtUserChangeDisplaySettings";
shadow.table[4945] = "NtUserChangeWindowMessageFilterEx";
shadow.table[4946] = "NtUserCheckAccessForIntegrityLevel";
shadow.table[4947] = "NtUserCheckProcessForClipboardAccess";
shadow.table[4948] = "NtUserCheckProcessSession";
shadow.table[4949] = "NtUserCheckWindowThreadDesktop";
shadow.table[4950] = "NtUserChildWindowFromPointEx";
shadow.table[4951] = "NtUserClearForeground";
shadow.table[4952] = "NtUserClipCursor";
shadow.table[4953] = "NtUserCompositionInputSinkLuidFromPoint";
shadow.table[4954] = "NtUserCreateDCompositionHwndTarget";
shadow.table[4955] = "NtUserCreateDesktopEx";
shadow.table[4956] = "NtUserCreateInputContext";
shadow.table[4957] = "NtUserCreateWindowStation";
shadow.table[4958] = "NtUserCtxDisplayIOCtl";
shadow.table[4959] = "NtUserDeferWindowPosAndBand";
shadow.table[4960] = "NtUserDelegateCapturePointers";
shadow.table[4961] = "NtUserDelegateInput";
shadow.table[4962] = "NtUserDestroyDCompositionHwndTarget";
shadow.table[4963] = "NtUserDestroyInputContext";
shadow.table[4964] = "NtUserDisableImmersiveOwner";
shadow.table[4965] = "NtUserDisableProcessWindowFiltering";
shadow.table[4966] = "NtUserDisableThreadIme";
shadow.table[4967] = "NtUserDiscardPointerFrameMessages";
shadow.table[4968] = "NtUserDisplayConfigGetDeviceInfo";
shadow.table[4969] = "NtUserDisplayConfigSetDeviceInfo";
shadow.table[4970] = "NtUserDoSoundConnect";
shadow.table[4971] = "NtUserDoSoundDisconnect";
shadow.table[4972] = "NtUserDragDetect";
shadow.table[4973] = "NtUserDragObject";
shadow.table[4974] = "NtUserDrawAnimatedRects";
shadow.table[4975] = "NtUserDrawCaption";
shadow.table[4976] = "NtUserDrawCaptionTemp";
shadow.table[4977] = "NtUserDrawMenuBarTemp";
shadow.table[4978] = "NtUserDwmGetRemoteSessionOcclusionEvent";
shadow.table[4979] = "NtUserDwmGetRemoteSessionOcclusionState";
shadow.table[4980] = "NtUserDwmKernelShutdown";
shadow.table[4981] = "NtUserDwmKernelStartup";
shadow.table[4982] = "NtUserDwmValidateWindow";
shadow.table[4983] = "NtUserEnableChildWindowDpiMessage";
shadow.table[4984] = "NtUserEnableIAMAccess";
shadow.table[4985] = "NtUserEnableMouseInPointer";
shadow.table[4986] = "NtUserEnableMouseInputForCursorSuppression";
shadow.table[4987] = "NtUserEnableTouchPad";
shadow.table[4988] = "NtUserEndMenu";
shadow.table[4989] = "NtUserEvent";
shadow.table[4990] = "NtUserFlashWindowEx";
shadow.table[4991] = "NtUserFrostCrashedWindow";
shadow.table[4992] = "NtUserGetAppImeLevel";
shadow.table[4993] = "NtUserGetAutoRotationState";
shadow.table[4994] = "NtUserGetCIMSSM";
shadow.table[4995] = "NtUserGetCaretPos";
shadow.table[4996] = "NtUserGetClipCursor";
shadow.table[4997] = "NtUserGetClipboardAccessToken";
shadow.table[4998] = "NtUserGetClipboardViewer";
shadow.table[4999] = "NtUserGetComboBoxInfo";
shadow.table[5000] = "NtUserGetCurrentInputMessageSource";
shadow.table[5001] = "NtUserGetCursorDims";
shadow.table[5002] = "NtUserGetCursorInfo";
shadow.table[5003] = "NtUserGetDManipHookInitFunction";
shadow.table[5004] = "NtUserGetDesktopID";
shadow.table[5005] = "NtUserGetDisplayAutoRotationPreferences";
shadow.table[5006] = "NtUserGetDisplayAutoRotationPreferencesByProcessId";
shadow.table[5007] = "NtUserGetDisplayConfigBufferSizes";
shadow.table[5008] = "NtUserGetDpiForMonitor";
shadow.table[5009] = "NtUserGetDpiSystemMetrics";
shadow.table[5010] = "NtUserGetGestureConfig";
shadow.table[5011] = "NtUserGetGestureExtArgs";
shadow.table[5012] = "NtUserGetGestureInfo";
shadow.table[5013] = "NtUserGetGuiResources";
shadow.table[5014] = "NtUserGetHimetricScaleFactorFromPixelLocation";
shadow.table[5015] = "NtUserGetImeHotKey";
shadow.table[5016] = "NtUserGetImeInfoEx";
shadow.table[5017] = "NtUserGetInputLocaleInfo";
shadow.table[5018] = "NtUserGetInternalWindowPos";
shadow.table[5019] = "NtUserGetKeyNameText";
shadow.table[5020] = "NtUserGetKeyboardLayoutName";
shadow.table[5021] = "NtUserGetLayeredWindowAttributes";
shadow.table[5022] = "NtUserGetListBoxInfo";
shadow.table[5023] = "NtUserGetMenuIndex";
shadow.table[5024] = "NtUserGetMenuItemRect";
shadow.table[5025] = "NtUserGetMouseMovePointsEx";
shadow.table[5026] = "NtUserGetPhysicalDeviceRect";
shadow.table[5027] = "NtUserGetPointerCursorId";
shadow.table[5028] = "NtUserGetPointerDevice";
shadow.table[5029] = "NtUserGetPointerDeviceCursors";
shadow.table[5030] = "NtUserGetPointerDeviceProperties";
shadow.table[5031] = "NtUserGetPointerDeviceRects";
shadow.table[5032] = "NtUserGetPointerDevices";
shadow.table[5033] = "NtUserGetPointerFrameArrivalTimes";
shadow.table[5034] = "NtUserGetPointerInfoList";
shadow.table[5035] = "NtUserGetPointerInputTransform";
shadow.table[5036] = "NtUserGetPointerType";
shadow.table[5037] = "NtUserGetPrecisionTouchPadConfiguration";
shadow.table[5038] = "NtUserGetPriorityClipboardFormat";
shadow.table[5039] = "NtUserGetProcessDpiAwareness";
shadow.table[5040] = "NtUserGetProcessUIContextInformation";
shadow.table[5041] = "NtUserGetQueueEventStatus";
shadow.table[5042] = "NtUserGetRawInputBuffer";
shadow.table[5043] = "NtUserGetRawInputData";
shadow.table[5044] = "NtUserGetRawInputDeviceInfo";
shadow.table[5045] = "NtUserGetRawInputDeviceList";
shadow.table[5046] = "NtUserGetRawPointerDeviceData";
shadow.table[5047] = "NtUserGetRegisteredRawInputDevices";
shadow.table[5048] = "NtUserGetTopLevelWindow";
shadow.table[5049] = "NtUserGetTouchInputInfo";
shadow.table[5050] = "NtUserGetTouchValidationStatus";
shadow.table[5051] = "NtUserGetUpdatedClipboardFormats";
shadow.table[5052] = "NtUserGetWOWClass";
shadow.table[5053] = "NtUserGetWindowBand";
shadow.table[5054] = "NtUserGetWindowCompositionAttribute";
shadow.table[5055] = "NtUserGetWindowCompositionInfo";
shadow.table[5056] = "NtUserGetWindowDisplayAffinity";
shadow.table[5057] = "NtUserGetWindowFeedbackSetting";
shadow.table[5058] = "NtUserGetWindowMinimizeRect";
shadow.table[5059] = "NtUserGetWindowRgnEx";
shadow.table[5060] = "NtUserGhostWindowFromHungWindow";
shadow.table[5061] = "NtUserHandleDelegatedInput";
shadow.table[5062] = "NtUserHardErrorControl";
shadow.table[5063] = "NtUserHidePointerContactVisualization";
shadow.table[5064] = "NtUserHiliteMenuItem";
shadow.table[5065] = "NtUserHungWindowFromGhostWindow";
shadow.table[5066] = "NtUserHwndQueryRedirectionInfo";
shadow.table[5067] = "NtUserHwndSetRedirectionInfo";
shadow.table[5068] = "NtUserImpersonateDdeClientWindow";
shadow.table[5069] = "NtUserInitTask";
shadow.table[5070] = "NtUserInitialize";
shadow.table[5071] = "NtUserInitializeClientPfnArrays";
shadow.table[5072] = "NtUserInitializeInputDeviceInjection";
shadow.table[5073] = "NtUserInitializePointerDeviceInjection";
shadow.table[5074] = "NtUserInitializeTouchInjection";
shadow.table[5075] = "NtUserInjectDeviceInput";
shadow.table[5076] = "NtUserInjectGesture";
shadow.table[5077] = "NtUserInjectKeyboardInput";
shadow.table[5078] = "NtUserInjectMouseInput";
shadow.table[5079] = "NtUserInjectPointerInput";
shadow.table[5080] = "NtUserInjectTouchInput";
shadow.table[5081] = "NtUserInternalClipCursor";
shadow.table[5082] = "NtUserInternalGetWindowIcon";
shadow.table[5083] = "NtUserIsChildWindowDpiMessageEnabled";
shadow.table[5084] = "NtUserIsMouseInPointerEnabled";
shadow.table[5085] = "NtUserIsMouseInputEnabled";
shadow.table[5086] = "NtUserIsTopLevelWindow";
shadow.table[5087] = "NtUserIsTouchWindow";
shadow.table[5088] = "NtUserIsWindowBroadcastingDpiToChildren";
shadow.table[5089] = "NtUserLayoutCompleted";
shadow.table[5090] = "NtUserLinkDpiCursor";
shadow.table[5091] = "NtUserLoadKeyboardLayoutEx";
shadow.table[5092] = "NtUserLockWindowStation";
shadow.table[5093] = "NtUserLockWorkStation";
shadow.table[5094] = "NtUserLogicalToPerMonitorDPIPhysicalPoint";
shadow.table[5095] = "NtUserLogicalToPhysicalPoint";
shadow.table[5096] = "NtUserMNDragLeave";
shadow.table[5097] = "NtUserMNDragOver";
shadow.table[5098] = "NtUserMagControl";
shadow.table[5099] = "NtUserMagGetContextInformation";
shadow.table[5100] = "NtUserMagSetContextInformation";
shadow.table[5101] = "NtUserMenuItemFromPoint";
shadow.table[5102] = "NtUserMinMaximize";
shadow.table[5103] = "NtUserModifyWindowTouchCapability";
shadow.table[5104] = "NtUserNavigateFocus";
shadow.table[5105] = "NtUserNotifyIMEStatus";
shadow.table[5106] = "NtUserOpenInputDesktop";
shadow.table[5107] = "NtUserOpenThreadDesktop";
shadow.table[5108] = "NtUserPaintMonitor";
shadow.table[5109] = "NtUserPerMonitorDPIPhysicalToLogicalPoint";
shadow.table[5110] = "NtUserPhysicalToLogicalPoint";
shadow.table[5111] = "NtUserPrintWindow";
shadow.table[5112] = "NtUserPromoteMouseInPointer";
shadow.table[5113] = "NtUserPromotePointer";
shadow.table[5114] = "NtUserQueryBSDRWindow";
shadow.table[5115] = "NtUserQueryDisplayConfig";
shadow.table[5116] = "NtUserQueryInformationThread";
shadow.table[5117] = "NtUserQueryInputContext";
shadow.table[5118] = "NtUserQuerySendMessage";
shadow.table[5119] = "NtUserRealChildWindowFromPoint";
shadow.table[5120] = "NtUserRealWaitMessageEx";
shadow.table[5121] = "NtUserRegisterBSDRWindow";
shadow.table[5122] = "NtUserRegisterDManipHook";
shadow.table[5123] = "NtUserRegisterEdgy";
shadow.table[5124] = "NtUserRegisterErrorReportingDialog";
shadow.table[5125] = "NtUserRegisterHotKey";
shadow.table[5126] = "NtUserRegisterManipulationThread";
shadow.table[5127] = "NtUserRegisterPointerDeviceNotifications";
shadow.table[5128] = "NtUserRegisterPointerInputTarget";
shadow.table[5129] = "NtUserRegisterRawInputDevices";
shadow.table[5130] = "NtUserRegisterServicesProcess";
shadow.table[5131] = "NtUserRegisterSessionPort";
shadow.table[5132] = "NtUserRegisterShellPTPListener";
shadow.table[5133] = "NtUserRegisterTasklist";
shadow.table[5134] = "NtUserRegisterTouchHitTestingWindow";
shadow.table[5135] = "NtUserRegisterTouchPadCapable";
shadow.table[5136] = "NtUserRegisterUserApiHook";
shadow.table[5137] = "NtUserReleaseDwmHitTestWaiters";
shadow.table[5138] = "NtUserRemoteConnect";
shadow.table[5139] = "NtUserRemoteRedrawRectangle";
shadow.table[5140] = "NtUserRemoteRedrawScreen";
shadow.table[5141] = "NtUserRemoteStopScreenUpdates";
shadow.table[5142] = "NtUserRemoveClipboardFormatListener";
shadow.table[5143] = "NtUserRemoveInjectionDevice";
shadow.table[5144] = "NtUserReportInertia";
shadow.table[5145] = "NtUserResolveDesktopForWOW";
shadow.table[5146] = "NtUserSendEventMessage";
shadow.table[5147] = "NtUserSetActivationFilter";
shadow.table[5148] = "NtUserSetActiveProcessForMonitor";
shadow.table[5149] = "NtUserSetAppImeLevel";
shadow.table[5150] = "NtUserSetAutoRotation";
shadow.table[5151] = "NtUserSetBrokeredForeground";
shadow.table[5152] = "NtUserSetCalibrationData";
shadow.table[5153] = "NtUserSetChildWindowNoActivate";
shadow.table[5154] = "NtUserSetClassWord";
shadow.table[5155] = "NtUserSetCoreWindow";
shadow.table[5156] = "NtUserSetCoreWindowPartner";
shadow.table[5157] = "NtUserSetCursorContents";
shadow.table[5158] = "NtUserSetDisplayAutoRotationPreferences";
shadow.table[5159] = "NtUserSetDisplayConfig";
shadow.table[5160] = "NtUserSetDisplayMapping";
shadow.table[5161] = "NtUserSetFallbackForeground";
shadow.table[5162] = "NtUserSetFeatureReportResponse";
shadow.table[5163] = "NtUserSetGestureConfig";
shadow.table[5164] = "NtUserSetImeHotKey";
shadow.table[5165] = "NtUserSetImeInfoEx";
shadow.table[5166] = "NtUserSetImeOwnerWindow";
shadow.table[5167] = "NtUserSetInternalWindowPos";
shadow.table[5168] = "NtUserSetLayeredWindowAttributes";
shadow.table[5169] = "NtUserSetManipulationInputTarget";
shadow.table[5170] = "NtUserSetMenu";
shadow.table[5171] = "NtUserSetMenuContextHelpId";
shadow.table[5172] = "NtUserSetMenuFlagRtoL";
shadow.table[5173] = "NtUserSetMirrorRendering";
shadow.table[5174] = "NtUserSetObjectInformation";
shadow.table[5175] = "NtUserSetPrecisionTouchPadConfiguration";
shadow.table[5176] = "NtUserSetProcessDpiAwareness";
shadow.table[5177] = "NtUserSetProcessRestrictionExemption";
shadow.table[5178] = "NtUserSetProcessUIAccessZorder";
shadow.table[5179] = "NtUserSetShellWindowEx";
shadow.table[5180] = "NtUserSetSysColors";
shadow.table[5181] = "NtUserSetSystemCursor";
shadow.table[5182] = "NtUserSetSystemTimer";
shadow.table[5183] = "NtUserSetThreadInputBlocked";
shadow.table[5184] = "NtUserSetThreadLayoutHandles";
shadow.table[5185] = "NtUserSetWindowArrangement";
shadow.table[5186] = "NtUserSetWindowBand";
shadow.table[5187] = "NtUserSetWindowCompositionAttribute";
shadow.table[5188] = "NtUserSetWindowCompositionTransition";
shadow.table[5189] = "NtUserSetWindowDisplayAffinity";
shadow.table[5190] = "NtUserSetWindowFeedbackSetting";
shadow.table[5191] = "NtUserSetWindowRgnEx";
shadow.table[5192] = "NtUserSetWindowShowState";
shadow.table[5193] = "NtUserSetWindowStationUser";
shadow.table[5194] = "NtUserShowSystemCursor";
shadow.table[5195] = "NtUserShutdownBlockReasonCreate";
shadow.table[5196] = "NtUserShutdownBlockReasonQuery";
shadow.table[5197] = "NtUserShutdownReasonDestroy";
shadow.table[5198] = "NtUserSignalRedirectionStartComplete";
shadow.table[5199] = "NtUserSlicerControl";
shadow.table[5200] = "NtUserSoundSentry";
shadow.table[5201] = "NtUserSwitchDesktop";
shadow.table[5202] = "NtUserTestForInteractiveUser";
shadow.table[5203] = "NtUserTrackPopupMenuEx";
shadow.table[5204] = "NtUserTransformPoint";
shadow.table[5205] = "NtUserTransformRect";
shadow.table[5206] = "NtUserUndelegateInput";
shadow.table[5207] = "NtUserUnloadKeyboardLayout";
shadow.table[5208] = "NtUserUnlockWindowStation";
shadow.table[5209] = "NtUserUnregisterHotKey";
shadow.table[5210] = "NtUserUnregisterSessionPort";
shadow.table[5211] = "NtUserUnregisterUserApiHook";
shadow.table[5212] = "NtUserUpdateDefaultDesktopThumbnail";
shadow.table[5213] = "NtUserUpdateInputContext";
shadow.table[5214] = "NtUserUpdateInstance";
shadow.table[5215] = "NtUserUpdateLayeredWindow";
shadow.table[5216] = "NtUserUpdatePerUserSystemParameters";
shadow.table[5217] = "NtUserUpdateWindowInputSinkHints";
shadow.table[5218] = "NtUserUpdateWindowTrackingInfo";
shadow.table[5219] = "NtUserUpdateWindowTransform";
shadow.table[5220] = "NtUserUserHandleGrantAccess";
shadow.table[5221] = "NtUserValidateHandleSecure";
shadow.table[5222] = "NtUserWaitAvailableMessageEx";
shadow.table[5223] = "NtUserWaitForInputIdle";
shadow.table[5224] = "NtUserWaitForMsgAndEvent";
shadow.table[5225] = "NtUserWaitForRedirectionStartComplete";
shadow.table[5226] = "NtUserWindowFromPhysicalPoint";
shadow.table[5227] = "NtValidateCompositionSurfaceHandle";
shadow.table[5228] = "NtVisualCaptureBits";
shadow.table[5229] = "NtUserSetClassLongPtr";
shadow.table[5230] = "NtUserSetWindowLongPtr";
