system.count = 462;
system.table[0] = "NtAccessCheck";
system.table[1] = "NtWorkerFactoryWorkerReady";
system.table[2] = "NtAcceptConnectPort";
system.table[3] = "NtMapUserPhysicalPagesScatter";
system.table[4] = "NtWaitForSingleObject";
system.table[5] = "NtCallbackReturn";
system.table[6] = "NtReadFile";
system.table[7] = "NtDeviceIoControlFile";
system.table[8] = "NtWriteFile";
system.table[9] = "NtRemoveIoCompletion";
system.table[10] = "NtReleaseSemaphore";
system.table[11] = "NtReplyWaitReceivePort";
system.table[12] = "NtReplyPort";
system.table[13] = "NtSetInformationThread";
system.table[14] = "NtSetEvent";
system.table[15] = "NtClose";
system.table[16] = "NtQueryObject";
system.table[17] = "NtQueryInformationFile";
system.table[18] = "NtOpenKey";
system.table[19] = "NtEnumerateValueKey";
system.table[20] = "NtFindAtom";
system.table[21] = "NtQueryDefaultLocale";
system.table[22] = "NtQueryKey";
system.table[23] = "NtQueryValueKey";
system.table[24] = "NtAllocateVirtualMemory";
system.table[25] = "NtQueryInformationProcess";
system.table[26] = "NtWaitForMultipleObjects32";
system.table[27] = "NtWriteFileGather";
system.table[28] = "NtSetInformationProcess";
system.table[29] = "NtCreateKey";
system.table[30] = "NtFreeVirtualMemory";
system.table[31] = "NtImpersonateClientOfPort";
system.table[32] = "NtReleaseMutant";
system.table[33] = "NtQueryInformationToken";
system.table[34] = "NtRequestWaitReplyPort";
system.table[35] = "NtQueryVirtualMemory";
system.table[36] = "NtOpenThreadToken";
system.table[37] = "NtQueryInformationThread";
system.table[38] = "NtOpenProcess";
system.table[39] = "NtSetInformationFile";
system.table[40] = "NtMapViewOfSection";
system.table[41] = "NtAccessCheckAndAuditAlarm";
system.table[42] = "NtUnmapViewOfSection";
system.table[43] = "NtReplyWaitReceivePortEx";
system.table[44] = "NtTerminateProcess";
system.table[45] = "NtSetEventBoostPriority";
system.table[46] = "NtReadFileScatter";
system.table[47] = "NtOpenThreadTokenEx";
system.table[48] = "NtOpenProcessTokenEx";
system.table[49] = "NtQueryPerformanceCounter";
system.table[50] = "NtEnumerateKey";
system.table[51] = "NtOpenFile";
system.table[52] = "NtDelayExecution";
system.table[53] = "NtQueryDirectoryFile";
system.table[54] = "NtQuerySystemInformation";
system.table[55] = "NtOpenSection";
system.table[56] = "NtQueryTimer";
system.table[57] = "NtFsControlFile";
system.table[58] = "NtWriteVirtualMemory";
system.table[59] = "NtCloseObjectAuditAlarm";
system.table[60] = "NtDuplicateObject";
system.table[61] = "NtQueryAttributesFile";
system.table[62] = "NtClearEvent";
system.table[63] = "NtReadVirtualMemory";
system.table[64] = "NtOpenEvent";
system.table[65] = "NtAdjustPrivilegesToken";
system.table[66] = "NtDuplicateToken";
system.table[67] = "NtContinue";
system.table[68] = "NtQueryDefaultUILanguage";
system.table[69] = "NtQueueApcThread";
system.table[70] = "NtYieldExecution";
system.table[71] = "NtAddAtom";
system.table[72] = "NtCreateEvent";
system.table[73] = "NtQueryVolumeInformationFile";
system.table[74] = "NtCreateSection";
system.table[75] = "NtFlushBuffersFile";
system.table[76] = "NtApphelpCacheControl";
system.table[77] = "NtCreateProcessEx";
system.table[78] = "NtCreateThread";
system.table[79] = "NtIsProcessInJob";
system.table[80] = "NtProtectVirtualMemory";
system.table[81] = "NtQuerySection";
system.table[82] = "NtResumeThread";
system.table[83] = "NtTerminateThread";
system.table[84] = "NtReadRequestData";
system.table[85] = "NtCreateFile";
system.table[86] = "NtQueryEvent";
system.table[87] = "NtWriteRequestData";
system.table[88] = "NtOpenDirectoryObject";
system.table[89] = "NtAccessCheckByTypeAndAuditAlarm";
system.table[90] = "NtQuerySystemTime";
system.table[91] = "NtWaitForMultipleObjects";
system.table[92] = "NtSetInformationObject";
system.table[93] = "NtCancelIoFile";
system.table[94] = "NtTraceEvent";
system.table[95] = "NtPowerInformation";
system.table[96] = "NtSetValueKey";
system.table[97] = "NtCancelTimer";
system.table[98] = "NtSetTimer";
system.table[99] = "NtAccessCheckByType";
system.table[100] = "NtAccessCheckByTypeResultList";
system.table[101] = "NtAccessCheckByTypeResultListAndAuditAlarm";
system.table[102] = "NtAccessCheckByTypeResultListAndAuditAlarmByHandle";
system.table[103] = "NtAcquireProcessActivityReference";
system.table[104] = "NtAddAtomEx";
system.table[105] = "NtAddBootEntry";
system.table[106] = "NtAddDriverEntry";
system.table[107] = "NtAdjustGroupsToken";
system.table[108] = "long __cdecl ScAnsiToUnicodeString(char *,struct _UNICODE_STRING *)";
system.table[109] = "NtAlertResumeThread";
system.table[110] = "NtAlertThread";
system.table[111] = "NtAlertThreadByThreadId";
system.table[112] = "NtAllocateLocallyUniqueId";
system.table[113] = "NtAllocateReserveObject";
system.table[114] = "NtAllocateUserPhysicalPages";
system.table[115] = "NtAllocateUuids";
system.table[116] = "NtAllocateVirtualMemoryEx";
system.table[117] = "NtAlpcAcceptConnectPort";
system.table[118] = "NtAlpcCancelMessage";
system.table[119] = "NtAlpcConnectPort";
system.table[120] = "NtAlpcConnectPortEx";
system.table[121] = "NtAlpcCreatePort";
system.table[122] = "NtAlpcCreatePortSection";
system.table[123] = "NtAlpcCreateResourceReserve";
system.table[124] = "NtAlpcCreateSectionView";
system.table[125] = "NtAlpcCreateSecurityContext";
system.table[126] = "NtAlpcDeletePortSection";
system.table[127] = "NtAlpcDeleteResourceReserve";
system.table[128] = "NtAlpcDeleteSectionView";
system.table[129] = "NtAlpcDeleteSecurityContext";
system.table[130] = "NtAlpcDisconnectPort";
system.table[131] = "NtAlpcImpersonateClientContainerOfPort";
system.table[132] = "NtAlpcImpersonateClientOfPort";
system.table[133] = "NtAlpcOpenSenderProcess";
system.table[134] = "NtAlpcOpenSenderThread";
system.table[135] = "NtAlpcQueryInformation";
system.table[136] = "NtAlpcQueryInformationMessage";
system.table[137] = "NtAlpcRevokeSecurityContext";
system.table[138] = "NtAlpcSendWaitReceivePort";
system.table[139] = "NtAlpcSetInformation";
system.table[140] = "NtAreMappedFilesTheSame";
system.table[141] = "NtAssignProcessToJobObject";
system.table[142] = "NtAssociateWaitCompletionPacket";
system.table[143] = "NtCallEnclave";
system.table[144] = "NtCancelIoFileEx";
system.table[145] = "NtCancelSynchronousIoFile";
system.table[146] = "NtCancelTimer2";
system.table[147] = "NtCancelWaitCompletionPacket";
system.table[148] = "NtCommitComplete";
system.table[149] = "NtCommitEnlistment";
system.table[150] = "NtCommitRegistryTransaction";
system.table[151] = "NtCommitTransaction";
system.table[152] = "NtCompactKeys";
system.table[153] = "NtCompareObjects";
system.table[154] = "NtCompareSigningLevels";
system.table[155] = "NtCompareTokens";
system.table[156] = "PopPowerAggregatorValidateModernStandbyCallback";
system.table[157] = "NtCompressKey";
system.table[158] = "NtConnectPort";
system.table[159] = "NtConvertBetweenAuxiliaryCounterAndPerformanceCounter";
system.table[160] = "NtCreateDebugObject";
system.table[161] = "NtCreateDirectoryObject";
system.table[162] = "NtCreateDirectoryObjectEx";
system.table[163] = "NtCreateEnclave";
system.table[164] = "NtCreateEnlistment";
system.table[165] = "long __cdecl ScAnsiToUnicodeString(char *,struct _UNICODE_STRING *)";
system.table[166] = "NtCreateIRTimer";
system.table[167] = "NtCreateIoCompletion";
system.table[168] = "NtCreateJobObject";
system.table[169] = "xHalAllocatePmcCounterSet";
system.table[170] = "NtCreateKeyTransacted";
system.table[171] = "NtCreateKeyedEvent";
system.table[172] = "NtCreateLowBoxToken";
system.table[173] = "NtCreateMailslotFile";
system.table[174] = "NtCreateMutant";
system.table[175] = "NtCreateNamedPipeFile";
system.table[176] = "NtCreatePagingFile";
system.table[177] = "NtCreatePartition";
system.table[178] = "NtCreatePort";
system.table[179] = "NtCreatePrivateNamespace";
system.table[180] = "NtCreateProcess";
system.table[181] = "NtCreateProfile";
system.table[182] = "NtCreateProfileEx";
system.table[183] = "NtCreateRegistryTransaction";
system.table[184] = "NtCreateResourceManager";
system.table[185] = "NtCreateSemaphore";
system.table[186] = "NtCreateSymbolicLinkObject";
system.table[187] = "NtCreateThreadEx";
system.table[188] = "NtCreateTimer";
system.table[189] = "NtCreateTimer2";
system.table[190] = "NtCreateToken";
system.table[191] = "NtCreateTokenEx";
system.table[192] = "NtCreateTransaction";
system.table[193] = "NtCreateTransactionManager";
system.table[194] = "NtCreateUserProcess";
system.table[195] = "NtCreateWaitCompletionPacket";
system.table[196] = "NtCreateWaitablePort";
system.table[197] = "NtCreateWnfStateName";
system.table[198] = "NtCreateWorkerFactory";
system.table[199] = "NtDebugActiveProcess";
system.table[200] = "NtDebugContinue";
system.table[201] = "NtDeleteAtom";
system.table[202] = "NtDeleteBootEntry";
system.table[203] = "NtDeleteDriverEntry";
system.table[204] = "NtDeleteFile";
system.table[205] = "NtDeleteKey";
system.table[206] = "NtDeleteObjectAuditAlarm";
system.table[207] = "NtDeletePrivateNamespace";
system.table[208] = "NtDeleteValueKey";
system.table[209] = "NtDeleteWnfStateData";
system.table[210] = "NtDeleteWnfStateName";
system.table[211] = "NtDisableLastKnownGood";
system.table[212] = "NtDisplayString";
system.table[213] = "NtDrawText";
system.table[214] = "NtEnableLastKnownGood";
system.table[215] = "NtEnumerateBootEntries";
system.table[216] = "NtEnumerateDriverEntries";
system.table[217] = "NtEnumerateSystemEnvironmentValuesEx";
system.table[218] = "NtEnumerateTransactionObject";
system.table[219] = "NtExtendSection";
system.table[220] = "NtFilterBootOption";
system.table[221] = "NtFilterToken";
system.table[222] = "long __cdecl ScAnsiToUnicodeString(char *,struct _UNICODE_STRING *)";
system.table[223] = "NtFlushBuffersFileEx";
system.table[224] = "NtFlushInstallUILanguage";
system.table[225] = "PopPowerAggregatorValidateModernStandbyCallback";
system.table[226] = "NtFlushKey";
system.table[227] = "NtFlushProcessWriteBuffers";
system.table[228] = "NtFlushVirtualMemory";
system.table[229] = "NtFlushWriteBuffer";
system.table[230] = "NtFreeUserPhysicalPages";
system.table[231] = "NtFreezeRegistry";
system.table[232] = "NtFreezeTransactions";
system.table[233] = "NtGetCachedSigningLevel";
system.table[234] = "NtGetCompleteWnfStateSubscription";
system.table[235] = "NtGetContextThread";
system.table[236] = "NtGetCurrentProcessorNumber";
system.table[237] = "NtGetCurrentProcessorNumberEx";
system.table[238] = "NtGetDevicePowerState";
system.table[239] = "NtGetMUIRegistryInfo";
system.table[240] = "NtGetNextProcess";
system.table[241] = "NtGetNextThread";
system.table[242] = "NtGetNlsSectionPtr";
system.table[243] = "NtGetNotificationResourceManager";
system.table[244] = "NtGetWriteWatch";
system.table[245] = "NtImpersonateAnonymousToken";
system.table[246] = "NtImpersonateThread";
system.table[247] = "NtInitializeEnclave";
system.table[248] = "NtInitializeNlsFiles";
system.table[249] = "NtInitializeRegistry";
system.table[250] = "NtInitiatePowerAction";
system.table[251] = "NtIsSystemResumeAutomatic";
system.table[252] = "NtIsUILanguageComitted";
system.table[253] = "NtListenPort";
system.table[254] = "NtLoadDriver";
system.table[255] = "NtLoadEnclaveData";
system.table[256] = "NtLoadHotPatch";
system.table[257] = "NtLoadKey";
system.table[258] = "NtLoadKey2";
system.table[259] = "NtLoadKeyEx";
system.table[260] = "NtLockFile";
system.table[261] = "NtLockProductActivationKeys";
system.table[262] = "NtLockRegistryKey";
system.table[263] = "NtLockVirtualMemory";
system.table[264] = "NtMakePermanentObject";
system.table[265] = "NtMakeTemporaryObject";
system.table[266] = "NtManagePartition";
system.table[267] = "NtMapCMFModule";
system.table[268] = "NtMapUserPhysicalPages";
system.table[269] = "NtMapViewOfSectionEx";
system.table[270] = "NtModifyBootEntry";
system.table[271] = "NtModifyDriverEntry";
system.table[272] = "NtNotifyChangeDirectoryFile";
system.table[273] = "NtNotifyChangeDirectoryFileEx";
system.table[274] = "NtNotifyChangeKey";
system.table[275] = "NtNotifyChangeMultipleKeys";
system.table[276] = "NtNotifyChangeSession";
system.table[277] = "NtOpenEnlistment";
system.table[278] = "long __cdecl ScAnsiToUnicodeString(char *,struct _UNICODE_STRING *)";
system.table[279] = "NtOpenIoCompletion";
system.table[280] = "NtOpenJobObject";
system.table[281] = "NtOpenKeyEx";
system.table[282] = "NtOpenKeyTransacted";
system.table[283] = "NtOpenKeyTransactedEx";
system.table[284] = "NtOpenKeyedEvent";
system.table[285] = "NtOpenMutant";
system.table[286] = "NtOpenObjectAuditAlarm";
system.table[287] = "NtOpenPartition";
system.table[288] = "NtOpenPrivateNamespace";
system.table[289] = "NtOpenProcessToken";
system.table[290] = "NtOpenRegistryTransaction";
system.table[291] = "NtOpenResourceManager";
system.table[292] = "NtOpenSemaphore";
system.table[293] = "NtOpenSession";
system.table[294] = "NtOpenSymbolicLinkObject";
system.table[295] = "NtOpenThread";
system.table[296] = "NtOpenTimer";
system.table[297] = "NtOpenTransaction";
system.table[298] = "NtOpenTransactionManager";
system.table[299] = "NtPlugPlayControl";
system.table[300] = "NtPrePrepareComplete";
system.table[301] = "NtPrePrepareEnlistment";
system.table[302] = "NtPrepareComplete";
system.table[303] = "NtPrepareEnlistment";
system.table[304] = "NtPrivilegeCheck";
system.table[305] = "NtPrivilegeObjectAuditAlarm";
system.table[306] = "NtPrivilegedServiceAuditAlarm";
system.table[307] = "NtPropagationComplete";
system.table[308] = "NtPropagationFailed";
system.table[309] = "NtPulseEvent";
system.table[310] = "NtQueryAuxiliaryCounterFrequency";
system.table[311] = "NtQueryBootEntryOrder";
system.table[312] = "NtQueryBootOptions";
system.table[313] = "NtQueryDebugFilterState";
system.table[314] = "NtQueryDirectoryFileEx";
system.table[315] = "NtQueryDirectoryObject";
system.table[316] = "NtQueryDriverEntryOrder";
system.table[317] = "NtQueryEaFile";
system.table[318] = "NtQueryFullAttributesFile";
system.table[319] = "NtQueryInformationAtom";
system.table[320] = "NtQueryInformationByName";
system.table[321] = "NtQueryInformationEnlistment";
system.table[322] = "NtQueryInformationJobObject";
system.table[323] = "NtQueryInformationPort";
system.table[324] = "NtQueryInformationResourceManager";
system.table[325] = "NtQueryInformationTransaction";
system.table[326] = "NtQueryInformationTransactionManager";
system.table[327] = "NtQueryInformationWorkerFactory";
system.table[328] = "NtQueryInstallUILanguage";
system.table[329] = "NtQueryIntervalProfile";
system.table[330] = "NtQueryIoCompletion";
system.table[331] = "NtQueryLicenseValue";
system.table[332] = "NtQueryMultipleValueKey";
system.table[333] = "NtQueryMutant";
system.table[334] = "NtQueryOpenSubKeys";
system.table[335] = "NtQueryOpenSubKeysEx";
system.table[336] = "CmpCleanUpHigherLayerKcbCachesPreCallback";
system.table[337] = "NtQueryQuotaInformationFile";
system.table[338] = "NtQuerySecurityAttributesToken";
system.table[339] = "NtQuerySecurityObject";
system.table[340] = "NtQuerySecurityPolicy";
system.table[341] = "NtQuerySemaphore";
system.table[342] = "NtQuerySymbolicLinkObject";
system.table[343] = "NtQuerySystemEnvironmentValue";
system.table[344] = "NtQuerySystemEnvironmentValueEx";
system.table[345] = "NtQuerySystemInformationEx";
system.table[346] = "NtQueryTimerResolution";
system.table[347] = "NtQueryWnfStateData";
system.table[348] = "NtQueryWnfStateNameInformation";
system.table[349] = "NtQueueApcThreadEx";
system.table[350] = "NtRaiseException";
system.table[351] = "NtRaiseHardError";
system.table[352] = "NtReadOnlyEnlistment";
system.table[353] = "NtRecoverEnlistment";
system.table[354] = "NtRecoverResourceManager";
system.table[355] = "NtRecoverTransactionManager";
system.table[356] = "NtRegisterProtocolAddressInformation";
system.table[357] = "NtRegisterThreadTerminatePort";
system.table[358] = "NtReleaseKeyedEvent";
system.table[359] = "NtReleaseWorkerFactoryWorker";
system.table[360] = "NtRemoveIoCompletionEx";
system.table[361] = "NtRemoveProcessDebug";
system.table[362] = "NtRenameKey";
system.table[363] = "NtRenameTransactionManager";
system.table[364] = "NtReplaceKey";
system.table[365] = "NtReplacePartitionUnit";
system.table[366] = "NtReplyWaitReplyPort";
system.table[367] = "NtRequestPort";
system.table[368] = "NtResetEvent";
system.table[369] = "NtResetWriteWatch";
system.table[370] = "NtRestoreKey";
system.table[371] = "NtResumeProcess";
system.table[372] = "NtRevertContainerImpersonation";
system.table[373] = "NtRollbackComplete";
system.table[374] = "NtRollbackEnlistment";
system.table[375] = "NtRollbackRegistryTransaction";
system.table[376] = "NtRollbackTransaction";
system.table[377] = "NtRollforwardTransactionManager";
system.table[378] = "NtSaveKey";
system.table[379] = "NtSaveKeyEx";
system.table[380] = "NtSaveMergedKeys";
system.table[381] = "NtSecureConnectPort";
system.table[382] = "NtSerializeBoot";
system.table[383] = "NtSetBootEntryOrder";
system.table[384] = "NtSetBootOptions";
system.table[385] = "NtSetCachedSigningLevel";
system.table[386] = "NtSetCachedSigningLevel2";
system.table[387] = "NtSetContextThread";
system.table[388] = "NtSetDebugFilterState";
system.table[389] = "NtSetDefaultHardErrorPort";
system.table[390] = "NtSetDefaultLocale";
system.table[391] = "NtSetDefaultUILanguage";
system.table[392] = "NtSetDriverEntryOrder";
system.table[393] = "NtSetEaFile";
system.table[394] = "long __cdecl ScAnsiToUnicodeString(char *,struct _UNICODE_STRING *)";
system.table[395] = "long __cdecl ScAnsiToUnicodeString(char *,struct _UNICODE_STRING *)";
system.table[396] = "NtSetIRTimer";
system.table[397] = "NtSetInformationDebugObject";
system.table[398] = "NtSetInformationEnlistment";
system.table[399] = "NtSetInformationJobObject";
system.table[400] = "NtSetInformationKey";
system.table[401] = "NtSetInformationResourceManager";
system.table[402] = "NtSetInformationSymbolicLink";
system.table[403] = "NtSetInformationToken";
system.table[404] = "NtSetInformationTransaction";
system.table[405] = "NtSetInformationTransactionManager";
system.table[406] = "NtSetInformationVirtualMemory";
system.table[407] = "NtSetInformationWorkerFactory";
system.table[408] = "NtSetIntervalProfile";
system.table[409] = "NtSetIoCompletion";
system.table[410] = "NtSetIoCompletionEx";
system.table[411] = "xKdEnumerateDebuggingDevices";
system.table[412] = "long __cdecl ScAnsiToUnicodeString(char *,struct _UNICODE_STRING *)";
system.table[413] = "long __cdecl ScAnsiToUnicodeString(char *,struct _UNICODE_STRING *)";
system.table[414] = "NtSetQuotaInformationFile";
system.table[415] = "NtSetSecurityObject";
system.table[416] = "NtSetSystemEnvironmentValue";
system.table[417] = "NtSetSystemEnvironmentValueEx";
system.table[418] = "NtSetSystemInformation";
system.table[419] = "NtSetSystemPowerState";
system.table[420] = "NtSetSystemTime";
system.table[421] = "NtSetThreadExecutionState";
system.table[422] = "NtSetTimer2";
system.table[423] = "NtSetTimerEx";
system.table[424] = "NtSetTimerResolution";
system.table[425] = "NtSetUuidSeed";
system.table[426] = "NtSetVolumeInformationFile";
system.table[427] = "NtSetWnfProcessNotificationEvent";
system.table[428] = "NtShutdownSystem";
system.table[429] = "NtShutdownWorkerFactory";
system.table[430] = "NtSignalAndWaitForSingleObject";
system.table[431] = "NtSinglePhaseReject";
system.table[432] = "NtStartProfile";
system.table[433] = "NtStopProfile";
system.table[434] = "NtSubscribeWnfStateChange";
system.table[435] = "NtSuspendProcess";
system.table[436] = "NtSuspendThread";
system.table[437] = "NtSystemDebugControl";
system.table[438] = "NtTerminateEnclave";
system.table[439] = "NtTerminateJobObject";
system.table[440] = "NtTestAlert";
system.table[441] = "NtThawRegistry";
system.table[442] = "NtThawTransactions";
system.table[443] = "NtTraceControl";
system.table[444] = "NtTranslateFilePath";
system.table[445] = "NtUmsThreadYield";
system.table[446] = "NtUnloadDriver";
system.table[447] = "NtUnloadKey";
system.table[448] = "NtUnloadKey2";
system.table[449] = "NtUnloadKeyEx";
system.table[450] = "NtUnlockFile";
system.table[451] = "NtUnlockVirtualMemory";
system.table[452] = "NtUnmapViewOfSectionEx";
system.table[453] = "NtUnsubscribeWnfStateChange";
system.table[454] = "NtUpdateWnfStateData";
system.table[455] = "long __cdecl ScAnsiToUnicodeString(char *,struct _UNICODE_STRING *)";
system.table[456] = "NtWaitForAlertByThreadId";
system.table[457] = "NtWaitForDebugEvent";
system.table[458] = "NtWaitForKeyedEvent";
system.table[459] = "NtWaitForWorkViaWorkerFactory";
system.table[460] = "long __cdecl ScAnsiToUnicodeString(char *,struct _UNICODE_STRING *)";
system.table[461] = "long __cdecl ScAnsiToUnicodeString(char *,struct _UNICODE_STRING *)";
shadow.count = 1226;
shadow.table[4096] = "NtUserGetOwnerTransformedMonitorRect";
shadow.table[4097] = "NtUserYieldTask";
shadow.table[4098] = "NtUserSetSensorPresence";
shadow.table[4099] = "NtUserGetThreadState";
shadow.table[4100] = "NtUserPeekMessage";
shadow.table[4101] = "NtUserCallOneParam";
shadow.table[4102] = "NtUserGetKeyState";
shadow.table[4103] = "NtUserInvalidateRect";
shadow.table[4104] = "NtUserCallNoParam";
shadow.table[4105] = "NtUserGetMessage";
shadow.table[4106] = "NtUserMessageCall";
shadow.table[4107] = "NtGdiBitBlt";
shadow.table[4108] = "NtGdiGetCharSet";
shadow.table[4109] = "NtUserGetDC";
shadow.table[4110] = "NtGdiSelectBitmap";
shadow.table[4111] = "NtUserWaitMessage";
shadow.table[4112] = "NtUserTranslateMessage";
shadow.table[4113] = "NtUserGetProp";
shadow.table[4114] = "NtUserPostMessage";
shadow.table[4115] = "NtUserQueryWindow";
shadow.table[4116] = "NtUserTranslateAccelerator";
shadow.table[4117] = "NtGdiFlush";
shadow.table[4118] = "NtUserRedrawWindow";
shadow.table[4119] = "NtUserWindowFromPoint";
shadow.table[4120] = "NtUserCallMsgFilter";
shadow.table[4121] = "NtUserValidateTimerCallback";
shadow.table[4122] = "NtUserBeginPaint";
shadow.table[4123] = "NtUserSetTimer";
shadow.table[4124] = "NtUserEndPaint";
shadow.table[4125] = "NtUserSetCursor";
shadow.table[4126] = "NtUserKillTimer";
shadow.table[4127] = "NtUserBuildHwndList";
shadow.table[4128] = "NtUserSelectPalette";
shadow.table[4129] = "NtUserCallNextHookEx";
shadow.table[4130] = "NtUserHideCaret";
shadow.table[4131] = "NtGdiIntersectClipRect";
shadow.table[4132] = "NtUserCallHwndLock";
shadow.table[4133] = "NtUserGetProcessWindowStation";
shadow.table[4134] = "NtGdiDeleteObjectApp";
shadow.table[4135] = "NtUserSetWindowPos";
shadow.table[4136] = "NtUserShowCaret";
shadow.table[4137] = "NtUserEndDeferWindowPosEx";
shadow.table[4138] = "NtUserCallHwndParamLock";
shadow.table[4139] = "NtUserVkKeyScanEx";
shadow.table[4140] = "NtGdiSetDIBitsToDeviceInternal";
shadow.table[4141] = "NtUserCallTwoParam";
shadow.table[4142] = "NtGdiGetRandomRgn";
shadow.table[4143] = "NtUserCopyAcceleratorTable";
shadow.table[4144] = "NtUserNotifyWinEvent";
shadow.table[4145] = "NtGdiExtSelectClipRgn";
shadow.table[4146] = "NtUserIsClipboardFormatAvailable";
shadow.table[4147] = "NtUserSetScrollInfo";
shadow.table[4148] = "NtGdiStretchBlt";
shadow.table[4149] = "NtUserCreateCaret";
shadow.table[4150] = "NtGdiRectVisible";
shadow.table[4151] = "NtGdiCombineRgn";
shadow.table[4152] = "NtGdiGetDCObject";
shadow.table[4153] = "NtUserDispatchMessage";
shadow.table[4154] = "NtUserRegisterWindowMessage";
shadow.table[4155] = "NtGdiExtTextOutW";
shadow.table[4156] = "NtGdiSelectFont";
shadow.table[4157] = "NtGdiRestoreDC";
shadow.table[4158] = "NtGdiSaveDC";
shadow.table[4159] = "NtUserGetForegroundWindow";
shadow.table[4160] = "NtUserShowScrollBar";
shadow.table[4161] = "NtUserFindExistingCursorIcon";
shadow.table[4162] = "NtGdiGetDCDword";
shadow.table[4163] = "NtGdiGetRegionData";
shadow.table[4164] = "NtGdiLineTo";
shadow.table[4165] = "NtUserSystemParametersInfo";
shadow.table[4166] = "NtGdiGetAppClipBox";
shadow.table[4167] = "NtUserGetAsyncKeyState";
shadow.table[4168] = "NtUserGetCPD";
shadow.table[4169] = "NtUserRemoveProp";
shadow.table[4170] = "NtGdiDoPalette";
shadow.table[4171] = "NtGdiPolyPolyDraw";
shadow.table[4172] = "NtUserSetCapture";
shadow.table[4173] = "NtUserEnumDisplayMonitors";
shadow.table[4174] = "NtGdiCreateCompatibleBitmap";
shadow.table[4175] = "NtUserSetProp";
shadow.table[4176] = "NtGdiGetTextCharsetInfo";
shadow.table[4177] = "NtUserSBGetParms";
shadow.table[4178] = "NtUserGetIconInfo";
shadow.table[4179] = "NtUserExcludeUpdateRgn";
shadow.table[4180] = "NtUserSetFocus";
shadow.table[4181] = "NtGdiExtGetObjectW";
shadow.table[4182] = "NtUserGetUpdateRect";
shadow.table[4183] = "NtGdiCreateCompatibleDC";
shadow.table[4184] = "NtUserGetClipboardSequenceNumber";
shadow.table[4185] = "NtGdiCreatePen";
shadow.table[4186] = "NtUserShowWindow";
shadow.table[4187] = "NtUserGetKeyboardLayoutList";
shadow.table[4188] = "NtGdiPatBlt";
shadow.table[4189] = "NtUserMapVirtualKeyEx";
shadow.table[4190] = "NtUserSetWindowLong";
shadow.table[4191] = "NtGdiHfontCreate";
shadow.table[4192] = "NtUserMoveWindow";
shadow.table[4193] = "NtUserPostThreadMessage";
shadow.table[4194] = "NtUserDrawIconEx";
shadow.table[4195] = "NtUserGetSystemMenu";
shadow.table[4196] = "NtGdiDrawStream";
shadow.table[4197] = "NtUserInternalGetWindowText";
shadow.table[4198] = "NtUserGetWindowDC";
shadow.table[4199] = "NtGdiInvertRgn";
shadow.table[4200] = "NtGdiGetRgnBox";
shadow.table[4201] = "NtGdiGetAndSetDCDword";
shadow.table[4202] = "NtGdiMaskBlt";
shadow.table[4203] = "NtGdiGetWidthTable";
shadow.table[4204] = "NtUserScrollDC";
shadow.table[4205] = "NtUserGetObjectInformation";
shadow.table[4206] = "NtGdiCreateBitmap";
shadow.table[4207] = "NtUserFindWindowEx";
shadow.table[4208] = "NtGdiPolyPatBlt";
shadow.table[4209] = "NtUserUnhookWindowsHookEx";
shadow.table[4210] = "NtGdiGetNearestColor";
shadow.table[4211] = "NtGdiTransformPoints";
shadow.table[4212] = "NtGdiGetDCPoint";
shadow.table[4213] = "NtGdiCreateDIBBrush";
shadow.table[4214] = "NtGdiGetTextMetricsW";
shadow.table[4215] = "NtUserCreateWindowEx";
shadow.table[4216] = "NtUserSetParent";
shadow.table[4217] = "NtUserGetKeyboardState";
shadow.table[4218] = "NtUserToUnicodeEx";
shadow.table[4219] = "NtUserGetControlBrush";
shadow.table[4220] = "NtUserGetClassName";
shadow.table[4221] = "NtGdiAlphaBlend";
shadow.table[4222] = "NtGdiOffsetRgn";
shadow.table[4223] = "NtUserDefSetText";
shadow.table[4224] = "NtGdiGetTextFaceW";
shadow.table[4225] = "NtGdiStretchDIBitsInternal";
shadow.table[4226] = "NtUserSendInput";
shadow.table[4227] = "NtUserGetThreadDesktop";
shadow.table[4228] = "NtGdiCreateRectRgn";
shadow.table[4229] = "NtGdiGetDIBitsInternal";
shadow.table[4230] = "NtUserGetUpdateRgn";
shadow.table[4231] = "NtGdiDeleteClientObj";
shadow.table[4232] = "NtUserGetIconSize";
shadow.table[4233] = "NtUserFillWindow";
shadow.table[4234] = "NtGdiExtCreateRegion";
shadow.table[4235] = "NtGdiComputeXformCoefficients";
shadow.table[4236] = "NtUserSetWindowsHookEx";
shadow.table[4237] = "NtUserNotifyProcessCreate";
shadow.table[4238] = "NtGdiUnrealizeObject";
shadow.table[4239] = "NtUserGetTitleBarInfo";
shadow.table[4240] = "NtGdiRectangle";
shadow.table[4241] = "NtUserSetThreadDesktop";
shadow.table[4242] = "NtUserGetDCEx";
shadow.table[4243] = "NtUserGetScrollBarInfo";
shadow.table[4244] = "NtGdiGetTextExtent";
shadow.table[4245] = "NtUserSetWindowFNID";
shadow.table[4246] = "NtGdiSetLayout";
shadow.table[4247] = "NtUserCalcMenuBar";
shadow.table[4248] = "NtUserThunkedMenuItemInfo";
shadow.table[4249] = "NtGdiExcludeClipRect";
shadow.table[4250] = "NtGdiCreateDIBSection";
shadow.table[4251] = "NtGdiGetDCforBitmap";
shadow.table[4252] = "NtUserDestroyCursor";
shadow.table[4253] = "NtUserDestroyWindow";
shadow.table[4254] = "NtUserCallHwndParam";
shadow.table[4255] = "NtGdiCreateDIBitmapInternal";
shadow.table[4256] = "NtUserOpenWindowStation";
shadow.table[4257] = "NtUserSetCursorIconData";
shadow.table[4258] = "NtUserCloseDesktop";
shadow.table[4259] = "NtUserOpenDesktop";
shadow.table[4260] = "NtUserSetProcessWindowStation";
shadow.table[4261] = "NtUserGetAtomName";
shadow.table[4262] = "NtGdiExtCreatePen";
shadow.table[4263] = "NtGdiCreatePaletteInternal";
shadow.table[4264] = "NtGdiSetBrushOrg";
shadow.table[4265] = "NtUserBuildNameList";
shadow.table[4266] = "NtGdiSetPixel";
shadow.table[4267] = "NtUserRegisterClassExWOW";
shadow.table[4268] = "NtGdiCreatePatternBrushInternal";
shadow.table[4269] = "NtUserGetAncestor";
shadow.table[4270] = "NtGdiGetOutlineTextMetricsInternalW";
shadow.table[4271] = "NtGdiSetBitmapBits";
shadow.table[4272] = "NtUserCloseWindowStation";
shadow.table[4273] = "NtUserGetDoubleClickTime";
shadow.table[4274] = "NtUserEnableScrollBar";
shadow.table[4275] = "NtGdiCreateSolidBrush";
shadow.table[4276] = "NtUserGetClassInfoEx";
shadow.table[4277] = "NtGdiCreateClientObj";
shadow.table[4278] = "NtUserUnregisterClass";
shadow.table[4279] = "NtUserDeleteMenu";
shadow.table[4280] = "NtGdiRectInRegion";
shadow.table[4281] = "NtUserScrollWindowEx";
shadow.table[4282] = "NtGdiGetPixel";
shadow.table[4283] = "NtUserSetClassLong";
shadow.table[4284] = "NtUserGetMenuBarInfo";
shadow.table[4285] = "NtGdiGetNearestPaletteIndex";
shadow.table[4286] = "NtGdiGetCharWidthW";
shadow.table[4287] = "NtUserInvalidateRgn";
shadow.table[4288] = "NtUserGetClipboardOwner";
shadow.table[4289] = "NtUserSetWindowRgn";
shadow.table[4290] = "NtUserBitBltSysBmp";
shadow.table[4291] = "NtGdiGetCharWidthInfo";
shadow.table[4292] = "NtUserValidateRect";
shadow.table[4293] = "NtUserCloseClipboard";
shadow.table[4294] = "NtUserOpenClipboard";
shadow.table[4295] = "NtUserSetClipboardData";
shadow.table[4296] = "NtUserEnableMenuItem";
shadow.table[4297] = "NtUserAlterWindowStyle";
shadow.table[4298] = "NtGdiFillRgn";
shadow.table[4299] = "NtUserGetWindowPlacement";
shadow.table[4300] = "NtGdiModifyWorldTransform";
shadow.table[4301] = "NtGdiGetFontData";
shadow.table[4302] = "NtUserGetOpenClipboardWindow";
shadow.table[4303] = "NtUserSetThreadState";
shadow.table[4304] = "NtGdiOpenDCW";
shadow.table[4305] = "NtUserTrackMouseEvent";
shadow.table[4306] = "NtGdiGetTransform";
shadow.table[4307] = "NtUserDestroyMenu";
shadow.table[4308] = "NtGdiGetBitmapBits";
shadow.table[4309] = "NtUserConsoleControl";
shadow.table[4310] = "NtUserSetActiveWindow";
shadow.table[4311] = "NtUserSetInformationThread";
shadow.table[4312] = "NtUserSetWindowPlacement";
shadow.table[4313] = "NtUserGetControlColor";
shadow.table[4314] = "NtGdiSetMetaRgn";
shadow.table[4315] = "NtGdiSetMiterLimit";
shadow.table[4316] = "NtGdiSetVirtualResolution";
shadow.table[4317] = "NtGdiGetRasterizerCaps";
shadow.table[4318] = "NtUserSetWindowWord";
shadow.table[4319] = "NtUserGetClipboardFormatName";
shadow.table[4320] = "NtUserRealInternalGetMessage";
shadow.table[4321] = "NtUserCreateLocalMemHandle";
shadow.table[4322] = "NtUserAttachThreadInput";
shadow.table[4323] = "NtGdiCreateHalftonePalette";
shadow.table[4324] = "NtUserPaintMenuBar";
shadow.table[4325] = "NtUserSetKeyboardState";
shadow.table[4326] = "NtGdiCombineTransform";
shadow.table[4327] = "NtUserCreateAcceleratorTable";
shadow.table[4328] = "NtUserGetCursorFrameInfo";
shadow.table[4329] = "NtUserGetAltTabInfo";
shadow.table[4330] = "NtUserGetCaretBlinkTime";
shadow.table[4331] = "NtGdiQueryFontAssocInfo";
shadow.table[4332] = "NtUserProcessConnect";
shadow.table[4333] = "NtUserEnumDisplayDevices";
shadow.table[4334] = "NtUserEmptyClipboard";
shadow.table[4335] = "NtUserGetClipboardData";
shadow.table[4336] = "NtUserRemoveMenu";
shadow.table[4337] = "NtGdiSetBoundsRect";
shadow.table[4338] = "NtGdiGetBitmapDimension";
shadow.table[4339] = "NtUserConvertMemHandle";
shadow.table[4340] = "NtUserDestroyAcceleratorTable";
shadow.table[4341] = "NtUserGetGUIThreadInfo";
shadow.table[4342] = "NtGdiCloseFigure";
shadow.table[4343] = "NtUserSetWindowsHookAW";
shadow.table[4344] = "NtUserSetMenuDefaultItem";
shadow.table[4345] = "NtUserCheckMenuItem";
shadow.table[4346] = "NtUserSetWinEventHook";
shadow.table[4347] = "NtUserUnhookWinEvent";
shadow.table[4348] = "NtUserLockWindowUpdate";
shadow.table[4349] = "NtUserSetSystemMenu";
shadow.table[4350] = "NtUserThunkedMenuInfo";
shadow.table[4351] = "NtGdiBeginPath";
shadow.table[4352] = "NtGdiEndPath";
shadow.table[4353] = "NtGdiFillPath";
shadow.table[4354] = "NtUserCallHwnd";
shadow.table[4355] = "NtUserDdeInitialize";
shadow.table[4356] = "NtUserModifyUserStartupInfoFlags";
shadow.table[4357] = "NtUserCountClipboardFormats";
shadow.table[4358] = "NtGdiAddFontMemResourceEx";
shadow.table[4359] = "NtGdiEqualRgn";
shadow.table[4360] = "NtGdiGetSystemPaletteUse";
shadow.table[4361] = "NtGdiRemoveFontMemResourceEx";
shadow.table[4362] = "NtUserEnumDisplaySettings";
shadow.table[4363] = "NtUserPaintDesktop";
shadow.table[4364] = "NtGdiExtEscape";
shadow.table[4365] = "NtGdiSetBitmapDimension";
shadow.table[4366] = "NtGdiSetFontEnumeration";
shadow.table[4367] = "NtUserChangeClipboardChain";
shadow.table[4368] = "NtUserSetClipboardViewer";
shadow.table[4369] = "NtUserShowWindowAsync";
shadow.table[4370] = "NtGdiCreateColorSpace";
shadow.table[4371] = "NtGdiDeleteColorSpace";
shadow.table[4372] = "NtUserActivateKeyboardLayout";
shadow.table[4373] = "NtBindCompositionSurface";
shadow.table[4374] = "NtCloseCompositionInputSink";
shadow.table[4375] = "NtCompositionInputThread";
shadow.table[4376] = "NtCompositionSetDropTarget";
shadow.table[4377] = "NtCreateCompositionInputSink";
shadow.table[4378] = "NtCreateCompositionSurfaceHandle";
shadow.table[4379] = "NtCreateImplicitCompositionInputSink";
shadow.table[4380] = "NtDCompositionAddCrossDeviceVisualChild";
shadow.table[4381] = "NtDCompositionBeginFrame";
shadow.table[4382] = "NtDCompositionCommitChannel";
shadow.table[4383] = "NtDCompositionCommitSynchronizationObject";
shadow.table[4384] = "NtDCompositionConfirmFrame";
shadow.table[4385] = "NtDCompositionConnectPipe";
shadow.table[4386] = "NtDCompositionCreateAndBindSharedSection";
shadow.table[4387] = "NtDCompositionCreateChannel";
shadow.table[4388] = "NtDCompositionCreateConnection";
shadow.table[4389] = "NtDCompositionCreateDwmChannel";
shadow.table[4390] = "NtDCompositionCreateSharedVisualHandle";
shadow.table[4391] = "NtDCompositionCreateSynchronizationObject";
shadow.table[4392] = "NtDCompositionDestroyChannel";
shadow.table[4393] = "NtDCompositionDestroyConnection";
shadow.table[4394] = "NtDCompositionDiscardFrame";
shadow.table[4395] = "NtDCompositionDuplicateHandleToProcess";
shadow.table[4396] = "NtDCompositionDuplicateSwapchainHandleToDwm";
shadow.table[4397] = "NtDCompositionEnableDDASupport";
shadow.table[4398] = "NtDCompositionEnableMMCSS";
shadow.table[4399] = "NtDCompositionGetBatchId";
shadow.table[4400] = "NtDCompositionGetChannels";
shadow.table[4401] = "NtDCompositionGetConnectionBatch";
shadow.table[4402] = "NtDCompositionGetDeletedResources";
shadow.table[4403] = "NtDCompositionGetFrameLegacyTokens";
shadow.table[4404] = "NtDCompositionGetFrameStatistics";
shadow.table[4405] = "NtDCompositionGetFrameSurfaceUpdates";
shadow.table[4406] = "NtDCompositionProcessChannelBatchBuffer";
shadow.table[4407] = "NtDCompositionReferenceSharedResourceOnDwmChannel";
shadow.table[4408] = "NtDCompositionRegisterThumbnailVisual";
shadow.table[4409] = "NtDCompositionRegisterVirtualDesktopVisual";
shadow.table[4410] = "NtDCompositionReleaseAllResources";
shadow.table[4411] = "NtDCompositionRemoveCrossDeviceVisualChild";
shadow.table[4412] = "NtDCompositionRetireFrame";
shadow.table[4413] = "NtDCompositionSetChannelCallbackId";
shadow.table[4414] = "NtDCompositionSetChannelCommitCompletionEvent";
shadow.table[4415] = "NtDCompositionSetChildRootVisual";
shadow.table[4416] = "NtDCompositionSetDebugCounter";
shadow.table[4417] = "NtDCompositionSubmitDWMBatch";
shadow.table[4418] = "NtDCompositionSuspendAnimations";
shadow.table[4419] = "NtDCompositionSynchronize";
shadow.table[4420] = "NtDCompositionTelemetryAnimationScenarioBegin";
shadow.table[4421] = "NtDCompositionTelemetryAnimationScenarioReference";
shadow.table[4422] = "NtDCompositionTelemetryAnimationScenarioUnreference";
shadow.table[4423] = "NtDCompositionTelemetrySetApplicationId";
shadow.table[4424] = "NtDCompositionTelemetryTouchInteractionBegin";
shadow.table[4425] = "NtDCompositionTelemetryTouchInteractionEnd";
shadow.table[4426] = "NtDCompositionTelemetryTouchInteractionUpdate";
shadow.table[4427] = "NtDCompositionUpdatePointerCapture";
shadow.table[4428] = "NtDCompositionWaitForChannel";
shadow.table[4429] = "NtDWMBindCursorToOutputConfig";
shadow.table[4430] = "NtDWMCommitInputSystemOutputConfig";
shadow.table[4431] = "NtDWMSetCursorOrientation";
shadow.table[4432] = "NtDWMSetInputSystemOutputConfig";
shadow.table[4433] = "NtDesktopCaptureBits";
shadow.table[4434] = "NtDuplicateCompositionInputSink";
shadow.table[4435] = "NtDxgkGetProcessList";
shadow.table[4436] = "NtDxgkRegisterVailProcess";
shadow.table[4437] = "NtDxgkSubmitPresentBltToHwQueue";
shadow.table[4438] = "NtDxgkVailConnect";
shadow.table[4439] = "NtDxgkVailDisconnect";
shadow.table[4440] = "NtDxgkVailPromoteCompositionSurface";
shadow.table[4441] = "NtEnableOneCoreTransformMode";
shadow.table[4442] = "NtFlipObjectAddContent";
shadow.table[4443] = "NtFlipObjectAddPoolBuffer";
shadow.table[4444] = "NtFlipObjectConsumerAcquirePresent";
shadow.table[4445] = "NtFlipObjectConsumerAdjustUsageReference";
shadow.table[4446] = "NtFlipObjectConsumerBeginProcessPresent";
shadow.table[4447] = "NtFlipObjectConsumerEndProcessPresent";
shadow.table[4448] = "NtFlipObjectConsumerPostMessage";
shadow.table[4449] = "NtFlipObjectConsumerQueryBufferInfo";
shadow.table[4450] = "NtFlipObjectCreate";
shadow.table[4451] = "NtFlipObjectDisconnectEndpoint";
shadow.table[4452] = "NtFlipObjectOpen";
shadow.table[4453] = "NtFlipObjectQueryBufferAvailableEvent";
shadow.table[4454] = "NtFlipObjectQueryEndpointConnected";
shadow.table[4455] = "NtFlipObjectQueryNextMessageToProducer";
shadow.table[4456] = "NtFlipObjectReadNextMessageToProducer";
shadow.table[4457] = "NtFlipObjectRemoveContent";
shadow.table[4458] = "NtFlipObjectRemovePoolBuffer";
shadow.table[4459] = "NtFlipObjectSetContent";
shadow.table[4460] = "NtGdiAbortDoc";
shadow.table[4461] = "NtGdiAbortPath";
shadow.table[4462] = "NtGdiAddEmbFontToDC";
shadow.table[4463] = "NtGdiAddFontResourceW";
shadow.table[4464] = "NtGdiAddInitialFonts";
shadow.table[4465] = "NtGdiAddRemoteFontToDC";
shadow.table[4466] = "NtGdiAddRemoteMMInstanceToDC";
shadow.table[4467] = "NtGdiAngleArc";
shadow.table[4468] = "NtGdiAnyLinkedFonts";
shadow.table[4469] = "NtGdiArcInternal";
shadow.table[4470] = "NtGdiBRUSHOBJ_DeleteRbrush";
shadow.table[4471] = "NtGdiBRUSHOBJ_hGetColorTransform";
shadow.table[4472] = "NtGdiBRUSHOBJ_pvAllocRbrush";
shadow.table[4473] = "NtGdiBRUSHOBJ_pvGetRbrush";
shadow.table[4474] = "NtGdiBRUSHOBJ_ulGetBrushColor";
shadow.table[4475] = "NtGdiBeginGdiRendering";
shadow.table[4476] = "NtGdiCLIPOBJ_bEnum";
shadow.table[4477] = "NtGdiCLIPOBJ_cEnumStart";
shadow.table[4478] = "NtGdiCLIPOBJ_ppoGetPath";
shadow.table[4479] = "NtGdiCancelDC";
shadow.table[4480] = "NtGdiChangeGhostFont";
shadow.table[4481] = "NtGdiCheckBitmapBits";
shadow.table[4482] = "NtGdiClearBitmapAttributes";
shadow.table[4483] = "NtGdiClearBrushAttributes";
shadow.table[4484] = "NtGdiColorCorrectPalette";
shadow.table[4485] = "NtGdiConfigureOPMProtectedOutput";
shadow.table[4486] = "NtGdiConvertMetafileRect";
shadow.table[4487] = "NtGdiCreateBitmapFromDxSurface";
shadow.table[4488] = "NtGdiCreateBitmapFromDxSurface2";
shadow.table[4489] = "NtGdiCreateColorTransform";
shadow.table[4490] = "NtGdiCreateEllipticRgn";
shadow.table[4491] = "NtGdiCreateHatchBrushInternal";
shadow.table[4492] = "NtGdiCreateMetafileDC";
shadow.table[4493] = "NtGdiCreateOPMProtectedOutput";
shadow.table[4494] = "NtGdiCreateOPMProtectedOutputs";
shadow.table[4495] = "NtGdiCreateRoundRectRgn";
shadow.table[4496] = "NtGdiCreateServerMetaFile";
shadow.table[4497] = "NtGdiCreateSessionMappedDIBSection";
shadow.table[4498] = "NtGdiDDCCIGetCapabilitiesString";
shadow.table[4499] = "NtGdiDDCCIGetCapabilitiesStringLength";
shadow.table[4500] = "NtGdiDDCCIGetTimingReport";
shadow.table[4501] = "NtGdiDDCCIGetVCPFeature";
shadow.table[4502] = "NtGdiDDCCISaveCurrentSettings";
shadow.table[4503] = "NtGdiDDCCISetVCPFeature";
shadow.table[4504] = "NtGdiDdCreateFullscreenSprite";
shadow.table[4505] = "NtGdiDdDDIAbandonSwapChain";
shadow.table[4506] = "NtGdiDdDDIAcquireKeyedMutex";
shadow.table[4507] = "NtGdiDdDDIAcquireKeyedMutex2";
shadow.table[4508] = "NtGdiDdDDIAcquireSwapChain";
shadow.table[4509] = "NtGdiDdDDIAddSurfaceToSwapChain";
shadow.table[4510] = "NtGdiDdDDIAdjustFullscreenGamma";
shadow.table[4511] = "NtGdiDdDDICacheHybridQueryValue";
shadow.table[4512] = "NtGdiDdDDIChangeVideoMemoryReservation";
shadow.table[4513] = "NtGdiDdDDICheckExclusiveOwnership";
shadow.table[4514] = "NtGdiDdDDICheckMonitorPowerState";
shadow.table[4515] = "NtGdiDdDDICheckMultiPlaneOverlaySupport";
shadow.table[4516] = "NtGdiDdDDICheckMultiPlaneOverlaySupport2";
shadow.table[4517] = "NtGdiDdDDICheckMultiPlaneOverlaySupport3";
shadow.table[4518] = "NtGdiDdDDICheckOcclusion";
shadow.table[4519] = "NtGdiDdDDICheckSharedResourceAccess";
shadow.table[4520] = "NtGdiDdDDICheckVidPnExclusiveOwnership";
shadow.table[4521] = "NtGdiDdDDICloseAdapter";
shadow.table[4522] = "NtGdiDdDDIConfigureSharedResource";
shadow.table[4523] = "NtGdiDdDDICreateAllocation";
shadow.table[4524] = "NtGdiDdDDICreateBundleObject";
shadow.table[4525] = "NtGdiDdDDICreateContext";
shadow.table[4526] = "NtGdiDdDDICreateContextVirtual";
shadow.table[4527] = "NtGdiDdDDICreateDCFromMemory";
shadow.table[4528] = "NtGdiDdDDICreateDevice";
shadow.table[4529] = "NtGdiDdDDICreateHwContext";
shadow.table[4530] = "NtGdiDdDDICreateHwQueue";
shadow.table[4531] = "NtGdiDdDDICreateKeyedMutex";
shadow.table[4532] = "NtGdiDdDDICreateKeyedMutex2";
shadow.table[4533] = "NtGdiDdDDICreateOutputDupl";
shadow.table[4534] = "NtGdiDdDDICreateOverlay";
shadow.table[4535] = "NtGdiDdDDICreatePagingQueue";
shadow.table[4536] = "NtGdiDdDDICreateProtectedSession";
shadow.table[4537] = "NtGdiDdDDICreateSwapChain";
shadow.table[4538] = "NtGdiDdDDICreateSynchronizationObject";
shadow.table[4539] = "NtGdiDdDDIDDisplayEnum";
shadow.table[4540] = "NtGdiDdDDIDestroyAllocation";
shadow.table[4541] = "NtGdiDdDDIDestroyAllocation2";
shadow.table[4542] = "NtGdiDdDDIDestroyContext";
shadow.table[4543] = "NtGdiDdDDIDestroyDCFromMemory";
shadow.table[4544] = "NtGdiDdDDIDestroyDevice";
shadow.table[4545] = "NtGdiDdDDIDestroyHwContext";
shadow.table[4546] = "NtGdiDdDDIDestroyHwQueue";
shadow.table[4547] = "NtGdiDdDDIDestroyKeyedMutex";
shadow.table[4548] = "NtGdiDdDDIDestroyOutputDupl";
shadow.table[4549] = "NtGdiDdDDIDestroyOverlay";
shadow.table[4550] = "NtGdiDdDDIDestroyPagingQueue";
shadow.table[4551] = "NtGdiDdDDIDestroyProtectedSession";
shadow.table[4552] = "NtGdiDdDDIDestroySynchronizationObject";
shadow.table[4553] = "NtGdiDdDDIDispMgrCreate";
shadow.table[4554] = "NtGdiDdDDIDispMgrSourceOperation";
shadow.table[4555] = "NtGdiDdDDIDispMgrTargetOperation";
shadow.table[4556] = "NtGdiDdDDIEnumAdapters";
shadow.table[4557] = "NtGdiDdDDIEnumAdapters2";
shadow.table[4558] = "NtGdiDdDDIEscape";
shadow.table[4559] = "NtGdiDdDDIEvict";
shadow.table[4560] = "NtGdiDdDDIExtractBundleObject";
shadow.table[4561] = "NtGdiDdDDIFlipOverlay";
shadow.table[4562] = "NtGdiDdDDIFlushHeapTransitions";
shadow.table[4563] = "NtGdiDdDDIFreeGpuVirtualAddress";
shadow.table[4564] = "NtGdiDdDDIGetAllocationPriority";
shadow.table[4565] = "NtGdiDdDDIGetCachedHybridQueryValue";
shadow.table[4566] = "NtGdiDdDDIGetContextInProcessSchedulingPriority";
shadow.table[4567] = "NtGdiDdDDIGetContextSchedulingPriority";
shadow.table[4568] = "NtGdiDdDDIGetDWMVerticalBlankEvent";
shadow.table[4569] = "NtGdiDdDDIGetDeviceState";
shadow.table[4570] = "NtGdiDdDDIGetDisplayModeList";
shadow.table[4571] = "NtGdiDdDDIGetMemoryBudgetTarget";
shadow.table[4572] = "NtGdiDdDDIGetMultiPlaneOverlayCaps";
shadow.table[4573] = "NtGdiDdDDIGetMultisampleMethodList";
shadow.table[4574] = "NtGdiDdDDIGetOverlayState";
shadow.table[4575] = "NtGdiDdDDIGetPostCompositionCaps";
shadow.table[4576] = "NtGdiDdDDIGetPresentHistory";
shadow.table[4577] = "NtGdiDdDDIGetPresentQueueEvent";
shadow.table[4578] = "NtGdiDdDDIGetProcessDeviceRemovalSupport";
shadow.table[4579] = "NtGdiDdDDIGetProcessSchedulingPriorityBand";
shadow.table[4580] = "NtGdiDdDDIGetProcessSchedulingPriorityClass";
shadow.table[4581] = "NtGdiDdDDIGetResourcePresentPrivateDriverData";
shadow.table[4582] = "NtGdiDdDDIGetRuntimeData";
shadow.table[4583] = "NtGdiDdDDIGetScanLine";
shadow.table[4584] = "NtGdiDdDDIGetSetSwapChainMetadata";
shadow.table[4585] = "NtGdiDdDDIGetSharedPrimaryHandle";
shadow.table[4586] = "NtGdiDdDDIGetSharedResourceAdapterLuid";
shadow.table[4587] = "NtGdiDdDDIGetYieldPercentage";
shadow.table[4588] = "NtGdiDdDDIInvalidateActiveVidPn";
shadow.table[4589] = "NtGdiDdDDIInvalidateCache";
shadow.table[4590] = "NtGdiDdDDILock";
shadow.table[4591] = "NtGdiDdDDILock2";
shadow.table[4592] = "NtGdiDdDDIMakeResident";
shadow.table[4593] = "NtGdiDdDDIMapGpuVirtualAddress";
shadow.table[4594] = "NtGdiDdDDIMarkDeviceAsError";
shadow.table[4595] = "NtGdiDdDDINetDispGetNextChunkInfo";
shadow.table[4596] = "NtGdiDdDDINetDispQueryMiracastDisplayDeviceStatus";
shadow.table[4597] = "NtGdiDdDDINetDispQueryMiracastDisplayDeviceSupport";
shadow.table[4598] = "NtGdiDdDDINetDispStartMiracastDisplayDevice";
shadow.table[4599] = "NtGdiDdDDINetDispStopMiracastDisplayDevice";
shadow.table[4600] = "NtGdiDdDDINetDispStopSessions";
shadow.table[4601] = "NtGdiDdDDIOfferAllocations";
shadow.table[4602] = "NtGdiDdDDIOpenAdapterFromDeviceName";
shadow.table[4603] = "NtGdiDdDDIOpenAdapterFromHdc";
shadow.table[4604] = "NtGdiDdDDIOpenAdapterFromLuid";
shadow.table[4605] = "NtGdiDdDDIOpenBundleObjectNtHandleFromName";
shadow.table[4606] = "NtGdiDdDDIOpenKeyedMutex";
shadow.table[4607] = "NtGdiDdDDIOpenKeyedMutex2";
shadow.table[4608] = "NtGdiDdDDIOpenKeyedMutexFromNtHandle";
shadow.table[4609] = "NtGdiDdDDIOpenNtHandleFromName";
shadow.table[4610] = "NtGdiDdDDIOpenProtectedSessionFromNtHandle";
shadow.table[4611] = "NtGdiDdDDIOpenResource";
shadow.table[4612] = "NtGdiDdDDIOpenResourceFromNtHandle";
shadow.table[4613] = "NtGdiDdDDIOpenSwapChain";
shadow.table[4614] = "NtGdiDdDDIOpenSyncObjectFromNtHandle";
shadow.table[4615] = "NtGdiDdDDIOpenSyncObjectFromNtHandle2";
shadow.table[4616] = "NtGdiDdDDIOpenSyncObjectNtHandleFromName";
shadow.table[4617] = "NtGdiDdDDIOpenSynchronizationObject";
shadow.table[4618] = "NtGdiDdDDIOutputDuplGetFrameInfo";
shadow.table[4619] = "NtGdiDdDDIOutputDuplGetMetaData";
shadow.table[4620] = "NtGdiDdDDIOutputDuplGetPointerShapeData";
shadow.table[4621] = "NtGdiDdDDIOutputDuplPresent";
shadow.table[4622] = "NtGdiDdDDIOutputDuplReleaseFrame";
shadow.table[4623] = "NtGdiDdDDIPinDirectFlipResources";
shadow.table[4624] = "NtGdiDdDDIPollDisplayChildren";
shadow.table[4625] = "NtGdiDdDDIPresent";
shadow.table[4626] = "NtGdiDdDDIPresentMultiPlaneOverlay";
shadow.table[4627] = "NtGdiDdDDIPresentMultiPlaneOverlay2";
shadow.table[4628] = "NtGdiDdDDIPresentMultiPlaneOverlay3";
shadow.table[4629] = "NtGdiDdDDIPresentRedirected";
shadow.table[4630] = "NtGdiDdDDIQueryAdapterInfo";
shadow.table[4631] = "NtGdiDdDDIQueryAllocationResidency";
shadow.table[4632] = "NtGdiDdDDIQueryClockCalibration";
shadow.table[4633] = "NtGdiDdDDIQueryFSEBlock";
shadow.table[4634] = "NtGdiDdDDIQueryProcessOfferInfo";
shadow.table[4635] = "NtGdiDdDDIQueryProtectedSessionInfoFromNtHandle";
shadow.table[4636] = "NtGdiDdDDIQueryProtectedSessionStatus";
shadow.table[4637] = "NtGdiDdDDIQueryRemoteVidPnSourceFromGdiDisplayName";
shadow.table[4638] = "NtGdiDdDDIQueryResourceInfo";
shadow.table[4639] = "NtGdiDdDDIQueryResourceInfoFromNtHandle";
shadow.table[4640] = "NtGdiDdDDIQueryStatistics";
shadow.table[4641] = "NtGdiDdDDIQueryVidPnExclusiveOwnership";
shadow.table[4642] = "NtGdiDdDDIQueryVideoMemoryInfo";
shadow.table[4643] = "NtGdiDdDDIReclaimAllocations";
shadow.table[4644] = "NtGdiDdDDIReclaimAllocations2";
shadow.table[4645] = "NtGdiDdDDIReleaseKeyedMutex";
shadow.table[4646] = "NtGdiDdDDIReleaseKeyedMutex2";
shadow.table[4647] = "NtGdiDdDDIReleaseProcessVidPnSourceOwners";
shadow.table[4648] = "NtGdiDdDDIReleaseSwapChain";
shadow.table[4649] = "NtGdiDdDDIRemoveSurfaceFromSwapChain";
shadow.table[4650] = "NtGdiDdDDIRender";
shadow.table[4651] = "NtGdiDdDDIReserveGpuVirtualAddress";
shadow.table[4652] = "NtGdiDdDDISetAllocationPriority";
shadow.table[4653] = "NtGdiDdDDISetContextInProcessSchedulingPriority";
shadow.table[4654] = "NtGdiDdDDISetContextSchedulingPriority";
shadow.table[4655] = "NtGdiDdDDISetDisplayMode";
shadow.table[4656] = "NtGdiDdDDISetDisplayPrivateDriverFormat";
shadow.table[4657] = "NtGdiDdDDISetDodIndirectSwapchain";
shadow.table[4658] = "NtGdiDdDDISetFSEBlock";
shadow.table[4659] = "NtGdiDdDDISetGammaRamp";
shadow.table[4660] = "NtGdiDdDDISetHwProtectionTeardownRecovery";
shadow.table[4661] = "NtGdiDdDDISetMemoryBudgetTarget";
shadow.table[4662] = "NtGdiDdDDISetMonitorColorSpaceTransform";
shadow.table[4663] = "NtGdiDdDDISetProcessDeviceRemovalSupport";
shadow.table[4664] = "NtGdiDdDDISetProcessSchedulingPriorityBand";
shadow.table[4665] = "NtGdiDdDDISetProcessSchedulingPriorityClass";
shadow.table[4666] = "NtGdiDdDDISetQueuedLimit";
shadow.table[4667] = "NtGdiDdDDISetStablePowerState";
shadow.table[4668] = "NtGdiDdDDISetStereoEnabled";
shadow.table[4669] = "NtGdiDdDDISetSyncRefreshCountWaitTarget";
shadow.table[4670] = "NtGdiDdDDISetVidPnSourceHwProtection";
shadow.table[4671] = "NtGdiDdDDISetVidPnSourceOwner";
shadow.table[4672] = "NtGdiDdDDISetYieldPercentage";
shadow.table[4673] = "NtGdiDdDDIShareObjects";
shadow.table[4674] = "NtGdiDdDDISharedPrimaryLockNotification";
shadow.table[4675] = "NtGdiDdDDISharedPrimaryUnLockNotification";
shadow.table[4676] = "NtGdiDdDDISignalSynchronizationObject";
shadow.table[4677] = "NtGdiDdDDISignalSynchronizationObjectFromCpu";
shadow.table[4678] = "NtGdiDdDDISignalSynchronizationObjectFromGpu";
shadow.table[4679] = "NtGdiDdDDISignalSynchronizationObjectFromGpu2";
shadow.table[4680] = "NtGdiDdDDISubmitCommand";
shadow.table[4681] = "NtGdiDdDDISubmitCommandToHwQueue";
shadow.table[4682] = "NtGdiDdDDISubmitSignalSyncObjectsToHwQueue";
shadow.table[4683] = "NtGdiDdDDISubmitWaitForSyncObjectsToHwQueue";
shadow.table[4684] = "NtGdiDdDDITrimProcessCommitment";
shadow.table[4685] = "NtGdiDdDDIUnOrderedPresentSwapChain";
shadow.table[4686] = "NtGdiDdDDIUnlock";
shadow.table[4687] = "NtGdiDdDDIUnlock2";
shadow.table[4688] = "NtGdiDdDDIUnpinDirectFlipResources";
shadow.table[4689] = "NtGdiDdDDIUpdateAllocationProperty";
shadow.table[4690] = "NtGdiDdDDIUpdateGpuVirtualAddress";
shadow.table[4691] = "NtGdiDdDDIUpdateOverlay";
shadow.table[4692] = "NtGdiDdDDIWaitForIdle";
shadow.table[4693] = "NtGdiDdDDIWaitForSynchronizationObject";
shadow.table[4694] = "NtGdiDdDDIWaitForSynchronizationObjectFromCpu";
shadow.table[4695] = "NtGdiDdDDIWaitForSynchronizationObjectFromGpu";
shadow.table[4696] = "NtGdiDdDDIWaitForVerticalBlankEvent";
shadow.table[4697] = "NtGdiDdDDIWaitForVerticalBlankEvent2";
shadow.table[4698] = "NtGdiDdDestroyFullscreenSprite";
shadow.table[4699] = "NtGdiDdNotifyFullscreenSpriteUpdate";
shadow.table[4700] = "NtGdiDdQueryVisRgnUniqueness";
shadow.table[4701] = "NtGdiDeleteColorTransform";
shadow.table[4702] = "NtGdiDescribePixelFormat";
shadow.table[4703] = "NtGdiDestroyOPMProtectedOutput";
shadow.table[4704] = "NtGdiDestroyPhysicalMonitor";
shadow.table[4705] = "NtGdiDoBanding";
shadow.table[4706] = "NtGdiDrawEscape";
shadow.table[4707] = "NtGdiDwmCreatedBitmapRemotingOutput";
shadow.table[4708] = "NtGdiEllipse";
shadow.table[4709] = "NtGdiEnableEudc";
shadow.table[4710] = "NtGdiEndDoc";
shadow.table[4711] = "NtGdiEndGdiRendering";
shadow.table[4712] = "NtGdiEndPage";
shadow.table[4713] = "NtGdiEngAlphaBlend";
shadow.table[4714] = "NtGdiEngAssociateSurface";
shadow.table[4715] = "NtGdiEngBitBlt";
shadow.table[4716] = "NtGdiEngCheckAbort";
shadow.table[4717] = "NtGdiEngComputeGlyphSet";
shadow.table[4718] = "NtGdiEngCopyBits";
shadow.table[4719] = "NtGdiEngCreateBitmap";
shadow.table[4720] = "NtGdiEngCreateClip";
shadow.table[4721] = "NtGdiEngCreateDeviceBitmap";
shadow.table[4722] = "NtGdiEngCreateDeviceSurface";
shadow.table[4723] = "NtGdiEngCreatePalette";
shadow.table[4724] = "NtGdiEngDeleteClip";
shadow.table[4725] = "NtGdiEngDeletePalette";
shadow.table[4726] = "NtGdiEngDeletePath";
shadow.table[4727] = "NtGdiEngDeleteSurface";
shadow.table[4728] = "NtGdiEngEraseSurface";
shadow.table[4729] = "NtGdiEngFillPath";
shadow.table[4730] = "NtGdiEngGradientFill";
shadow.table[4731] = "NtGdiEngLineTo";
shadow.table[4732] = "NtGdiEngLockSurface";
shadow.table[4733] = "NtGdiEngMarkBandingSurface";
shadow.table[4734] = "NtGdiEngPaint";
shadow.table[4735] = "NtGdiEngPlgBlt";
shadow.table[4736] = "NtGdiEngStretchBlt";
shadow.table[4737] = "NtGdiEngStretchBltROP";
shadow.table[4738] = "NtGdiEngStrokeAndFillPath";
shadow.table[4739] = "NtGdiEngStrokePath";
shadow.table[4740] = "NtGdiEngTextOut";
shadow.table[4741] = "NtGdiEngTransparentBlt";
shadow.table[4742] = "NtGdiEngUnlockSurface";
shadow.table[4743] = "NtGdiEnsureDpiDepDefaultGuiFontForPlateau";
shadow.table[4744] = "NtGdiEnumFonts";
shadow.table[4745] = "NtGdiEnumObjects";
shadow.table[4746] = "NtGdiEudcLoadUnloadLink";
shadow.table[4747] = "NtGdiExtFloodFill";
shadow.table[4748] = "NtGdiFONTOBJ_cGetAllGlyphHandles";
shadow.table[4749] = "NtGdiFONTOBJ_cGetGlyphs";
shadow.table[4750] = "NtGdiFONTOBJ_pQueryGlyphAttrs";
shadow.table[4751] = "NtGdiFONTOBJ_pfdg";
shadow.table[4752] = "NtGdiFONTOBJ_pifi";
shadow.table[4753] = "NtGdiFONTOBJ_pvTrueTypeFontFile";
shadow.table[4754] = "NtGdiFONTOBJ_pxoGetXform";
shadow.table[4755] = "NtGdiFONTOBJ_vGetInfo";
shadow.table[4756] = "NtGdiFlattenPath";
shadow.table[4757] = "NtGdiFontIsLinked";
shadow.table[4758] = "NtGdiForceUFIMapping";
shadow.table[4759] = "NtGdiFrameRgn";
shadow.table[4760] = "NtGdiFullscreenControl";
shadow.table[4761] = "NtGdiGetAppliedDeviceGammaRamp";
shadow.table[4762] = "NtGdiGetBitmapDpiScaleValue";
shadow.table[4763] = "NtGdiGetBoundsRect";
shadow.table[4764] = "NtGdiGetCOPPCompatibleOPMInformation";
shadow.table[4765] = "NtGdiGetCertificate";
shadow.table[4766] = "NtGdiGetCertificateByHandle";
shadow.table[4767] = "NtGdiGetCertificateSize";
shadow.table[4768] = "NtGdiGetCertificateSizeByHandle";
shadow.table[4769] = "NtGdiGetCharABCWidthsW";
shadow.table[4770] = "NtGdiGetCharacterPlacementW";
shadow.table[4771] = "NtGdiGetColorAdjustment";
shadow.table[4772] = "NtGdiGetColorSpaceforBitmap";
shadow.table[4773] = "NtGdiGetCurrentDpiInfo";
shadow.table[4774] = "NtGdiGetDCDpiScaleValue";
shadow.table[4775] = "NtGdiGetDeviceCaps";
shadow.table[4776] = "NtGdiGetDeviceCapsAll";
shadow.table[4777] = "NtGdiGetDeviceGammaRamp";
shadow.table[4778] = "NtGdiGetDeviceWidth";
shadow.table[4779] = "NtGdiGetDhpdev";
shadow.table[4780] = "NtGdiGetETM";
shadow.table[4781] = "NtGdiGetEmbUFI";
shadow.table[4782] = "NtGdiGetEmbedFonts";
shadow.table[4783] = "NtGdiGetEntry";
shadow.table[4784] = "NtGdiGetEudcTimeStampEx";
shadow.table[4785] = "NtGdiGetFontFileData";
shadow.table[4786] = "NtGdiGetFontFileInfo";
shadow.table[4787] = "NtGdiGetFontResourceInfoInternalW";
shadow.table[4788] = "NtGdiGetFontUnicodeRanges";
shadow.table[4789] = "NtGdiGetGammaRampCapability";
shadow.table[4790] = "NtGdiGetGlyphIndicesW";
shadow.table[4791] = "NtGdiGetGlyphIndicesWInternal";
shadow.table[4792] = "NtGdiGetGlyphOutline";
shadow.table[4793] = "NtGdiGetKerningPairs";
shadow.table[4794] = "NtGdiGetLinkedUFIs";
shadow.table[4795] = "NtGdiGetMiterLimit";
shadow.table[4796] = "NtGdiGetMonitorID";
shadow.table[4797] = "NtGdiGetNumberOfPhysicalMonitors";
shadow.table[4798] = "NtGdiGetOPMInformation";
shadow.table[4799] = "NtGdiGetOPMRandomNumber";
shadow.table[4800] = "NtGdiGetObjectBitmapHandle";
shadow.table[4801] = "NtGdiGetPath";
shadow.table[4802] = "NtGdiGetPerBandInfo";
shadow.table[4803] = "NtGdiGetPhysicalMonitorDescription";
shadow.table[4804] = "NtGdiGetPhysicalMonitors";
shadow.table[4805] = "NtGdiGetProcessSessionFonts";
shadow.table[4806] = "NtGdiGetPublicFontTableChangeCookie";
shadow.table[4807] = "NtGdiGetRealizationInfo";
shadow.table[4808] = "NtGdiGetServerMetaFileBits";
shadow.table[4809] = "NtGdiGetSpoolMessage";
shadow.table[4810] = "NtGdiGetStats";
shadow.table[4811] = "NtGdiGetStringBitmapW";
shadow.table[4812] = "NtGdiGetSuggestedOPMProtectedOutputArraySize";
shadow.table[4813] = "NtGdiGetTextExtentExW";
shadow.table[4814] = "NtGdiGetUFI";
shadow.table[4815] = "NtGdiGetUFIPathname";
shadow.table[4816] = "NtGdiGradientFill";
shadow.table[4817] = "NtGdiHLSurfGetInformation";
shadow.table[4818] = "NtGdiHLSurfSetInformation";
shadow.table[4819] = "NtGdiHT_Get8BPPFormatPalette";
shadow.table[4820] = "NtGdiHT_Get8BPPMaskPalette";
shadow.table[4821] = "NtGdiIcmBrushInfo";
shadow.table[4822] = "NtGdiInit";
shadow.table[4823] = "NtGdiInitSpool";
shadow.table[4824] = "NtGdiMakeFontDir";
shadow.table[4825] = "NtGdiMakeInfoDC";
shadow.table[4826] = "NtGdiMakeObjectUnXferable";
shadow.table[4827] = "NtGdiMakeObjectXferable";
shadow.table[4828] = "NtGdiMirrorWindowOrg";
shadow.table[4829] = "NtGdiMonoBitmap";
shadow.table[4830] = "NtGdiMoveTo";
shadow.table[4831] = "NtGdiOffsetClipRgn";
shadow.table[4832] = "NtGdiPATHOBJ_bEnum";
shadow.table[4833] = "NtGdiPATHOBJ_bEnumClipLines";
shadow.table[4834] = "NtGdiPATHOBJ_vEnumStart";
shadow.table[4835] = "NtGdiPATHOBJ_vEnumStartClipLines";
shadow.table[4836] = "NtGdiPATHOBJ_vGetBounds";
shadow.table[4837] = "NtGdiPathToRegion";
shadow.table[4838] = "NtGdiPlgBlt";
shadow.table[4839] = "NtGdiPolyDraw";
shadow.table[4840] = "NtGdiPolyTextOutW";
shadow.table[4841] = "NtGdiPtInRegion";
shadow.table[4842] = "NtGdiPtVisible";
shadow.table[4843] = "NtGdiQueryFonts";
shadow.table[4844] = "NtGdiRemoveFontResourceW";
shadow.table[4845] = "NtGdiRemoveMergeFont";
shadow.table[4846] = "NtGdiResetDC";
shadow.table[4847] = "NtGdiResizePalette";
shadow.table[4848] = "NtGdiRoundRect";
shadow.table[4849] = "NtGdiSTROBJ_bEnum";
shadow.table[4850] = "NtGdiSTROBJ_bEnumPositionsOnly";
shadow.table[4851] = "NtGdiSTROBJ_bGetAdvanceWidths";
shadow.table[4852] = "NtGdiSTROBJ_dwGetCodePage";
shadow.table[4853] = "NtGdiSTROBJ_vEnumStart";
shadow.table[4854] = "NtGdiScaleRgn";
shadow.table[4855] = "NtGdiScaleValues";
shadow.table[4856] = "NtGdiScaleViewportExtEx";
shadow.table[4857] = "NtGdiScaleWindowExtEx";
shadow.table[4858] = "NtGdiSelectBrush";
shadow.table[4859] = "NtGdiSelectClipPath";
shadow.table[4860] = "NtGdiSelectPen";
shadow.table[4861] = "NtGdiSetBitmapAttributes";
shadow.table[4862] = "NtGdiSetBrushAttributes";
shadow.table[4863] = "NtGdiSetColorAdjustment";
shadow.table[4864] = "NtGdiSetColorSpace";
shadow.table[4865] = "NtGdiSetDeviceGammaRamp";
shadow.table[4866] = "NtGdiSetFontXform";
shadow.table[4867] = "NtGdiSetIcmMode";
shadow.table[4868] = "NtGdiSetLinkedUFIs";
shadow.table[4869] = "NtGdiSetMagicColors";
shadow.table[4870] = "NtGdiSetOPMSigningKeyAndSequenceNumbers";
shadow.table[4871] = "NtGdiSetPUMPDOBJ";
shadow.table[4872] = "NtGdiSetPixelFormat";
shadow.table[4873] = "NtGdiSetPrivateDeviceGammaRamp";
shadow.table[4874] = "NtGdiSetRectRgn";
shadow.table[4875] = "NtGdiSetSizeDevice";
shadow.table[4876] = "NtGdiSetSystemPaletteUse";
shadow.table[4877] = "NtGdiSetTextJustification";
shadow.table[4878] = "NtGdiSetUMPDSandboxState";
shadow.table[4879] = "NtGdiStartDoc";
shadow.table[4880] = "NtGdiStartPage";
shadow.table[4881] = "NtGdiStrokeAndFillPath";
shadow.table[4882] = "NtGdiStrokePath";
shadow.table[4883] = "NtGdiSwapBuffers";
shadow.table[4884] = "NtGdiTransparentBlt";
shadow.table[4885] = "NtGdiUMPDEngFreeUserMem";
shadow.table[4886] = "NtGdiUnloadPrinterDriver";
shadow.table[4887] = "NtGdiUnmapMemFont";
shadow.table[4888] = "NtGdiUpdateColors";
shadow.table[4889] = "NtGdiUpdateTransform";
shadow.table[4890] = "NtGdiWidenPath";
shadow.table[4891] = "NtGdiXFORMOBJ_bApplyXform";
shadow.table[4892] = "NtGdiXFORMOBJ_iGetXform";
shadow.table[4893] = "NtGdiXLATEOBJ_cGetPalette";
shadow.table[4894] = "NtGdiXLATEOBJ_hGetColorTransform";
shadow.table[4895] = "NtGdiXLATEOBJ_iXlate";
shadow.table[4896] = "NtHWCursorUpdatePointer";
shadow.table[4897] = "NtIsOneCoreTransformMode";
shadow.table[4898] = "NtMITActivateInputProcessing";
shadow.table[4899] = "NtMITBindInputTypeToMonitors";
shadow.table[4900] = "NtMITCoreMsgKGetConnectionHandle";
shadow.table[4901] = "NtMITCoreMsgKOpenConnectionTo";
shadow.table[4902] = "NtMITCoreMsgKSend";
shadow.table[4903] = "NtMITDeactivateInputProcessing";
shadow.table[4904] = "NtMITDisableMouseIntercept";
shadow.table[4905] = "NtMITDispatchCompletion";
shadow.table[4906] = "NtMITEnableMouseIntercept";
shadow.table[4907] = "NtMITGetCursorUpdateHandle";
shadow.table[4908] = "NtMITSetInputCallbacks";
shadow.table[4909] = "NtMITSetInputDelegationMode";
shadow.table[4910] = "NtMITSetLastInputRecipient";
shadow.table[4911] = "NtMITSynthesizeMouseInput";
shadow.table[4912] = "NtMITSynthesizeMouseWheel";
shadow.table[4913] = "NtMITSynthesizeTouchInput";
shadow.table[4914] = "NtMITUpdateInputGlobals";
shadow.table[4915] = "NtMITWaitForMultipleObjectsEx";
shadow.table[4916] = "NtMapVisualRelativePoints";
shadow.table[4917] = "NtNotifyPresentToCompositionSurface";
shadow.table[4918] = "NtOpenCompositionSurfaceDirtyRegion";
shadow.table[4919] = "NtOpenCompositionSurfaceSectionInfo";
shadow.table[4920] = "NtOpenCompositionSurfaceSwapChainHandleInfo";
shadow.table[4921] = "NtQueryCompositionInputIsImplicit";
shadow.table[4922] = "NtQueryCompositionInputQueueAndTransform";
shadow.table[4923] = "NtQueryCompositionInputSink";
shadow.table[4924] = "NtQueryCompositionInputSinkLuid";
shadow.table[4925] = "NtQueryCompositionInputSinkViewId";
shadow.table[4926] = "NtQueryCompositionSurfaceBinding";
shadow.table[4927] = "NtQueryCompositionSurfaceHDRMetaData";
shadow.table[4928] = "NtQueryCompositionSurfaceRenderingRealization";
shadow.table[4929] = "NtQueryCompositionSurfaceStatistics";
shadow.table[4930] = "NtRIMAddInputObserver";
shadow.table[4931] = "NtRIMAreSiblingDevices";
shadow.table[4932] = "NtRIMDeviceIoControl";
shadow.table[4933] = "NtRIMEnableMonitorMappingForDevice";
shadow.table[4934] = "NtRIMFreeInputBuffer";
shadow.table[4935] = "NtRIMGetDevicePreparsedData";
shadow.table[4936] = "NtRIMGetDevicePreparsedDataLockfree";
shadow.table[4937] = "NtRIMGetDeviceProperties";
shadow.table[4938] = "NtRIMGetDevicePropertiesLockfree";
shadow.table[4939] = "NtRIMGetPhysicalDeviceRect";
shadow.table[4940] = "NtRIMGetSourceProcessId";
shadow.table[4941] = "NtRIMObserveNextInput";
shadow.table[4942] = "NtRIMOnPnpNotification";
shadow.table[4943] = "NtRIMOnTimerNotification";
shadow.table[4944] = "NtRIMReadInput";
shadow.table[4945] = "NtRIMRegisterForInput";
shadow.table[4946] = "NtRIMRemoveInputObserver";
shadow.table[4947] = "NtRIMSetTestModeStatus";
shadow.table[4948] = "NtRIMUnregisterForInput";
shadow.table[4949] = "NtRIMUpdateInputObserverRegistration";
shadow.table[4950] = "NtSetCompositionSurfaceAnalogExclusive";
shadow.table[4951] = "NtSetCompositionSurfaceBufferUsage";
shadow.table[4952] = "NtSetCompositionSurfaceDirectFlipState";
shadow.table[4953] = "NtSetCompositionSurfaceIndependentFlipInfo";
shadow.table[4954] = "NtSetCompositionSurfaceStatistics";
shadow.table[4955] = "NtTokenManagerConfirmOutstandingAnalogToken";
shadow.table[4956] = "NtTokenManagerCreateCompositionTokenHandle";
shadow.table[4957] = "NtTokenManagerCreateFlipObjectReturnTokenHandle";
shadow.table[4958] = "NtTokenManagerCreateFlipObjectTokenHandle";
shadow.table[4959] = "NtTokenManagerGetAnalogExclusiveSurfaceUpdates";
shadow.table[4960] = "NtTokenManagerGetAnalogExclusiveTokenEvent";
shadow.table[4961] = "NtTokenManagerOpenSectionAndEvents";
shadow.table[4962] = "NtTokenManagerThread";
shadow.table[4963] = "NtUnBindCompositionSurface";
shadow.table[4964] = "NtUpdateInputSinkTransforms";
shadow.table[4965] = "NtUserAcquireIAMKey";
shadow.table[4966] = "NtUserAcquireInteractiveControlBackgroundAccess";
shadow.table[4967] = "NtUserAddClipboardFormatListener";
shadow.table[4968] = "NtUserAssociateInputContext";
shadow.table[4969] = "NtUserAutoPromoteMouseInPointer";
shadow.table[4970] = "NtUserAutoRotateScreen";
shadow.table[4971] = "NtUserBeginLayoutUpdate";
shadow.table[4972] = "NtUserBlockInput";
shadow.table[4973] = "NtUserBroadcastThemeChangeEvent";
shadow.table[4974] = "NtUserBuildHimcList";
shadow.table[4975] = "NtUserBuildPropList";
shadow.table[4976] = "NtUserCalculatePopupWindowPosition";
shadow.table[4977] = "NtUserCallHwndOpt";
shadow.table[4978] = "NtUserCanBrokerForceForeground";
shadow.table[4979] = "NtUserChangeDisplaySettings";
shadow.table[4980] = "NtUserChangeWindowMessageFilterEx";
shadow.table[4981] = "NtUserCheckAccessForIntegrityLevel";
shadow.table[4982] = "NtUserCheckProcessForClipboardAccess";
shadow.table[4983] = "NtUserCheckProcessSession";
shadow.table[4984] = "NtUserCheckWindowThreadDesktop";
shadow.table[4985] = "NtUserChildWindowFromPointEx";
shadow.table[4986] = "NtUserClearForeground";
shadow.table[4987] = "NtUserClipCursor";
shadow.table[4988] = "NtUserCompositionInputSinkLuidFromPoint";
shadow.table[4989] = "NtUserCompositionInputSinkViewInstanceIdFromPoint";
shadow.table[4990] = "NtUserConfirmResizeCommit";
shadow.table[4991] = "NtUserCreateDCompositionHwndTarget";
shadow.table[4992] = "NtUserCreateDesktopEx";
shadow.table[4993] = "NtUserCreateEmptyCursorObject";
shadow.table[4994] = "NtUserCreateInputContext";
shadow.table[4995] = "NtUserCreatePalmRejectionDelayZone";
shadow.table[4996] = "NtUserCreateWindowGroup";
shadow.table[4997] = "NtUserCreateWindowStation";
shadow.table[4998] = "NtUserCtxDisplayIOCtl";
shadow.table[4999] = "NtUserDeferWindowPosAndBand";
shadow.table[5000] = "NtUserDelegateCapturePointers";
shadow.table[5001] = "NtUserDelegateInput";
shadow.table[5002] = "NtUserDeleteWindowGroup";
shadow.table[5003] = "NtUserDestroyDCompositionHwndTarget";
shadow.table[5004] = "NtUserDestroyInputContext";
shadow.table[5005] = "NtUserDestroyPalmRejectionDelayZone";
shadow.table[5006] = "NtUserDisableImmersiveOwner";
shadow.table[5007] = "NtUserDisableProcessWindowFiltering";
shadow.table[5008] = "NtUserDisableThreadIme";
shadow.table[5009] = "NtUserDiscardPointerFrameMessages";
shadow.table[5010] = "NtUserDisplayConfigGetDeviceInfo";
shadow.table[5011] = "NtUserDisplayConfigSetDeviceInfo";
shadow.table[5012] = "NtUserDoSoundConnect";
shadow.table[5013] = "NtUserDoSoundDisconnect";
shadow.table[5014] = "NtUserDragDetect";
shadow.table[5015] = "NtUserDragObject";
shadow.table[5016] = "NtUserDrawAnimatedRects";
shadow.table[5017] = "NtUserDrawCaption";
shadow.table[5018] = "NtUserDrawCaptionTemp";
shadow.table[5019] = "NtUserDrawMenuBarTemp";
shadow.table[5020] = "NtUserDwmGetRemoteSessionOcclusionEvent";
shadow.table[5021] = "NtUserDwmGetRemoteSessionOcclusionState";
shadow.table[5022] = "NtUserDwmKernelShutdown";
shadow.table[5023] = "NtUserDwmKernelStartup";
shadow.table[5024] = "NtUserDwmValidateWindow";
shadow.table[5025] = "NtUserEnableChildWindowDpiMessage";
shadow.table[5026] = "NtUserEnableIAMAccess";
shadow.table[5027] = "NtUserEnableMouseInPointer";
shadow.table[5028] = "NtUserEnableMouseInputForCursorSuppression";
shadow.table[5029] = "NtUserEnableNonClientDpiScaling";
shadow.table[5030] = "NtUserEnableResizeLayoutSynchronization";
shadow.table[5031] = "NtUserEnableSoftwareCursorForScreenCapture";
shadow.table[5032] = "NtUserEnableTouchPad";
shadow.table[5033] = "NtUserEnableWindowGDIScaledDpiMessage";
shadow.table[5034] = "NtUserEnableWindowGroupPolicy";
shadow.table[5035] = "NtUserEnableWindowResizeOptimization";
shadow.table[5036] = "NtUserEndMenu";
shadow.table[5037] = "NtUserEvent";
shadow.table[5038] = "NtUserFlashWindowEx";
shadow.table[5039] = "NtUserFrostCrashedWindow";
shadow.table[5040] = "NtUserFunctionalizeDisplayConfig";
shadow.table[5041] = "NtUserGetActiveProcessesDpis";
shadow.table[5042] = "NtUserGetAppImeLevel";
shadow.table[5043] = "NtUserGetAutoRotationState";
shadow.table[5044] = "NtUserGetCIMSSM";
shadow.table[5045] = "NtUserGetCaretPos";
shadow.table[5046] = "NtUserGetClipCursor";
shadow.table[5047] = "NtUserGetClipboardAccessToken";
shadow.table[5048] = "NtUserGetClipboardViewer";
shadow.table[5049] = "NtUserGetComboBoxInfo";
shadow.table[5050] = "NtUserGetCurrentInputMessageSource";
shadow.table[5051] = "NtUserGetCursor";
shadow.table[5052] = "NtUserGetCursorDims";
shadow.table[5053] = "NtUserGetCursorInfo";
shadow.table[5054] = "NtUserGetDManipHookInitFunction";
shadow.table[5055] = "NtUserGetDesktopID";
shadow.table[5056] = "NtUserGetDisplayAutoRotationPreferences";
shadow.table[5057] = "NtUserGetDisplayAutoRotationPreferencesByProcessId";
shadow.table[5058] = "NtUserGetDisplayConfigBufferSizes";
shadow.table[5059] = "NtUserGetDpiForCurrentProcess";
shadow.table[5060] = "NtUserGetDpiForMonitor";
shadow.table[5061] = "NtUserGetGestureConfig";
shadow.table[5062] = "NtUserGetGestureExtArgs";
shadow.table[5063] = "NtUserGetGestureInfo";
shadow.table[5064] = "NtUserGetGuiResources";
shadow.table[5065] = "NtUserGetHDevName";
shadow.table[5066] = "NtUserGetHimetricScaleFactorFromPixelLocation";
shadow.table[5067] = "NtUserGetImeHotKey";
shadow.table[5068] = "NtUserGetImeInfoEx";
shadow.table[5069] = "NtUserGetInputLocaleInfo";
shadow.table[5070] = "NtUserGetInteractiveControlDeviceInfo";
shadow.table[5071] = "NtUserGetInteractiveControlInfo";
shadow.table[5072] = "NtUserGetInteractiveCtrlSupportedWaveforms";
shadow.table[5073] = "NtUserGetInternalWindowPos";
shadow.table[5074] = "NtUserGetKeyNameText";
shadow.table[5075] = "NtUserGetKeyboardLayoutName";
shadow.table[5076] = "NtUserGetLayeredWindowAttributes";
shadow.table[5077] = "NtUserGetListBoxInfo";
shadow.table[5078] = "NtUserGetMenuIndex";
shadow.table[5079] = "NtUserGetMenuItemRect";
shadow.table[5080] = "NtUserGetMonitorBrightness";
shadow.table[5081] = "NtUserGetMouseMovePointsEx";
shadow.table[5082] = "NtUserGetOemBitmapSize";
shadow.table[5083] = "NtUserGetPhysicalDeviceRect";
shadow.table[5084] = "NtUserGetPointerCursorId";
shadow.table[5085] = "NtUserGetPointerDevice";
shadow.table[5086] = "NtUserGetPointerDeviceCursors";
shadow.table[5087] = "NtUserGetPointerDeviceProperties";
shadow.table[5088] = "NtUserGetPointerDeviceRects";
shadow.table[5089] = "NtUserGetPointerDevices";
shadow.table[5090] = "NtUserGetPointerFrameArrivalTimes";
shadow.table[5091] = "NtUserGetPointerInfoList";
shadow.table[5092] = "NtUserGetPointerInputTransform";
shadow.table[5093] = "NtUserGetPointerType";
shadow.table[5094] = "NtUserGetPrecisionTouchPadConfiguration";
shadow.table[5095] = "NtUserGetPriorityClipboardFormat";
shadow.table[5096] = "NtUserGetProcessDpiAwarenessContext";
shadow.table[5097] = "NtUserGetProcessUIContextInformation";
shadow.table[5098] = "NtUserGetQueueStatusReadonly";
shadow.table[5099] = "NtUserGetRawInputBuffer";
shadow.table[5100] = "NtUserGetRawInputData";
shadow.table[5101] = "NtUserGetRawInputDeviceInfo";
shadow.table[5102] = "NtUserGetRawInputDeviceList";
shadow.table[5103] = "NtUserGetRawPointerDeviceData";
shadow.table[5104] = "NtUserGetRegisteredRawInputDevices";
shadow.table[5105] = "NtUserGetResizeDCompositionSynchronizationObject";
shadow.table[5106] = "NtUserGetSystemDpiForProcess";
shadow.table[5107] = "NtUserGetTopLevelWindow";
shadow.table[5108] = "NtUserGetTouchInputInfo";
shadow.table[5109] = "NtUserGetTouchValidationStatus";
shadow.table[5110] = "NtUserGetUpdatedClipboardFormats";
shadow.table[5111] = "NtUserGetWOWClass";
shadow.table[5112] = "NtUserGetWindowBand";
shadow.table[5113] = "NtUserGetWindowCompositionAttribute";
shadow.table[5114] = "NtUserGetWindowCompositionInfo";
shadow.table[5115] = "NtUserGetWindowDisplayAffinity";
shadow.table[5116] = "NtUserGetWindowFeedbackSetting";
shadow.table[5117] = "NtUserGetWindowGroupId";
shadow.table[5118] = "NtUserGetWindowMinimizeRect";
shadow.table[5119] = "NtUserGetWindowProcessHandle";
shadow.table[5120] = "NtUserGetWindowRgnEx";
shadow.table[5121] = "NtUserGhostWindowFromHungWindow";
shadow.table[5122] = "NtUserHandleDelegatedInput";
shadow.table[5123] = "NtUserHardErrorControl";
shadow.table[5124] = "NtUserHidePointerContactVisualization";
shadow.table[5125] = "NtUserHiliteMenuItem";
shadow.table[5126] = "NtUserHungWindowFromGhostWindow";
shadow.table[5127] = "NtUserHwndQueryRedirectionInfo";
shadow.table[5128] = "NtUserHwndSetRedirectionInfo";
shadow.table[5129] = "NtUserImpersonateDdeClientWindow";
shadow.table[5130] = "NtUserInheritWindowMonitor";
shadow.table[5131] = "NtUserInitTask";
shadow.table[5132] = "NtUserInitialize";
shadow.table[5133] = "NtUserInitializeClientPfnArrays";
shadow.table[5134] = "NtUserInitializeGenericHidInjection";
shadow.table[5135] = "NtUserInitializeInputDeviceInjection";
shadow.table[5136] = "NtUserInitializePointerDeviceInjection";
shadow.table[5137] = "NtUserInitializePointerDeviceInjectionEx";
shadow.table[5138] = "NtUserInitializeTouchInjection";
shadow.table[5139] = "NtUserInjectDeviceInput";
shadow.table[5140] = "NtUserInjectGenericHidInput";
shadow.table[5141] = "NtUserInjectGesture";
shadow.table[5142] = "NtUserInjectKeyboardInput";
shadow.table[5143] = "NtUserInjectMouseInput";
shadow.table[5144] = "NtUserInjectPointerInput";
shadow.table[5145] = "NtUserInjectTouchInput";
shadow.table[5146] = "NtUserInteractiveControlQueryUsage";
shadow.table[5147] = "NtUserInternalGetWindowIcon";
shadow.table[5148] = "NtUserIsChildWindowDpiMessageEnabled";
shadow.table[5149] = "NtUserIsMouseInPointerEnabled";
shadow.table[5150] = "NtUserIsMouseInputEnabled";
shadow.table[5151] = "NtUserIsNonClientDpiScalingEnabled";
shadow.table[5152] = "NtUserIsResizeLayoutSynchronizationEnabled";
shadow.table[5153] = "NtUserIsTopLevelWindow";
shadow.table[5154] = "NtUserIsTouchWindow";
shadow.table[5155] = "NtUserIsWindowBroadcastingDpiToChildren";
shadow.table[5156] = "NtUserIsWindowGDIScaledDpiMessageEnabled";
shadow.table[5157] = "NtUserLayoutCompleted";
shadow.table[5158] = "NtUserLinkDpiCursor";
shadow.table[5159] = "NtUserLoadKeyboardLayoutEx";
shadow.table[5160] = "NtUserLockCursor";
shadow.table[5161] = "NtUserLockWindowStation";
shadow.table[5162] = "NtUserLockWorkStation";
shadow.table[5163] = "NtUserLogicalToPerMonitorDPIPhysicalPoint";
shadow.table[5164] = "NtUserLogicalToPhysicalDpiPointForWindow";
shadow.table[5165] = "NtUserLogicalToPhysicalPoint";
shadow.table[5166] = "NtUserMNDragLeave";
shadow.table[5167] = "NtUserMNDragOver";
shadow.table[5168] = "NtUserMagControl";
shadow.table[5169] = "NtUserMagGetContextInformation";
shadow.table[5170] = "NtUserMagSetContextInformation";
shadow.table[5171] = "NtUserMenuItemFromPoint";
shadow.table[5172] = "NtUserMinMaximize";
shadow.table[5173] = "NtUserModifyWindowTouchCapability";
shadow.table[5174] = "NtUserMsgWaitForMultipleObjectsEx";
shadow.table[5175] = "NtUserNavigateFocus";
shadow.table[5176] = "NtUserNotifyIMEStatus";
shadow.table[5177] = "NtUserOpenInputDesktop";
shadow.table[5178] = "NtUserOpenThreadDesktop";
shadow.table[5179] = "NtUserPaintMonitor";
shadow.table[5180] = "NtUserPerMonitorDPIPhysicalToLogicalPoint";
shadow.table[5181] = "NtUserPhysicalToLogicalDpiPointForWindow";
shadow.table[5182] = "NtUserPhysicalToLogicalPoint";
shadow.table[5183] = "NtUserPrintWindow";
shadow.table[5184] = "NtUserProcessInkFeedbackCommand";
shadow.table[5185] = "NtUserPromoteMouseInPointer";
shadow.table[5186] = "NtUserPromotePointer";
shadow.table[5187] = "NtUserQueryBSDRWindow";
shadow.table[5188] = "NtUserQueryDisplayConfig";
shadow.table[5189] = "NtUserQueryInformationThread";
shadow.table[5190] = "NtUserQueryInputContext";
shadow.table[5191] = "NtUserQuerySendMessage";
shadow.table[5192] = "NtUserRealChildWindowFromPoint";
shadow.table[5193] = "NtUserRealWaitMessageEx";
shadow.table[5194] = "NtUserRegisterBSDRWindow";
shadow.table[5195] = "NtUserRegisterDManipHook";
shadow.table[5196] = "NtUserRegisterEdgy";
shadow.table[5197] = "NtUserRegisterErrorReportingDialog";
shadow.table[5198] = "NtUserRegisterHotKey";
shadow.table[5199] = "NtUserRegisterManipulationThread";
shadow.table[5200] = "NtUserRegisterPointerDeviceNotifications";
shadow.table[5201] = "NtUserRegisterPointerInputTarget";
shadow.table[5202] = "NtUserRegisterRawInputDevices";
shadow.table[5203] = "NtUserRegisterServicesProcess";
shadow.table[5204] = "NtUserRegisterSessionPort";
shadow.table[5205] = "NtUserRegisterShellPTPListener";
shadow.table[5206] = "NtUserRegisterTasklist";
shadow.table[5207] = "NtUserRegisterTouchHitTestingWindow";
shadow.table[5208] = "NtUserRegisterTouchPadCapable";
shadow.table[5209] = "NtUserRegisterUserApiHook";
shadow.table[5210] = "NtUserReleaseDC";
shadow.table[5211] = "NtUserReleaseDwmHitTestWaiters";
shadow.table[5212] = "NtUserRemoteConnect";
shadow.table[5213] = "NtUserRemoteRedrawRectangle";
shadow.table[5214] = "NtUserRemoteRedrawScreen";
shadow.table[5215] = "NtUserRemoteStopScreenUpdates";
shadow.table[5216] = "NtUserRemoveClipboardFormatListener";
shadow.table[5217] = "NtUserRemoveInjectionDevice";
shadow.table[5218] = "NtUserReportInertia";
shadow.table[5219] = "NtUserRequestMoveSizeOperation";
shadow.table[5220] = "NtUserResolveDesktopForWOW";
shadow.table[5221] = "NtUserSendEventMessage";
shadow.table[5222] = "NtUserSendInteractiveControlHapticsReport";
shadow.table[5223] = "NtUserSetActivationFilter";
shadow.table[5224] = "NtUserSetActiveProcessForMonitor";
shadow.table[5225] = "NtUserSetAppImeLevel";
shadow.table[5226] = "NtUserSetAutoRotation";
shadow.table[5227] = "NtUserSetBridgeWindowChild";
shadow.table[5228] = "NtUserSetBrokeredForeground";
shadow.table[5229] = "NtUserSetCalibrationData";
shadow.table[5230] = "NtUserSetChildWindowNoActivate";
shadow.table[5231] = "NtUserSetClassWord";
shadow.table[5232] = "NtUserSetCoreWindow";
shadow.table[5233] = "NtUserSetCoreWindowPartner";
shadow.table[5234] = "NtUserSetCursorContents";
shadow.table[5235] = "NtUserSetCursorPos";
shadow.table[5236] = "NtUserSetDesktopColorTransform";
shadow.table[5237] = "NtUserSetDialogControlDpiChangeBehavior";
shadow.table[5238] = "NtUserSetDimUndimTransitionTime";
shadow.table[5239] = "NtUserSetDisplayAutoRotationPreferences";
shadow.table[5240] = "NtUserSetDisplayConfig";
shadow.table[5241] = "NtUserSetDisplayMapping";
shadow.table[5242] = "NtUserSetFallbackForeground";
shadow.table[5243] = "NtUserSetFeatureReportResponse";
shadow.table[5244] = "NtUserSetGestureConfig";
shadow.table[5245] = "NtUserSetImeHotKey";
shadow.table[5246] = "NtUserSetImeInfoEx";
shadow.table[5247] = "NtUserSetImeOwnerWindow";
shadow.table[5248] = "NtUserSetInteractiveControlFocus";
shadow.table[5249] = "NtUserSetInteractiveCtrlRotationAngle";
shadow.table[5250] = "NtUserSetInternalWindowPos";
shadow.table[5251] = "NtUserSetLayeredWindowAttributes";
shadow.table[5252] = "NtUserSetManipulationInputTarget";
shadow.table[5253] = "NtUserSetMenu";
shadow.table[5254] = "NtUserSetMenuContextHelpId";
shadow.table[5255] = "NtUserSetMenuFlagRtoL";
shadow.table[5256] = "NtUserSetMirrorRendering";
shadow.table[5257] = "NtUserSetMonitorBrightness";
shadow.table[5258] = "NtUserSetObjectInformation";
shadow.table[5259] = "NtUserSetPrecisionTouchPadConfiguration";
shadow.table[5260] = "NtUserSetProcessDpiAwarenessContext";
shadow.table[5261] = "NtUserSetProcessInteractionFlags";
shadow.table[5262] = "NtUserSetProcessRestrictionExemption";
shadow.table[5263] = "NtUserSetProcessUIAccessZorder";
shadow.table[5264] = "NtUserSetShellWindowEx";
shadow.table[5265] = "NtUserSetSysColors";
shadow.table[5266] = "NtUserSetSystemCursor";
shadow.table[5267] = "NtUserSetSystemTimer";
shadow.table[5268] = "NtUserSetTargetForResourceBrokering";
shadow.table[5269] = "NtUserSetThreadInputBlocked";
shadow.table[5270] = "NtUserSetThreadLayoutHandles";
shadow.table[5271] = "NtUserSetWindowArrangement";
shadow.table[5272] = "NtUserSetWindowBand";
shadow.table[5273] = "NtUserSetWindowCompositionAttribute";
shadow.table[5274] = "NtUserSetWindowCompositionTransition";
shadow.table[5275] = "NtUserSetWindowDisplayAffinity";
shadow.table[5276] = "NtUserSetWindowFeedbackSetting";
shadow.table[5277] = "NtUserSetWindowGroup";
shadow.table[5278] = "NtUserSetWindowRgnEx";
shadow.table[5279] = "NtUserSetWindowShowState";
shadow.table[5280] = "NtUserSetWindowStationUser";
shadow.table[5281] = "NtUserShowCursor";
shadow.table[5282] = "NtUserShowSystemCursor";
shadow.table[5283] = "NtUserShutdownBlockReasonCreate";
shadow.table[5284] = "NtUserShutdownBlockReasonQuery";
shadow.table[5285] = "NtUserShutdownReasonDestroy";
shadow.table[5286] = "NtUserSignalRedirectionStartComplete";
shadow.table[5287] = "NtUserSlicerControl";
shadow.table[5288] = "NtUserSoundSentry";
shadow.table[5289] = "NtUserStopAndEndInertia";
shadow.table[5290] = "NtUserSwitchDesktop";
shadow.table[5291] = "NtUserSystemParametersInfoForDpi";
shadow.table[5292] = "NtUserTestForInteractiveUser";
shadow.table[5293] = "NtUserTrackPopupMenuEx";
shadow.table[5294] = "NtUserTransformPoint";
shadow.table[5295] = "NtUserTransformRect";
shadow.table[5296] = "NtUserUndelegateInput";
shadow.table[5297] = "NtUserUnloadKeyboardLayout";
shadow.table[5298] = "NtUserUnlockWindowStation";
shadow.table[5299] = "NtUserUnregisterHotKey";
shadow.table[5300] = "NtUserUnregisterSessionPort";
shadow.table[5301] = "NtUserUnregisterUserApiHook";
shadow.table[5302] = "NtUserUpdateDefaultDesktopThumbnail";
shadow.table[5303] = "NtUserUpdateInputContext";
shadow.table[5304] = "NtUserUpdateInstance";
shadow.table[5305] = "NtUserUpdateLayeredWindow";
shadow.table[5306] = "NtUserUpdatePerUserSystemParameters";
shadow.table[5307] = "NtUserUpdateWindowInputSinkHints";
shadow.table[5308] = "NtUserUpdateWindowTrackingInfo";
shadow.table[5309] = "NtUserUserHandleGrantAccess";
shadow.table[5310] = "NtUserValidateHandleSecure";
shadow.table[5311] = "NtUserWOWCleanup";
shadow.table[5312] = "NtUserWaitAvailableMessageEx";
shadow.table[5313] = "NtUserWaitForInputIdle";
shadow.table[5314] = "NtUserWaitForMsgAndEvent";
shadow.table[5315] = "NtUserWaitForRedirectionStartComplete";
shadow.table[5316] = "NtUserWindowFromDC";
shadow.table[5317] = "NtUserWindowFromPhysicalPoint";
shadow.table[5318] = "NtValidateCompositionSurfaceHandle";
shadow.table[5319] = "NtVisualCaptureBits";
shadow.table[5320] = "NtUserSetClassLongPtr";
shadow.table[5321] = "NtUserSetWindowLongPtr";
