system.count = 401;
system.table[0] = "NtMapUserPhysicalPagesScatter";
system.table[1] = "NtWaitForSingleObject";
system.table[2] = "NtCallbackReturn";
system.table[3] = "NtReadFile";
system.table[4] = "NtDeviceIoControlFile";
system.table[5] = "NtWriteFile";
system.table[6] = "NtRemoveIoCompletion";
system.table[7] = "NtReleaseSemaphore";
system.table[8] = "NtReplyWaitReceivePort";
system.table[9] = "NtReplyPort";
system.table[10] = "NtSetInformationThread";
system.table[11] = "NtSetEvent";
system.table[12] = "NtClose";
system.table[13] = "NtQueryObject";
system.table[14] = "NtQueryInformationFile";
system.table[15] = "NtOpenKey";
system.table[16] = "NtEnumerateValueKey";
system.table[17] = "NtFindAtom";
system.table[18] = "NtQueryDefaultLocale";
system.table[19] = "NtQueryKey";
system.table[20] = "NtQueryValueKey";
system.table[21] = "NtAllocateVirtualMemory";
system.table[22] = "NtQueryInformationProcess";
system.table[23] = "NtWaitForMultipleObjects32";
system.table[24] = "NtWriteFileGather";
system.table[25] = "NtSetInformationProcess";
system.table[26] = "NtCreateKey";
system.table[27] = "NtFreeVirtualMemory";
system.table[28] = "NtImpersonateClientOfPort";
system.table[29] = "NtReleaseMutant";
system.table[30] = "NtQueryInformationToken";
system.table[31] = "NtRequestWaitReplyPort";
system.table[32] = "NtQueryVirtualMemory";
system.table[33] = "NtOpenThreadToken";
system.table[34] = "NtQueryInformationThread";
system.table[35] = "NtOpenProcess";
system.table[36] = "NtSetInformationFile";
system.table[37] = "NtMapViewOfSection";
system.table[38] = "NtAccessCheckAndAuditAlarm";
system.table[39] = "NtUnmapViewOfSection";
system.table[40] = "NtReplyWaitReceivePortEx";
system.table[41] = "NtTerminateProcess";
system.table[42] = "NtSetEventBoostPriority";
system.table[43] = "NtReadFileScatter";
system.table[44] = "NtOpenThreadTokenEx";
system.table[45] = "NtOpenProcessTokenEx";
system.table[46] = "NtQueryPerformanceCounter";
system.table[47] = "NtEnumerateKey";
system.table[48] = "NtOpenFile";
system.table[49] = "NtDelayExecution";
system.table[50] = "NtQueryDirectoryFile";
system.table[51] = "NtQuerySystemInformation";
system.table[52] = "NtOpenSection";
system.table[53] = "NtQueryTimer";
system.table[54] = "NtFsControlFile";
system.table[55] = "NtWriteVirtualMemory";
system.table[56] = "NtCloseObjectAuditAlarm";
system.table[57] = "NtDuplicateObject";
system.table[58] = "NtQueryAttributesFile";
system.table[59] = "NtClearEvent";
system.table[60] = "NtReadVirtualMemory";
system.table[61] = "NtOpenEvent";
system.table[62] = "NtAdjustPrivilegesToken";
system.table[63] = "NtDuplicateToken";
system.table[64] = "NtContinue";
system.table[65] = "NtQueryDefaultUILanguage";
system.table[66] = "NtQueueApcThread";
system.table[67] = "NtYieldExecution";
system.table[68] = "NtAddAtom";
system.table[69] = "NtCreateEvent";
system.table[70] = "NtQueryVolumeInformationFile";
system.table[71] = "NtCreateSection";
system.table[72] = "NtFlushBuffersFile";
system.table[73] = "NtApphelpCacheControl";
system.table[74] = "NtCreateProcessEx";
system.table[75] = "NtCreateThread";
system.table[76] = "NtIsProcessInJob";
system.table[77] = "NtProtectVirtualMemory";
system.table[78] = "NtQuerySection";
system.table[79] = "NtResumeThread";
system.table[80] = "NtTerminateThread";
system.table[81] = "NtReadRequestData";
system.table[82] = "NtCreateFile";
system.table[83] = "NtQueryEvent";
system.table[84] = "NtWriteRequestData";
system.table[85] = "NtOpenDirectoryObject";
system.table[86] = "NtAccessCheckByTypeAndAuditAlarm";
system.table[87] = "NtQuerySystemTime";
system.table[88] = "NtWaitForMultipleObjects";
system.table[89] = "NtSetInformationObject";
system.table[90] = "NtCancelIoFile";
system.table[91] = "NtTraceEvent";
system.table[92] = "NtPowerInformation";
system.table[93] = "NtSetValueKey";
system.table[94] = "NtCancelTimer";
system.table[95] = "NtSetTimer";
system.table[96] = "NtAcceptConnectPort";
system.table[97] = "NtAccessCheck";
system.table[98] = "NtAccessCheckByType";
system.table[99] = "NtAccessCheckByTypeResultList";
system.table[100] = "NtAccessCheckByTypeResultListAndAuditAlarm";
system.table[101] = "NtAccessCheckByTypeResultListAndAuditAlarmByHandle";
system.table[102] = "NtAddBootEntry";
system.table[103] = "NtAddDriverEntry";
system.table[104] = "NtAdjustGroupsToken";
system.table[105] = "NtAlertResumeThread";
system.table[106] = "NtAlertThread";
system.table[107] = "NtAllocateLocallyUniqueId";
system.table[108] = "NtAllocateReserveObject";
system.table[109] = "NtAllocateUserPhysicalPages";
system.table[110] = "NtAllocateUuids";
system.table[111] = "NtAlpcAcceptConnectPort";
system.table[112] = "NtAlpcCancelMessage";
system.table[113] = "NtAlpcConnectPort";
system.table[114] = "NtAlpcCreatePort";
system.table[115] = "NtAlpcCreatePortSection";
system.table[116] = "NtAlpcCreateResourceReserve";
system.table[117] = "NtAlpcCreateSectionView";
system.table[118] = "NtAlpcCreateSecurityContext";
system.table[119] = "NtAlpcDeletePortSection";
system.table[120] = "NtAlpcDeleteResourceReserve";
system.table[121] = "NtAlpcDeleteSectionView";
system.table[122] = "NtAlpcDeleteSecurityContext";
system.table[123] = "NtAlpcDisconnectPort";
system.table[124] = "NtAlpcImpersonateClientOfPort";
system.table[125] = "NtAlpcOpenSenderProcess";
system.table[126] = "NtAlpcOpenSenderThread";
system.table[127] = "NtAlpcQueryInformation";
system.table[128] = "NtAlpcQueryInformationMessage";
system.table[129] = "NtAlpcRevokeSecurityContext";
system.table[130] = "NtAlpcSendWaitReceivePort";
system.table[131] = "NtAlpcSetInformation";
system.table[132] = "NtAreMappedFilesTheSame";
system.table[133] = "NtAssignProcessToJobObject";
system.table[134] = "NtCancelIoFileEx";
system.table[135] = "NtCancelSynchronousIoFile";
system.table[136] = "NtCommitComplete";
system.table[137] = "NtCommitEnlistment";
system.table[138] = "NtCommitTransaction";
system.table[139] = "NtCompactKeys";
system.table[140] = "NtCompareTokens";
system.table[141] = "xHalGetInterruptTranslator";
system.table[142] = "NtCompressKey";
system.table[143] = "NtConnectPort";
system.table[144] = "NtCreateDebugObject";
system.table[145] = "NtCreateDirectoryObject";
system.table[146] = "NtCreateEnlistment";
system.table[147] = "NtCreateEventPair";
system.table[148] = "NtCreateIoCompletion";
system.table[149] = "NtCreateJobObject";
system.table[150] = "NtCreateJobSet";
system.table[151] = "NtCreateKeyTransacted";
system.table[152] = "NtCreateKeyedEvent";
system.table[153] = "NtCreateMailslotFile";
system.table[154] = "NtCreateMutant";
system.table[155] = "NtCreateNamedPipeFile";
system.table[156] = "NtCreatePagingFile";
system.table[157] = "NtCreatePort";
system.table[158] = "NtCreatePrivateNamespace";
system.table[159] = "NtCreateProcess";
system.table[160] = "NtCreateProfile";
system.table[161] = "NtCreateProfileEx";
system.table[162] = "NtCreateResourceManager";
system.table[163] = "NtCreateSemaphore";
system.table[164] = "NtCreateSymbolicLinkObject";
system.table[165] = "NtCreateThreadEx";
system.table[166] = "NtCreateTimer";
system.table[167] = "NtCreateToken";
system.table[168] = "NtCreateTransaction";
system.table[169] = "NtCreateTransactionManager";
system.table[170] = "NtCreateUserProcess";
system.table[171] = "NtCreateWaitablePort";
system.table[172] = "NtCreateWorkerFactory";
system.table[173] = "NtDebugActiveProcess";
system.table[174] = "NtDebugContinue";
system.table[175] = "NtDeleteAtom";
system.table[176] = "NtDeleteBootEntry";
system.table[177] = "NtDeleteDriverEntry";
system.table[178] = "NtDeleteFile";
system.table[179] = "NtDeleteKey";
system.table[180] = "NtDeleteObjectAuditAlarm";
system.table[181] = "NtDeletePrivateNamespace";
system.table[182] = "NtDeleteValueKey";
system.table[183] = "NtDisableLastKnownGood";
system.table[184] = "NtDisplayString";
system.table[185] = "NtDrawText";
system.table[186] = "NtEnableLastKnownGood";
system.table[187] = "NtEnumerateBootEntries";
system.table[188] = "NtEnumerateDriverEntries";
system.table[189] = "NtEnumerateSystemEnvironmentValuesEx";
system.table[190] = "NtEnumerateTransactionObject";
system.table[191] = "NtExtendSection";
system.table[192] = "NtFilterToken";
system.table[193] = "NtFlushInstallUILanguage";
system.table[194] = "NtFlushInstructionCache";
system.table[195] = "NtFlushKey";
system.table[196] = "NtFlushProcessWriteBuffers";
system.table[197] = "NtFlushVirtualMemory";
system.table[198] = "NtFlushWriteBuffer";
system.table[199] = "NtFreeUserPhysicalPages";
system.table[200] = "NtFreezeRegistry";
system.table[201] = "NtFreezeTransactions";
system.table[202] = "NtGetContextThread";
system.table[203] = "NtGetCurrentProcessorNumber";
system.table[204] = "NtGetDevicePowerState";
system.table[205] = "NtGetMUIRegistryInfo";
system.table[206] = "NtGetNextProcess";
system.table[207] = "NtGetNextThread";
system.table[208] = "NtGetNlsSectionPtr";
system.table[209] = "NtGetNotificationResourceManager";
system.table[210] = "NtGetPlugPlayEvent";
system.table[211] = "NtGetWriteWatch";
system.table[212] = "NtImpersonateAnonymousToken";
system.table[213] = "NtImpersonateThread";
system.table[214] = "NtInitializeNlsFiles";
system.table[215] = "NtInitializeRegistry";
system.table[216] = "NtInitiatePowerAction";
system.table[217] = "NtIsSystemResumeAutomatic";
system.table[218] = "NtIsUILanguageComitted";
system.table[219] = "NtListenPort";
system.table[220] = "NtLoadDriver";
system.table[221] = "NtLoadKey";
system.table[222] = "NtLoadKey2";
system.table[223] = "NtLoadKeyEx";
system.table[224] = "NtLockFile";
system.table[225] = "NtLockProductActivationKeys";
system.table[226] = "NtLockRegistryKey";
system.table[227] = "NtLockVirtualMemory";
system.table[228] = "NtMakePermanentObject";
system.table[229] = "NtMakeTemporaryObject";
system.table[230] = "NtMapCMFModule";
system.table[231] = "NtMapUserPhysicalPages";
system.table[232] = "NtModifyBootEntry";
system.table[233] = "NtModifyDriverEntry";
system.table[234] = "NtNotifyChangeDirectoryFile";
system.table[235] = "NtNotifyChangeKey";
system.table[236] = "NtNotifyChangeMultipleKeys";
system.table[237] = "NtNotifyChangeSession";
system.table[238] = "NtOpenEnlistment";
system.table[239] = "NtOpenEventPair";
system.table[240] = "NtOpenIoCompletion";
system.table[241] = "NtOpenJobObject";
system.table[242] = "NtOpenKeyEx";
system.table[243] = "NtOpenKeyTransacted";
system.table[244] = "NtOpenKeyTransactedEx";
system.table[245] = "NtOpenKeyedEvent";
system.table[246] = "NtOpenMutant";
system.table[247] = "NtOpenObjectAuditAlarm";
system.table[248] = "NtOpenPrivateNamespace";
system.table[249] = "NtOpenProcessToken";
system.table[250] = "NtOpenResourceManager";
system.table[251] = "NtOpenSemaphore";
system.table[252] = "NtOpenSession";
system.table[253] = "NtOpenSymbolicLinkObject";
system.table[254] = "NtOpenThread";
system.table[255] = "NtOpenTimer";
system.table[256] = "NtOpenTransaction";
system.table[257] = "NtOpenTransactionManager";
system.table[258] = "NtPlugPlayControl";
system.table[259] = "NtPrePrepareComplete";
system.table[260] = "NtPrePrepareEnlistment";
system.table[261] = "NtPrepareComplete";
system.table[262] = "NtPrepareEnlistment";
system.table[263] = "NtPrivilegeCheck";
system.table[264] = "NtPrivilegeObjectAuditAlarm";
system.table[265] = "NtPrivilegedServiceAuditAlarm";
system.table[266] = "NtPropagationComplete";
system.table[267] = "NtPropagationFailed";
system.table[268] = "NtPulseEvent";
system.table[269] = "NtQueryBootEntryOrder";
system.table[270] = "NtQueryBootOptions";
system.table[271] = "NtQueryDebugFilterState";
system.table[272] = "NtQueryDirectoryObject";
system.table[273] = "NtQueryDriverEntryOrder";
system.table[274] = "NtQueryEaFile";
system.table[275] = "NtQueryFullAttributesFile";
system.table[276] = "NtQueryInformationAtom";
system.table[277] = "NtQueryInformationEnlistment";
system.table[278] = "NtQueryInformationJobObject";
system.table[279] = "NtQueryInformationPort";
system.table[280] = "NtQueryInformationResourceManager";
system.table[281] = "NtQueryInformationTransaction";
system.table[282] = "NtQueryInformationTransactionManager";
system.table[283] = "NtQueryInformationWorkerFactory";
system.table[284] = "NtQueryInstallUILanguage";
system.table[285] = "NtQueryIntervalProfile";
system.table[286] = "NtQueryIoCompletion";
system.table[287] = "NtQueryLicenseValue";
system.table[288] = "NtQueryMultipleValueKey";
system.table[289] = "NtQueryMutant";
system.table[290] = "NtQueryOpenSubKeys";
system.table[291] = "NtQueryOpenSubKeysEx";
system.table[292] = "NtQueryPortInformationProcess";
system.table[293] = "NtQueryQuotaInformationFile";
system.table[294] = "NtQuerySecurityAttributesToken";
system.table[295] = "NtQuerySecurityObject";
system.table[296] = "NtQuerySemaphore";
system.table[297] = "NtQuerySymbolicLinkObject";
system.table[298] = "NtQuerySystemEnvironmentValue";
system.table[299] = "NtQuerySystemEnvironmentValueEx";
system.table[300] = "NtQuerySystemInformationEx";
system.table[301] = "NtQueryTimerResolution";
system.table[302] = "NtQueueApcThreadEx";
system.table[303] = "NtRaiseException";
system.table[304] = "NtRaiseHardError";
system.table[305] = "NtReadOnlyEnlistment";
system.table[306] = "NtRecoverEnlistment";
system.table[307] = "NtRecoverResourceManager";
system.table[308] = "NtRecoverTransactionManager";
system.table[309] = "NtRegisterProtocolAddressInformation";
system.table[310] = "NtRegisterThreadTerminatePort";
system.table[311] = "NtReleaseKeyedEvent";
system.table[312] = "NtReleaseWorkerFactoryWorker";
system.table[313] = "NtRemoveIoCompletionEx";
system.table[314] = "NtRemoveProcessDebug";
system.table[315] = "NtRenameKey";
system.table[316] = "NtRenameTransactionManager";
system.table[317] = "NtReplaceKey";
system.table[318] = "NtReplacePartitionUnit";
system.table[319] = "NtReplyWaitReplyPort";
system.table[320] = "NtRequestPort";
system.table[321] = "NtResetEvent";
system.table[322] = "NtResetWriteWatch";
system.table[323] = "NtRestoreKey";
system.table[324] = "NtResumeProcess";
system.table[325] = "NtRollbackComplete";
system.table[326] = "NtRollbackEnlistment";
system.table[327] = "NtRollbackTransaction";
system.table[328] = "NtRollforwardTransactionManager";
system.table[329] = "NtSaveKey";
system.table[330] = "NtSaveKeyEx";
system.table[331] = "NtSaveMergedKeys";
system.table[332] = "NtSecureConnectPort";
system.table[333] = "NtSerializeBoot";
system.table[334] = "NtSetBootEntryOrder";
system.table[335] = "NtSetBootOptions";
system.table[336] = "NtSetContextThread";
system.table[337] = "NtSetDebugFilterState";
system.table[338] = "NtSetDefaultHardErrorPort";
system.table[339] = "NtSetDefaultLocale";
system.table[340] = "NtSetDefaultUILanguage";
system.table[341] = "NtSetDriverEntryOrder";
system.table[342] = "NtSetEaFile";
system.table[343] = "NtSetHighEventPair";
system.table[344] = "NtSetHighWaitLowEventPair";
system.table[345] = "NtSetInformationDebugObject";
system.table[346] = "NtSetInformationEnlistment";
system.table[347] = "NtSetInformationJobObject";
system.table[348] = "NtSetInformationKey";
system.table[349] = "NtSetInformationResourceManager";
system.table[350] = "NtSetInformationToken";
system.table[351] = "NtSetInformationTransaction";
system.table[352] = "NtSetInformationTransactionManager";
system.table[353] = "NtSetInformationWorkerFactory";
system.table[354] = "NtSetIntervalProfile";
system.table[355] = "NtSetIoCompletion";
system.table[356] = "NtSetIoCompletionEx";
system.table[357] = "xKdSetupPciDeviceForDebugging";
system.table[358] = "NtSetLowEventPair";
system.table[359] = "NtSetLowWaitHighEventPair";
system.table[360] = "NtSetQuotaInformationFile";
system.table[361] = "NtSetSecurityObject";
system.table[362] = "NtSetSystemEnvironmentValue";
system.table[363] = "NtSetSystemEnvironmentValueEx";
system.table[364] = "NtSetSystemInformation";
system.table[365] = "NtSetSystemPowerState";
system.table[366] = "NtSetSystemTime";
system.table[367] = "NtSetThreadExecutionState";
system.table[368] = "NtSetTimerEx";
system.table[369] = "NtSetTimerResolution";
system.table[370] = "NtSetUuidSeed";
system.table[371] = "NtSetVolumeInformationFile";
system.table[372] = "NtShutdownSystem";
system.table[373] = "NtShutdownWorkerFactory";
system.table[374] = "NtSignalAndWaitForSingleObject";
system.table[375] = "NtSinglePhaseReject";
system.table[376] = "NtStartProfile";
system.table[377] = "NtStopProfile";
system.table[378] = "NtSuspendProcess";
system.table[379] = "NtSuspendThread";
system.table[380] = "NtSystemDebugControl";
system.table[381] = "NtTerminateJobObject";
system.table[382] = "NtTestAlert";
system.table[383] = "NtThawRegistry";
system.table[384] = "NtThawTransactions";
system.table[385] = "NtTraceControl";
system.table[386] = "NtTranslateFilePath";
system.table[387] = "NtUmsThreadYield";
system.table[388] = "NtUnloadDriver";
system.table[389] = "NtUnloadKey";
system.table[390] = "NtUnloadKey2";
system.table[391] = "NtUnloadKeyEx";
system.table[392] = "NtUnlockFile";
system.table[393] = "NtUnlockVirtualMemory";
system.table[394] = "NtVdmControl";
system.table[395] = "NtWaitForDebugEvent";
system.table[396] = "NtWaitForKeyedEvent";
system.table[397] = "NtWaitForWorkViaWorkerFactory";
system.table[398] = "NtWaitHighEventPair";
system.table[399] = "NtWaitLowEventPair";
system.table[400] = "NtWorkerFactoryWorkerReady";
shadow.count = 827;
shadow.table[4096] = "NtUserGetThreadState";
shadow.table[4097] = "NtUserPeekMessage";
shadow.table[4098] = "NtUserCallOneParam";
shadow.table[4099] = "NtUserGetKeyState";
shadow.table[4100] = "NtUserInvalidateRect";
shadow.table[4101] = "NtUserCallNoParam";
shadow.table[4102] = "NtUserGetMessage";
shadow.table[4103] = "NtUserMessageCall";
shadow.table[4104] = "NtGdiBitBlt";
shadow.table[4105] = "NtGdiGetCharSet";
shadow.table[4106] = "NtUserGetDC";
shadow.table[4107] = "NtGdiSelectBitmap";
shadow.table[4108] = "NtUserWaitMessage";
shadow.table[4109] = "NtUserTranslateMessage";
shadow.table[4110] = "NtUserGetProp";
shadow.table[4111] = "NtUserPostMessage";
shadow.table[4112] = "NtUserQueryWindow";
shadow.table[4113] = "NtUserTranslateAccelerator";
shadow.table[4114] = "NtGdiFlush";
shadow.table[4115] = "NtUserRedrawWindow";
shadow.table[4116] = "NtUserWindowFromPoint";
shadow.table[4117] = "NtUserCallMsgFilter";
shadow.table[4118] = "NtUserValidateTimerCallback";
shadow.table[4119] = "NtUserBeginPaint";
shadow.table[4120] = "NtUserSetTimer";
shadow.table[4121] = "NtUserEndPaint";
shadow.table[4122] = "NtUserSetCursor";
shadow.table[4123] = "NtUserKillTimer";
shadow.table[4124] = "NtUserBuildHwndList";
shadow.table[4125] = "NtUserSelectPalette";
shadow.table[4126] = "NtUserCallNextHookEx";
shadow.table[4127] = "NtUserHideCaret";
shadow.table[4128] = "NtGdiIntersectClipRect";
shadow.table[4129] = "NtUserCallHwndLock";
shadow.table[4130] = "NtUserGetProcessWindowStation";
shadow.table[4131] = "NtGdiDeleteObjectApp";
shadow.table[4132] = "NtUserSetWindowPos";
shadow.table[4133] = "NtUserShowCaret";
shadow.table[4134] = "NtUserEndDeferWindowPosEx";
shadow.table[4135] = "NtUserCallHwndParamLock";
shadow.table[4136] = "NtUserVkKeyScanEx";
shadow.table[4137] = "NtGdiSetDIBitsToDeviceInternal";
shadow.table[4138] = "NtUserCallTwoParam";
shadow.table[4139] = "NtGdiGetRandomRgn";
shadow.table[4140] = "NtUserCopyAcceleratorTable";
shadow.table[4141] = "NtUserNotifyWinEvent";
shadow.table[4142] = "NtGdiExtSelectClipRgn";
shadow.table[4143] = "NtUserIsClipboardFormatAvailable";
shadow.table[4144] = "NtUserSetScrollInfo";
shadow.table[4145] = "NtGdiStretchBlt";
shadow.table[4146] = "NtUserCreateCaret";
shadow.table[4147] = "NtGdiRectVisible";
shadow.table[4148] = "NtGdiCombineRgn";
shadow.table[4149] = "NtGdiGetDCObject";
shadow.table[4150] = "NtUserDispatchMessage";
shadow.table[4151] = "NtUserRegisterWindowMessage";
shadow.table[4152] = "NtGdiExtTextOutW";
shadow.table[4153] = "NtGdiSelectFont";
shadow.table[4154] = "NtGdiRestoreDC";
shadow.table[4155] = "NtGdiSaveDC";
shadow.table[4156] = "NtUserGetForegroundWindow";
shadow.table[4157] = "NtUserShowScrollBar";
shadow.table[4158] = "NtUserFindExistingCursorIcon";
shadow.table[4159] = "NtGdiGetDCDword";
shadow.table[4160] = "NtGdiGetRegionData";
shadow.table[4161] = "NtGdiLineTo";
shadow.table[4162] = "NtUserSystemParametersInfo";
shadow.table[4163] = "NtGdiGetAppClipBox";
shadow.table[4164] = "NtUserGetAsyncKeyState";
shadow.table[4165] = "NtUserGetCPD";
shadow.table[4166] = "NtUserRemoveProp";
shadow.table[4167] = "NtGdiDoPalette";
shadow.table[4168] = "NtGdiPolyPolyDraw";
shadow.table[4169] = "NtUserSetCapture";
shadow.table[4170] = "NtUserEnumDisplayMonitors";
shadow.table[4171] = "NtGdiCreateCompatibleBitmap";
shadow.table[4172] = "NtUserSetProp";
shadow.table[4173] = "NtGdiGetTextCharsetInfo";
shadow.table[4174] = "NtUserSBGetParms";
shadow.table[4175] = "NtUserGetIconInfo";
shadow.table[4176] = "NtUserExcludeUpdateRgn";
shadow.table[4177] = "NtUserSetFocus";
shadow.table[4178] = "NtGdiExtGetObjectW";
shadow.table[4179] = "NtUserDeferWindowPos";
shadow.table[4180] = "NtUserGetUpdateRect";
shadow.table[4181] = "NtGdiCreateCompatibleDC";
shadow.table[4182] = "NtUserGetClipboardSequenceNumber";
shadow.table[4183] = "NtGdiCreatePen";
shadow.table[4184] = "NtUserShowWindow";
shadow.table[4185] = "NtUserGetKeyboardLayoutList";
shadow.table[4186] = "NtGdiPatBlt";
shadow.table[4187] = "NtUserMapVirtualKeyEx";
shadow.table[4188] = "NtUserSetWindowLong";
shadow.table[4189] = "NtGdiHfontCreate";
shadow.table[4190] = "NtUserMoveWindow";
shadow.table[4191] = "NtUserPostThreadMessage";
shadow.table[4192] = "NtUserDrawIconEx";
shadow.table[4193] = "NtUserGetSystemMenu";
shadow.table[4194] = "NtGdiDrawStream";
shadow.table[4195] = "NtUserInternalGetWindowText";
shadow.table[4196] = "NtUserGetWindowDC";
shadow.table[4197] = "NtGdiD3dDrawPrimitives2";
shadow.table[4198] = "NtGdiInvertRgn";
shadow.table[4199] = "NtGdiGetRgnBox";
shadow.table[4200] = "NtGdiGetAndSetDCDword";
shadow.table[4201] = "NtGdiMaskBlt";
shadow.table[4202] = "NtGdiGetWidthTable";
shadow.table[4203] = "NtUserScrollDC";
shadow.table[4204] = "NtUserGetObjectInformation";
shadow.table[4205] = "NtGdiCreateBitmap";
shadow.table[4206] = "NtUserFindWindowEx";
shadow.table[4207] = "NtGdiPolyPatBlt";
shadow.table[4208] = "NtUserUnhookWindowsHookEx";
shadow.table[4209] = "NtGdiGetNearestColor";
shadow.table[4210] = "NtGdiTransformPoints";
shadow.table[4211] = "NtGdiGetDCPoint";
shadow.table[4212] = "NtGdiCreateDIBBrush";
shadow.table[4213] = "NtGdiGetTextMetricsW";
shadow.table[4214] = "NtUserCreateWindowEx";
shadow.table[4215] = "NtUserSetParent";
shadow.table[4216] = "NtUserGetKeyboardState";
shadow.table[4217] = "NtUserToUnicodeEx";
shadow.table[4218] = "NtUserGetControlBrush";
shadow.table[4219] = "NtUserGetClassName";
shadow.table[4220] = "NtGdiAlphaBlend";
shadow.table[4221] = "NtGdiDdBlt";
shadow.table[4222] = "NtGdiOffsetRgn";
shadow.table[4223] = "NtUserDefSetText";
shadow.table[4224] = "NtGdiGetTextFaceW";
shadow.table[4225] = "NtGdiStretchDIBitsInternal";
shadow.table[4226] = "NtUserSendInput";
shadow.table[4227] = "NtUserGetThreadDesktop";
shadow.table[4228] = "NtGdiCreateRectRgn";
shadow.table[4229] = "NtGdiGetDIBitsInternal";
shadow.table[4230] = "NtUserGetUpdateRgn";
shadow.table[4231] = "NtGdiDeleteClientObj";
shadow.table[4232] = "NtUserGetIconSize";
shadow.table[4233] = "NtUserFillWindow";
shadow.table[4234] = "NtGdiExtCreateRegion";
shadow.table[4235] = "NtGdiComputeXformCoefficients";
shadow.table[4236] = "NtUserSetWindowsHookEx";
shadow.table[4237] = "NtUserNotifyProcessCreate";
shadow.table[4238] = "NtGdiUnrealizeObject";
shadow.table[4239] = "NtUserGetTitleBarInfo";
shadow.table[4240] = "NtGdiRectangle";
shadow.table[4241] = "NtUserSetThreadDesktop";
shadow.table[4242] = "NtUserGetDCEx";
shadow.table[4243] = "NtUserGetScrollBarInfo";
shadow.table[4244] = "NtGdiGetTextExtent";
shadow.table[4245] = "NtUserSetWindowFNID";
shadow.table[4246] = "NtGdiSetLayout";
shadow.table[4247] = "NtUserCalcMenuBar";
shadow.table[4248] = "NtUserThunkedMenuItemInfo";
shadow.table[4249] = "NtGdiExcludeClipRect";
shadow.table[4250] = "NtGdiCreateDIBSection";
shadow.table[4251] = "NtGdiGetDCforBitmap";
shadow.table[4252] = "NtUserDestroyCursor";
shadow.table[4253] = "NtUserDestroyWindow";
shadow.table[4254] = "NtUserCallHwndParam";
shadow.table[4255] = "NtGdiCreateDIBitmapInternal";
shadow.table[4256] = "NtUserOpenWindowStation";
shadow.table[4257] = "NtGdiDdDeleteSurfaceObject";
shadow.table[4258] = "NtGdiDdCanCreateSurface";
shadow.table[4259] = "NtGdiDdCreateSurface";
shadow.table[4260] = "NtUserSetCursorIconData";
shadow.table[4261] = "NtGdiDdDestroySurface";
shadow.table[4262] = "NtUserCloseDesktop";
shadow.table[4263] = "NtUserOpenDesktop";
shadow.table[4264] = "NtUserSetProcessWindowStation";
shadow.table[4265] = "NtUserGetAtomName";
shadow.table[4266] = "NtGdiDdResetVisrgn";
shadow.table[4267] = "NtGdiExtCreatePen";
shadow.table[4268] = "NtGdiCreatePaletteInternal";
shadow.table[4269] = "NtGdiSetBrushOrg";
shadow.table[4270] = "NtUserBuildNameList";
shadow.table[4271] = "NtGdiSetPixel";
shadow.table[4272] = "NtUserRegisterClassExWOW";
shadow.table[4273] = "NtGdiCreatePatternBrushInternal";
shadow.table[4274] = "NtUserGetAncestor";
shadow.table[4275] = "NtGdiGetOutlineTextMetricsInternalW";
shadow.table[4276] = "NtGdiSetBitmapBits";
shadow.table[4277] = "NtUserCloseWindowStation";
shadow.table[4278] = "NtUserGetDoubleClickTime";
shadow.table[4279] = "NtUserEnableScrollBar";
shadow.table[4280] = "NtGdiCreateSolidBrush";
shadow.table[4281] = "NtUserGetClassInfoEx";
shadow.table[4282] = "NtGdiCreateClientObj";
shadow.table[4283] = "NtUserUnregisterClass";
shadow.table[4284] = "NtUserDeleteMenu";
shadow.table[4285] = "NtGdiRectInRegion";
shadow.table[4286] = "NtUserScrollWindowEx";
shadow.table[4287] = "NtGdiGetPixel";
shadow.table[4288] = "NtUserSetClassLong";
shadow.table[4289] = "NtUserGetMenuBarInfo";
shadow.table[4290] = "NtGdiDdCreateSurfaceEx";
shadow.table[4291] = "NtGdiDdCreateSurfaceObject";
shadow.table[4292] = "NtGdiGetNearestPaletteIndex";
shadow.table[4293] = "NtGdiDdLockD3D";
shadow.table[4294] = "NtGdiDdUnlockD3D";
shadow.table[4295] = "NtGdiGetCharWidthW";
shadow.table[4296] = "NtUserInvalidateRgn";
shadow.table[4297] = "NtUserGetClipboardOwner";
shadow.table[4298] = "NtUserSetWindowRgn";
shadow.table[4299] = "NtUserBitBltSysBmp";
shadow.table[4300] = "NtGdiGetCharWidthInfo";
shadow.table[4301] = "NtUserValidateRect";
shadow.table[4302] = "NtUserCloseClipboard";
shadow.table[4303] = "NtUserOpenClipboard";
shadow.table[4304] = "NtGdiGetStockObject";
shadow.table[4305] = "NtUserSetClipboardData";
shadow.table[4306] = "NtUserEnableMenuItem";
shadow.table[4307] = "NtUserAlterWindowStyle";
shadow.table[4308] = "NtGdiFillRgn";
shadow.table[4309] = "NtUserGetWindowPlacement";
shadow.table[4310] = "NtGdiModifyWorldTransform";
shadow.table[4311] = "NtGdiGetFontData";
shadow.table[4312] = "NtUserGetOpenClipboardWindow";
shadow.table[4313] = "NtUserSetThreadState";
shadow.table[4314] = "NtGdiOpenDCW";
shadow.table[4315] = "NtUserTrackMouseEvent";
shadow.table[4316] = "NtGdiGetTransform";
shadow.table[4317] = "NtUserDestroyMenu";
shadow.table[4318] = "NtGdiGetBitmapBits";
shadow.table[4319] = "NtUserConsoleControl";
shadow.table[4320] = "NtUserSetActiveWindow";
shadow.table[4321] = "NtUserSetInformationThread";
shadow.table[4322] = "NtUserSetWindowPlacement";
shadow.table[4323] = "NtUserGetControlColor";
shadow.table[4324] = "NtGdiSetMetaRgn";
shadow.table[4325] = "NtGdiSetMiterLimit";
shadow.table[4326] = "NtGdiSetVirtualResolution";
shadow.table[4327] = "NtGdiGetRasterizerCaps";
shadow.table[4328] = "NtUserSetWindowWord";
shadow.table[4329] = "NtUserGetClipboardFormatName";
shadow.table[4330] = "NtUserRealInternalGetMessage";
shadow.table[4331] = "NtUserCreateLocalMemHandle";
shadow.table[4332] = "NtUserAttachThreadInput";
shadow.table[4333] = "NtGdiCreateHalftonePalette";
shadow.table[4334] = "NtUserPaintMenuBar";
shadow.table[4335] = "NtUserSetKeyboardState";
shadow.table[4336] = "NtGdiCombineTransform";
shadow.table[4337] = "NtUserCreateAcceleratorTable";
shadow.table[4338] = "NtUserGetCursorFrameInfo";
shadow.table[4339] = "NtUserGetAltTabInfo";
shadow.table[4340] = "NtUserGetCaretBlinkTime";
shadow.table[4341] = "NtGdiQueryFontAssocInfo";
shadow.table[4342] = "NtUserProcessConnect";
shadow.table[4343] = "NtUserEnumDisplayDevices";
shadow.table[4344] = "NtUserEmptyClipboard";
shadow.table[4345] = "NtUserGetClipboardData";
shadow.table[4346] = "NtUserRemoveMenu";
shadow.table[4347] = "NtGdiSetBoundsRect";
shadow.table[4348] = "NtGdiGetBitmapDimension";
shadow.table[4349] = "NtUserConvertMemHandle";
shadow.table[4350] = "NtUserDestroyAcceleratorTable";
shadow.table[4351] = "NtUserGetGUIThreadInfo";
shadow.table[4352] = "NtGdiCloseFigure";
shadow.table[4353] = "NtUserSetWindowsHookAW";
shadow.table[4354] = "NtUserSetMenuDefaultItem";
shadow.table[4355] = "NtUserCheckMenuItem";
shadow.table[4356] = "NtUserSetWinEventHook";
shadow.table[4357] = "NtUserUnhookWinEvent";
shadow.table[4358] = "NtUserLockWindowUpdate";
shadow.table[4359] = "NtUserSetSystemMenu";
shadow.table[4360] = "NtUserThunkedMenuInfo";
shadow.table[4361] = "NtGdiBeginPath";
shadow.table[4362] = "NtGdiEndPath";
shadow.table[4363] = "NtGdiFillPath";
shadow.table[4364] = "NtUserCallHwnd";
shadow.table[4365] = "NtUserDdeInitialize";
shadow.table[4366] = "NtUserModifyUserStartupInfoFlags";
shadow.table[4367] = "NtUserCountClipboardFormats";
shadow.table[4368] = "NtGdiAddFontMemResourceEx";
shadow.table[4369] = "NtGdiEqualRgn";
shadow.table[4370] = "NtGdiGetSystemPaletteUse";
shadow.table[4371] = "NtGdiRemoveFontMemResourceEx";
shadow.table[4372] = "NtUserEnumDisplaySettings";
shadow.table[4373] = "NtUserPaintDesktop";
shadow.table[4374] = "NtGdiExtEscape";
shadow.table[4375] = "NtGdiSetBitmapDimension";
shadow.table[4376] = "NtGdiSetFontEnumeration";
shadow.table[4377] = "NtUserChangeClipboardChain";
shadow.table[4378] = "NtUserSetClipboardViewer";
shadow.table[4379] = "NtUserShowWindowAsync";
shadow.table[4380] = "NtGdiCreateColorSpace";
shadow.table[4381] = "NtGdiDeleteColorSpace";
shadow.table[4382] = "NtUserActivateKeyboardLayout";
shadow.table[4383] = "NtGdiAbortDoc";
shadow.table[4384] = "NtGdiAbortPath";
shadow.table[4385] = "NtGdiAddEmbFontToDC";
shadow.table[4386] = "NtGdiAddFontResourceW";
shadow.table[4387] = "NtGdiAddRemoteFontToDC";
shadow.table[4388] = "NtGdiAddRemoteMMInstanceToDC";
shadow.table[4389] = "NtGdiAngleArc";
shadow.table[4390] = "NtGdiAnyLinkedFonts";
shadow.table[4391] = "NtGdiArcInternal";
shadow.table[4392] = "NtGdiBRUSHOBJ_DeleteRbrush";
shadow.table[4393] = "NtGdiBRUSHOBJ_hGetColorTransform";
shadow.table[4394] = "NtGdiBRUSHOBJ_pvAllocRbrush";
shadow.table[4395] = "NtGdiBRUSHOBJ_pvGetRbrush";
shadow.table[4396] = "NtGdiBRUSHOBJ_ulGetBrushColor";
shadow.table[4397] = "NtGdiBeginGdiRendering";
shadow.table[4398] = "NtGdiCLIPOBJ_bEnum";
shadow.table[4399] = "NtGdiCLIPOBJ_cEnumStart";
shadow.table[4400] = "NtGdiCLIPOBJ_ppoGetPath";
shadow.table[4401] = "NtGdiCancelDC";
shadow.table[4402] = "NtGdiChangeGhostFont";
shadow.table[4403] = "NtGdiCheckBitmapBits";
shadow.table[4404] = "NtGdiClearBitmapAttributes";
shadow.table[4405] = "NtGdiClearBrushAttributes";
shadow.table[4406] = "NtGdiColorCorrectPalette";
shadow.table[4407] = "NtGdiConfigureOPMProtectedOutput";
shadow.table[4408] = "NtGdiConvertMetafileRect";
shadow.table[4409] = "NtGdiCreateBitmapFromDxSurface";
shadow.table[4410] = "NtGdiCreateColorTransform";
shadow.table[4411] = "NtGdiCreateEllipticRgn";
shadow.table[4412] = "NtGdiCreateHatchBrushInternal";
shadow.table[4413] = "NtGdiCreateMetafileDC";
shadow.table[4414] = "NtGdiCreateOPMProtectedOutputs";
shadow.table[4415] = "NtGdiCreateRoundRectRgn";
shadow.table[4416] = "NtGdiCreateServerMetaFile";
shadow.table[4417] = "NtGdiD3dContextCreate";
shadow.table[4418] = "NtGdiD3dContextDestroy";
shadow.table[4419] = "NtGdiD3dContextDestroyAll";
shadow.table[4420] = "NtGdiD3dValidateTextureStageState";
shadow.table[4421] = "NtGdiDDCCIGetCapabilitiesString";
shadow.table[4422] = "NtGdiDDCCIGetCapabilitiesStringLength";
shadow.table[4423] = "NtGdiDDCCIGetTimingReport";
shadow.table[4424] = "NtGdiDDCCIGetVCPFeature";
shadow.table[4425] = "NtGdiDDCCISaveCurrentSettings";
shadow.table[4426] = "NtGdiDDCCISetVCPFeature";
shadow.table[4427] = "NtGdiDdAddAttachedSurface";
shadow.table[4428] = "NtGdiDdAlphaBlt";
shadow.table[4429] = "NtGdiDdAttachSurface";
shadow.table[4430] = "NtGdiDdBeginMoCompFrame";
shadow.table[4431] = "NtGdiDdCanCreateD3DBuffer";
shadow.table[4432] = "NtGdiDdColorControl";
shadow.table[4433] = "NtGdiDdCreateD3DBuffer";
shadow.table[4434] = "NtGdiDdCreateDirectDrawObject";
shadow.table[4435] = "NtGdiDdCreateFullscreenSprite";
shadow.table[4436] = "NtGdiDdCreateMoComp";
shadow.table[4437] = "NtGdiDdDDIAcquireKeyedMutex";
shadow.table[4438] = "NtGdiDdDDICheckExclusiveOwnership";
shadow.table[4439] = "NtGdiDdDDICheckMonitorPowerState";
shadow.table[4440] = "NtGdiDdDDICheckOcclusion";
shadow.table[4441] = "NtGdiDdDDICheckSharedResourceAccess";
shadow.table[4442] = "NtGdiDdDDICheckVidPnExclusiveOwnership";
shadow.table[4443] = "NtGdiDdDDICloseAdapter";
shadow.table[4444] = "NtGdiDdDDIConfigureSharedResource";
shadow.table[4445] = "NtGdiDdDDICreateAllocation";
shadow.table[4446] = "NtGdiDdDDICreateContext";
shadow.table[4447] = "NtGdiDdDDICreateDCFromMemory";
shadow.table[4448] = "NtGdiDdDDICreateDevice";
shadow.table[4449] = "NtGdiDdDDICreateKeyedMutex";
shadow.table[4450] = "NtGdiDdDDICreateOverlay";
shadow.table[4451] = "NtGdiDdDDICreateSynchronizationObject";
shadow.table[4452] = "NtGdiDdDDIDestroyAllocation";
shadow.table[4453] = "NtGdiDdDDIDestroyContext";
shadow.table[4454] = "NtGdiDdDDIDestroyDCFromMemory";
shadow.table[4455] = "NtGdiDdDDIDestroyDevice";
shadow.table[4456] = "NtGdiDdDDIDestroyKeyedMutex";
shadow.table[4457] = "NtGdiDdDDIDestroyOverlay";
shadow.table[4458] = "NtGdiDdDDIDestroySynchronizationObject";
shadow.table[4459] = "NtGdiDdDDIEscape";
shadow.table[4460] = "NtGdiDdDDIFlipOverlay";
shadow.table[4461] = "NtGdiDdDDIGetContextSchedulingPriority";
shadow.table[4462] = "NtGdiDdDDIGetDeviceState";
shadow.table[4463] = "NtGdiDdDDIGetDisplayModeList";
shadow.table[4464] = "NtGdiDdDDIGetMultisampleMethodList";
shadow.table[4465] = "NtGdiDdDDIGetOverlayState";
shadow.table[4466] = "NtGdiDdDDIGetPresentHistory";
shadow.table[4467] = "NtGdiDdDDIGetPresentQueueEvent";
shadow.table[4468] = "NtGdiDdDDIGetProcessSchedulingPriorityClass";
shadow.table[4469] = "NtGdiDdDDIGetRuntimeData";
shadow.table[4470] = "NtGdiDdDDIGetScanLine";
shadow.table[4471] = "NtGdiDdDDIGetSharedPrimaryHandle";
shadow.table[4472] = "NtGdiDdDDIInvalidateActiveVidPn";
shadow.table[4473] = "NtGdiDdDDILock";
shadow.table[4474] = "NtGdiDdDDIOpenAdapterFromDeviceName";
shadow.table[4475] = "NtGdiDdDDIOpenAdapterFromHdc";
shadow.table[4476] = "NtGdiDdDDIOpenKeyedMutex";
shadow.table[4477] = "NtGdiDdDDIOpenResource";
shadow.table[4478] = "NtGdiDdDDIOpenSynchronizationObject";
shadow.table[4479] = "NtGdiDdDDIPollDisplayChildren";
shadow.table[4480] = "NtGdiDdDDIPresent";
shadow.table[4481] = "NtGdiDdDDIQueryAdapterInfo";
shadow.table[4482] = "NtGdiDdDDIQueryAllocationResidency";
shadow.table[4483] = "NtGdiDdDDIQueryResourceInfo";
shadow.table[4484] = "NtGdiDdDDIQueryStatistics";
shadow.table[4485] = "NtGdiDdDDIReleaseKeyedMutex";
shadow.table[4486] = "NtGdiDdDDIReleaseProcessVidPnSourceOwners";
shadow.table[4487] = "NtGdiDdDDIRender";
shadow.table[4488] = "NtGdiDdDDISetAllocationPriority";
shadow.table[4489] = "NtGdiDdDDISetContextSchedulingPriority";
shadow.table[4490] = "NtGdiDdDDISetDisplayMode";
shadow.table[4491] = "NtGdiDdDDISetDisplayPrivateDriverFormat";
shadow.table[4492] = "NtGdiDdDDISetGammaRamp";
shadow.table[4493] = "NtGdiDdDDISetProcessSchedulingPriorityClass";
shadow.table[4494] = "NtGdiDdDDISetQueuedLimit";
shadow.table[4495] = "NtGdiDdDDISetVidPnSourceOwner";
shadow.table[4496] = "NtGdiDdDDISharedPrimaryLockNotification";
shadow.table[4497] = "NtGdiDdDDISharedPrimaryUnLockNotification";
shadow.table[4498] = "NtGdiDdDDISignalSynchronizationObject";
shadow.table[4499] = "NtGdiDdDDIUnlock";
shadow.table[4500] = "NtGdiDdDDIUpdateOverlay";
shadow.table[4501] = "NtGdiDdDDIWaitForIdle";
shadow.table[4502] = "NtGdiDdDDIWaitForSynchronizationObject";
shadow.table[4503] = "NtGdiDdDDIWaitForVerticalBlankEvent";
shadow.table[4504] = "NtGdiDdDeleteDirectDrawObject";
shadow.table[4505] = "NtGdiDdDestroyD3DBuffer";
shadow.table[4506] = "NtGdiDdDestroyFullscreenSprite";
shadow.table[4507] = "NtGdiDdDestroyMoComp";
shadow.table[4508] = "NtGdiDdEndMoCompFrame";
shadow.table[4509] = "NtGdiDdFlip";
shadow.table[4510] = "NtGdiDdFlipToGDISurface";
shadow.table[4511] = "NtGdiDdGetAvailDriverMemory";
shadow.table[4512] = "NtGdiDdGetBltStatus";
shadow.table[4513] = "NtGdiDdGetDC";
shadow.table[4514] = "NtGdiDdGetDriverInfo";
shadow.table[4515] = "NtGdiDdGetDriverState";
shadow.table[4516] = "NtGdiDdGetDxHandle";
shadow.table[4517] = "NtGdiDdGetFlipStatus";
shadow.table[4518] = "NtGdiDdGetInternalMoCompInfo";
shadow.table[4519] = "NtGdiDdGetMoCompBuffInfo";
shadow.table[4520] = "NtGdiDdGetMoCompFormats";
shadow.table[4521] = "NtGdiDdGetMoCompGuids";
shadow.table[4522] = "NtGdiDdGetScanLine";
shadow.table[4523] = "NtGdiDdLock";
shadow.table[4524] = "NtGdiDdNotifyFullscreenSpriteUpdate";
shadow.table[4525] = "NtGdiDdQueryDirectDrawObject";
shadow.table[4526] = "NtGdiDdQueryMoCompStatus";
shadow.table[4527] = "NtGdiDdQueryVisRgnUniqueness";
shadow.table[4528] = "NtGdiDdReenableDirectDrawObject";
shadow.table[4529] = "NtGdiDdReleaseDC";
shadow.table[4530] = "NtGdiDdRenderMoComp";
shadow.table[4531] = "NtGdiDdSetColorKey";
shadow.table[4532] = "NtGdiDdSetExclusiveMode";
shadow.table[4533] = "NtGdiDdSetGammaRamp";
shadow.table[4534] = "NtGdiDdSetOverlayPosition";
shadow.table[4535] = "NtGdiDdUnattachSurface";
shadow.table[4536] = "NtGdiDdUnlock";
shadow.table[4537] = "NtGdiDdUpdateOverlay";
shadow.table[4538] = "NtGdiDdWaitForVerticalBlank";
shadow.table[4539] = "NtGdiDeleteColorTransform";
shadow.table[4540] = "NtGdiDescribePixelFormat";
shadow.table[4541] = "NtGdiDestroyOPMProtectedOutput";
shadow.table[4542] = "NtGdiDestroyPhysicalMonitor";
shadow.table[4543] = "NtGdiDoBanding";
shadow.table[4544] = "NtGdiDrawEscape";
shadow.table[4545] = "NtGdiDvpAcquireNotification";
shadow.table[4546] = "NtGdiDvpCanCreateVideoPort";
shadow.table[4547] = "NtGdiDvpColorControl";
shadow.table[4548] = "NtGdiDvpCreateVideoPort";
shadow.table[4549] = "NtGdiDvpDestroyVideoPort";
shadow.table[4550] = "NtGdiDvpFlipVideoPort";
shadow.table[4551] = "NtGdiDvpGetVideoPortBandwidth";
shadow.table[4552] = "NtGdiDvpGetVideoPortConnectInfo";
shadow.table[4553] = "NtGdiDvpGetVideoPortField";
shadow.table[4554] = "NtGdiDvpGetVideoPortFlipStatus";
shadow.table[4555] = "NtGdiDvpGetVideoPortInputFormats";
shadow.table[4556] = "NtGdiDvpGetVideoPortLine";
shadow.table[4557] = "NtGdiDvpGetVideoPortOutputFormats";
shadow.table[4558] = "NtGdiDvpGetVideoSignalStatus";
shadow.table[4559] = "NtGdiDvpReleaseNotification";
shadow.table[4560] = "NtGdiDvpUpdateVideoPort";
shadow.table[4561] = "NtGdiDvpWaitForVideoPortSync";
shadow.table[4562] = "NtGdiDxgGenericThunk";
shadow.table[4563] = "NtGdiEllipse";
shadow.table[4564] = "NtGdiEnableEudc";
shadow.table[4565] = "NtGdiEndDoc";
shadow.table[4566] = "NtGdiEndGdiRendering";
shadow.table[4567] = "NtGdiEndPage";
shadow.table[4568] = "NtGdiEngAlphaBlend";
shadow.table[4569] = "NtGdiEngAssociateSurface";
shadow.table[4570] = "NtGdiEngBitBlt";
shadow.table[4571] = "NtGdiEngCheckAbort";
shadow.table[4572] = "NtGdiEngComputeGlyphSet";
shadow.table[4573] = "NtGdiEngCopyBits";
shadow.table[4574] = "NtGdiEngCreateBitmap";
shadow.table[4575] = "NtGdiEngCreateClip";
shadow.table[4576] = "NtGdiEngCreateDeviceBitmap";
shadow.table[4577] = "NtGdiEngCreateDeviceSurface";
shadow.table[4578] = "NtGdiEngCreatePalette";
shadow.table[4579] = "NtGdiEngDeleteClip";
shadow.table[4580] = "NtGdiEngDeletePalette";
shadow.table[4581] = "NtGdiEngDeletePath";
shadow.table[4582] = "NtGdiEngDeleteSurface";
shadow.table[4583] = "NtGdiEngEraseSurface";
shadow.table[4584] = "NtGdiEngFillPath";
shadow.table[4585] = "NtGdiEngGradientFill";
shadow.table[4586] = "NtGdiEngLineTo";
shadow.table[4587] = "NtGdiEngLockSurface";
shadow.table[4588] = "NtGdiEngMarkBandingSurface";
shadow.table[4589] = "NtGdiEngPaint";
shadow.table[4590] = "NtGdiEngPlgBlt";
shadow.table[4591] = "NtGdiEngStretchBlt";
shadow.table[4592] = "NtGdiEngStretchBltROP";
shadow.table[4593] = "NtGdiEngStrokeAndFillPath";
shadow.table[4594] = "NtGdiEngStrokePath";
shadow.table[4595] = "NtGdiEngTextOut";
shadow.table[4596] = "NtGdiEngTransparentBlt";
shadow.table[4597] = "NtGdiEngUnlockSurface";
shadow.table[4598] = "NtGdiEnumFonts";
shadow.table[4599] = "NtGdiEnumObjects";
shadow.table[4600] = "NtGdiEudcLoadUnloadLink";
shadow.table[4601] = "NtGdiExtFloodFill";
shadow.table[4602] = "NtGdiFONTOBJ_cGetAllGlyphHandles";
shadow.table[4603] = "NtGdiFONTOBJ_cGetGlyphs";
shadow.table[4604] = "NtGdiFONTOBJ_pQueryGlyphAttrs";
shadow.table[4605] = "NtGdiFONTOBJ_pfdg";
shadow.table[4606] = "NtGdiFONTOBJ_pifi";
shadow.table[4607] = "NtGdiFONTOBJ_pvTrueTypeFontFile";
shadow.table[4608] = "NtGdiFONTOBJ_pxoGetXform";
shadow.table[4609] = "NtGdiFONTOBJ_vGetInfo";
shadow.table[4610] = "NtGdiFlattenPath";
shadow.table[4611] = "NtGdiFontIsLinked";
shadow.table[4612] = "NtGdiForceUFIMapping";
shadow.table[4613] = "NtGdiFrameRgn";
shadow.table[4614] = "NtGdiFullscreenControl";
shadow.table[4615] = "NtGdiGetBoundsRect";
shadow.table[4616] = "NtGdiGetCOPPCompatibleOPMInformation";
shadow.table[4617] = "NtGdiGetCertificate";
shadow.table[4618] = "NtGdiGetCertificateSize";
shadow.table[4619] = "NtGdiGetCharABCWidthsW";
shadow.table[4620] = "NtGdiGetCharacterPlacementW";
shadow.table[4621] = "NtGdiGetColorAdjustment";
shadow.table[4622] = "NtGdiGetColorSpaceforBitmap";
shadow.table[4623] = "NtGdiGetDeviceCaps";
shadow.table[4624] = "NtGdiGetDeviceCapsAll";
shadow.table[4625] = "NtGdiGetDeviceGammaRamp";
shadow.table[4626] = "NtGdiGetDeviceWidth";
shadow.table[4627] = "NtGdiGetDhpdev";
shadow.table[4628] = "NtGdiGetETM";
shadow.table[4629] = "NtGdiGetEmbUFI";
shadow.table[4630] = "NtGdiGetEmbedFonts";
shadow.table[4631] = "NtGdiGetEudcTimeStampEx";
shadow.table[4632] = "NtGdiGetFontFileData";
shadow.table[4633] = "NtGdiGetFontFileInfo";
shadow.table[4634] = "NtGdiGetFontResourceInfoInternalW";
shadow.table[4635] = "NtGdiGetFontUnicodeRanges";
shadow.table[4636] = "NtGdiGetGlyphIndicesW";
shadow.table[4637] = "NtGdiGetGlyphIndicesWInternal";
shadow.table[4638] = "NtGdiGetGlyphOutline";
shadow.table[4639] = "NtGdiGetKerningPairs";
shadow.table[4640] = "NtGdiGetLinkedUFIs";
shadow.table[4641] = "NtGdiGetMiterLimit";
shadow.table[4642] = "NtGdiGetMonitorID";
shadow.table[4643] = "NtGdiGetNumberOfPhysicalMonitors";
shadow.table[4644] = "NtGdiGetOPMInformation";
shadow.table[4645] = "NtGdiGetOPMRandomNumber";
shadow.table[4646] = "NtGdiGetObjectBitmapHandle";
shadow.table[4647] = "NtGdiGetPath";
shadow.table[4648] = "NtGdiGetPerBandInfo";
shadow.table[4649] = "NtGdiGetPhysicalMonitorDescription";
shadow.table[4650] = "NtGdiGetPhysicalMonitors";
shadow.table[4651] = "NtGdiGetRealizationInfo";
shadow.table[4652] = "NtGdiGetServerMetaFileBits";
shadow.table[4653] = "DxgStubAlphaBlt";
shadow.table[4654] = "NtGdiGetStats";
shadow.table[4655] = "NtGdiGetStringBitmapW";
shadow.table[4656] = "NtGdiGetSuggestedOPMProtectedOutputArraySize";
shadow.table[4657] = "NtGdiGetTextExtentExW";
shadow.table[4658] = "NtGdiGetUFI";
shadow.table[4659] = "NtGdiGetUFIPathname";
shadow.table[4660] = "NtGdiGradientFill";
shadow.table[4661] = "NtGdiHLSurfGetInformation";
shadow.table[4662] = "NtGdiHLSurfSetInformation";
shadow.table[4663] = "NtGdiHT_Get8BPPFormatPalette";
shadow.table[4664] = "NtGdiHT_Get8BPPMaskPalette";
shadow.table[4665] = "NtGdiIcmBrushInfo";
shadow.table[4666] = "EngRestoreFloatingPointState";
shadow.table[4667] = "NtGdiInitSpool";
shadow.table[4668] = "NtGdiMakeFontDir";
shadow.table[4669] = "NtGdiMakeInfoDC";
shadow.table[4670] = "NtGdiMakeObjectUnXferable";
shadow.table[4671] = "NtGdiMakeObjectXferable";
shadow.table[4672] = "NtGdiMirrorWindowOrg";
shadow.table[4673] = "NtGdiMonoBitmap";
shadow.table[4674] = "NtGdiMoveTo";
shadow.table[4675] = "NtGdiOffsetClipRgn";
shadow.table[4676] = "NtGdiPATHOBJ_bEnum";
shadow.table[4677] = "NtGdiPATHOBJ_bEnumClipLines";
shadow.table[4678] = "NtGdiPATHOBJ_vEnumStart";
shadow.table[4679] = "NtGdiPATHOBJ_vEnumStartClipLines";
shadow.table[4680] = "NtGdiPATHOBJ_vGetBounds";
shadow.table[4681] = "NtGdiPathToRegion";
shadow.table[4682] = "NtGdiPlgBlt";
shadow.table[4683] = "NtGdiPolyDraw";
shadow.table[4684] = "NtGdiPolyTextOutW";
shadow.table[4685] = "NtGdiPtInRegion";
shadow.table[4686] = "NtGdiPtVisible";
shadow.table[4687] = "NtGdiQueryFonts";
shadow.table[4688] = "NtGdiRemoveFontResourceW";
shadow.table[4689] = "NtGdiRemoveMergeFont";
shadow.table[4690] = "NtGdiResetDC";
shadow.table[4691] = "NtGdiResizePalette";
shadow.table[4692] = "NtGdiRoundRect";
shadow.table[4693] = "NtGdiSTROBJ_bEnum";
shadow.table[4694] = "NtGdiSTROBJ_bEnumPositionsOnly";
shadow.table[4695] = "NtGdiSTROBJ_bGetAdvanceWidths";
shadow.table[4696] = "NtGdiSTROBJ_dwGetCodePage";
shadow.table[4697] = "NtGdiSTROBJ_vEnumStart";
shadow.table[4698] = "NtGdiScaleViewportExtEx";
shadow.table[4699] = "NtGdiScaleWindowExtEx";
shadow.table[4700] = "NtGdiSelectBrush";
shadow.table[4701] = "NtGdiSelectClipPath";
shadow.table[4702] = "NtGdiSelectPen";
shadow.table[4703] = "NtGdiSetBitmapAttributes";
shadow.table[4704] = "NtGdiSetBrushAttributes";
shadow.table[4705] = "NtGdiSetColorAdjustment";
shadow.table[4706] = "NtGdiSetColorSpace";
shadow.table[4707] = "NtGdiSetDeviceGammaRamp";
shadow.table[4708] = "NtGdiSetFontXform";
shadow.table[4709] = "NtGdiSetIcmMode";
shadow.table[4710] = "NtGdiSetLinkedUFIs";
shadow.table[4711] = "NtGdiSetMagicColors";
shadow.table[4712] = "NtGdiSetOPMSigningKeyAndSequenceNumbers";
shadow.table[4713] = "NtGdiSetPUMPDOBJ";
shadow.table[4714] = "NtGdiSetPixelFormat";
shadow.table[4715] = "NtGdiSetRectRgn";
shadow.table[4716] = "NtGdiSetSizeDevice";
shadow.table[4717] = "NtGdiSetSystemPaletteUse";
shadow.table[4718] = "NtGdiSetTextJustification";
shadow.table[4719] = "NtGdiSfmGetNotificationTokens";
shadow.table[4720] = "NtGdiStartDoc";
shadow.table[4721] = "NtGdiStartPage";
shadow.table[4722] = "NtGdiStrokeAndFillPath";
shadow.table[4723] = "NtGdiStrokePath";
shadow.table[4724] = "NtGdiSwapBuffers";
shadow.table[4725] = "NtGdiTransparentBlt";
shadow.table[4726] = "NtGdiUMPDEngFreeUserMem";
shadow.table[4727] = "DxgStubAlphaBlt";
shadow.table[4728] = "EngRestoreFloatingPointState";
shadow.table[4729] = "NtGdiUpdateColors";
shadow.table[4730] = "NtGdiUpdateTransform";
shadow.table[4731] = "NtGdiWidenPath";
shadow.table[4732] = "NtGdiXFORMOBJ_bApplyXform";
shadow.table[4733] = "NtGdiXFORMOBJ_iGetXform";
shadow.table[4734] = "NtGdiXLATEOBJ_cGetPalette";
shadow.table[4735] = "NtGdiXLATEOBJ_hGetColorTransform";
shadow.table[4736] = "NtGdiXLATEOBJ_iXlate";
shadow.table[4737] = "NtUserAddClipboardFormatListener";
shadow.table[4738] = "NtUserAssociateInputContext";
shadow.table[4739] = "NtUserBlockInput";
shadow.table[4740] = "NtUserBuildHimcList";
shadow.table[4741] = "NtUserBuildPropList";
shadow.table[4742] = "NtUserCalculatePopupWindowPosition";
shadow.table[4743] = "NtUserCallHwndOpt";
shadow.table[4744] = "NtUserChangeDisplaySettings";
shadow.table[4745] = "NtUserChangeWindowMessageFilterEx";
shadow.table[4746] = "NtUserCheckAccessForIntegrityLevel";
shadow.table[4747] = "NtUserCheckDesktopByThreadId";
shadow.table[4748] = "NtUserCheckWindowThreadDesktop";
shadow.table[4749] = "NtUserChildWindowFromPointEx";
shadow.table[4750] = "NtUserClipCursor";
shadow.table[4751] = "NtUserCreateDesktopEx";
shadow.table[4752] = "NtUserCreateInputContext";
shadow.table[4753] = "NtUserCreateWindowStation";
shadow.table[4754] = "NtUserCtxDisplayIOCtl";
shadow.table[4755] = "NtUserDestroyInputContext";
shadow.table[4756] = "NtUserDisableThreadIme";
shadow.table[4757] = "NtUserDisplayConfigGetDeviceInfo";
shadow.table[4758] = "NtUserDisplayConfigSetDeviceInfo";
shadow.table[4759] = "NtUserDoSoundConnect";
shadow.table[4760] = "NtUserDoSoundDisconnect";
shadow.table[4761] = "NtUserDragDetect";
shadow.table[4762] = "NtUserDragObject";
shadow.table[4763] = "NtUserDrawAnimatedRects";
shadow.table[4764] = "NtUserDrawCaption";
shadow.table[4765] = "NtUserDrawCaptionTemp";
shadow.table[4766] = "NtUserDrawMenuBarTemp";
shadow.table[4767] = "NtUserDwmStartRedirection";
shadow.table[4768] = "NtUserDwmStopRedirection";
shadow.table[4769] = "NtUserEndMenu";
shadow.table[4770] = "NtUserEndTouchOperation";
shadow.table[4771] = "NtUserEvent";
shadow.table[4772] = "NtUserFlashWindowEx";
shadow.table[4773] = "NtUserFrostCrashedWindow";
shadow.table[4774] = "NtUserGetAppImeLevel";
shadow.table[4775] = "NtUserGetCaretPos";
shadow.table[4776] = "NtUserGetClipCursor";
shadow.table[4777] = "NtUserGetClipboardViewer";
shadow.table[4778] = "NtUserGetComboBoxInfo";
shadow.table[4779] = "NtUserGetCursorInfo";
shadow.table[4780] = "NtUserGetDisplayConfigBufferSizes";
shadow.table[4781] = "NtUserGetGestureConfig";
shadow.table[4782] = "NtUserGetGestureExtArgs";
shadow.table[4783] = "NtUserGetGestureInfo";
shadow.table[4784] = "NtUserGetGuiResources";
shadow.table[4785] = "NtUserGetImeHotKey";
shadow.table[4786] = "NtUserGetImeInfoEx";
shadow.table[4787] = "NtUserGetInputLocaleInfo";
shadow.table[4788] = "NtUserGetInternalWindowPos";
shadow.table[4789] = "NtUserGetKeyNameText";
shadow.table[4790] = "NtUserGetKeyboardLayoutName";
shadow.table[4791] = "NtUserGetLayeredWindowAttributes";
shadow.table[4792] = "NtUserGetListBoxInfo";
shadow.table[4793] = "NtUserGetMenuIndex";
shadow.table[4794] = "NtUserGetMenuItemRect";
shadow.table[4795] = "NtUserGetMouseMovePointsEx";
shadow.table[4796] = "NtUserGetPriorityClipboardFormat";
shadow.table[4797] = "NtUserGetRawInputBuffer";
shadow.table[4798] = "NtUserGetRawInputData";
shadow.table[4799] = "NtUserGetRawInputDeviceInfo";
shadow.table[4800] = "NtUserGetRawInputDeviceList";
shadow.table[4801] = "NtUserGetRegisteredRawInputDevices";
shadow.table[4802] = "NtUserGetTopLevelWindow";
shadow.table[4803] = "NtUserGetTouchInputInfo";
shadow.table[4804] = "NtUserGetUpdatedClipboardFormats";
shadow.table[4805] = "NtUserGetWOWClass";
shadow.table[4806] = "NtUserGetWindowCompositionAttribute";
shadow.table[4807] = "NtUserGetWindowCompositionInfo";
shadow.table[4808] = "NtUserGetWindowDisplayAffinity";
shadow.table[4809] = "NtUserGetWindowMinimizeRect";
shadow.table[4810] = "NtUserGetWindowRgnEx";
shadow.table[4811] = "NtUserGhostWindowFromHungWindow";
shadow.table[4812] = "NtUserHardErrorControl";
shadow.table[4813] = "NtUserHiliteMenuItem";
shadow.table[4814] = "NtUserHungWindowFromGhostWindow";
shadow.table[4815] = "NtUserHwndQueryRedirectionInfo";
shadow.table[4816] = "NtUserHwndSetRedirectionInfo";
shadow.table[4817] = "NtUserImpersonateDdeClientWindow";
shadow.table[4818] = "NtUserInitTask";
shadow.table[4819] = "NtUserInitialize";
shadow.table[4820] = "NtUserInitializeClientPfnArrays";
shadow.table[4821] = "NtUserInjectGesture";
shadow.table[4822] = "NtUserInternalGetWindowIcon";
shadow.table[4823] = "NtUserIsTopLevelWindow";
shadow.table[4824] = "NtUserIsTouchWindow";
shadow.table[4825] = "NtUserLoadKeyboardLayoutEx";
shadow.table[4826] = "NtUserLockWindowStation";
shadow.table[4827] = "NtUserLockWorkStation";
shadow.table[4828] = "NtUserLogicalToPhysicalPoint";
shadow.table[4829] = "NtUserMNDragLeave";
shadow.table[4830] = "NtUserMNDragOver";
shadow.table[4831] = "NtUserMagControl";
shadow.table[4832] = "NtUserMagGetContextInformation";
shadow.table[4833] = "NtUserMagSetContextInformation";
shadow.table[4834] = "NtUserManageGestureHandlerWindow";
shadow.table[4835] = "NtUserMenuItemFromPoint";
shadow.table[4836] = "NtUserMinMaximize";
shadow.table[4837] = "NtUserModifyWindowTouchCapability";
shadow.table[4838] = "NtUserNotifyIMEStatus";
shadow.table[4839] = "NtUserOpenInputDesktop";
shadow.table[4840] = "NtUserOpenThreadDesktop";
shadow.table[4841] = "NtUserPaintMonitor";
shadow.table[4842] = "NtUserPhysicalToLogicalPoint";
shadow.table[4843] = "NtUserPrintWindow";
shadow.table[4844] = "NtUserQueryDisplayConfig";
shadow.table[4845] = "NtUserQueryInformationThread";
shadow.table[4846] = "NtUserQueryInputContext";
shadow.table[4847] = "NtUserQuerySendMessage";
shadow.table[4848] = "NtUserRealChildWindowFromPoint";
shadow.table[4849] = "NtUserRealWaitMessageEx";
shadow.table[4850] = "NtUserRegisterErrorReportingDialog";
shadow.table[4851] = "NtUserRegisterHotKey";
shadow.table[4852] = "NtUserRegisterRawInputDevices";
shadow.table[4853] = "NtUserRegisterServicesProcess";
shadow.table[4854] = "NtUserRegisterSessionPort";
shadow.table[4855] = "NtUserRegisterTasklist";
shadow.table[4856] = "NtUserRegisterUserApiHook";
shadow.table[4857] = "NtUserRemoteConnect";
shadow.table[4858] = "NtUserRemoteRedrawRectangle";
shadow.table[4859] = "NtUserRemoteRedrawScreen";
shadow.table[4860] = "NtUserRemoteStopScreenUpdates";
shadow.table[4861] = "NtUserRemoveClipboardFormatListener";
shadow.table[4862] = "NtUserResolveDesktopForWOW";
shadow.table[4863] = "NtUserSendTouchInput";
shadow.table[4864] = "NtUserSetAppImeLevel";
shadow.table[4865] = "NtUserSetChildWindowNoActivate";
shadow.table[4866] = "NtUserSetClassWord";
shadow.table[4867] = "NtUserSetCursorContents";
shadow.table[4868] = "NtUserSetDisplayConfig";
shadow.table[4869] = "NtUserSetGestureConfig";
shadow.table[4870] = "NtUserSetImeHotKey";
shadow.table[4871] = "NtUserSetImeInfoEx";
shadow.table[4872] = "NtUserSetImeOwnerWindow";
shadow.table[4873] = "NtUserSetInternalWindowPos";
shadow.table[4874] = "NtUserSetLayeredWindowAttributes";
shadow.table[4875] = "NtUserSetMenu";
shadow.table[4876] = "NtUserSetMenuContextHelpId";
shadow.table[4877] = "NtUserSetMenuFlagRtoL";
shadow.table[4878] = "NtUserSetMirrorRendering";
shadow.table[4879] = "NtUserSetObjectInformation";
shadow.table[4880] = "NtUserSetProcessDPIAware";
shadow.table[4881] = "NtUserSetShellWindowEx";
shadow.table[4882] = "NtUserSetSysColors";
shadow.table[4883] = "NtUserSetSystemCursor";
shadow.table[4884] = "NtUserSetSystemTimer";
shadow.table[4885] = "NtUserSetThreadLayoutHandles";
shadow.table[4886] = "NtUserSetWindowCompositionAttribute";
shadow.table[4887] = "NtUserSetWindowDisplayAffinity";
shadow.table[4888] = "NtUserSetWindowRgnEx";
shadow.table[4889] = "NtUserSetWindowStationUser";
shadow.table[4890] = "NtUserSfmDestroyLogicalSurfaceBinding";
shadow.table[4891] = "NtUserSfmDxBindSwapChain";
shadow.table[4892] = "NtUserSfmDxGetSwapChainStats";
shadow.table[4893] = "NtUserSfmDxOpenSwapChain";
shadow.table[4894] = "NtUserSfmDxQuerySwapChainBindingStatus";
shadow.table[4895] = "NtUserSfmDxReleaseSwapChain";
shadow.table[4896] = "NtUserSfmDxReportPendingBindingsToDwm";
shadow.table[4897] = "NtUserSfmDxSetSwapChainBindingStatus";
shadow.table[4898] = "NtUserSfmDxSetSwapChainStats";
shadow.table[4899] = "NtUserSfmGetLogicalSurfaceBinding";
shadow.table[4900] = "NtUserShowSystemCursor";
shadow.table[4901] = "NtUserSoundSentry";
shadow.table[4902] = "NtUserSwitchDesktop";
shadow.table[4903] = "NtUserTestForInteractiveUser";
shadow.table[4904] = "NtUserTrackPopupMenuEx";
shadow.table[4905] = "NtUserUnloadKeyboardLayout";
shadow.table[4906] = "NtUserUnlockWindowStation";
shadow.table[4907] = "NtUserUnregisterHotKey";
shadow.table[4908] = "NtUserUnregisterSessionPort";
shadow.table[4909] = "NtUserUnregisterUserApiHook";
shadow.table[4910] = "NtUserUpdateInputContext";
shadow.table[4911] = "NtUserUpdateInstance";
shadow.table[4912] = "NtUserUpdateLayeredWindow";
shadow.table[4913] = "NtUserUpdatePerUserSystemParameters";
shadow.table[4914] = "NtUserUpdateWindowTransform";
shadow.table[4915] = "NtUserUserHandleGrantAccess";
shadow.table[4916] = "NtUserValidateHandleSecure";
shadow.table[4917] = "NtUserWaitForInputIdle";
shadow.table[4918] = "NtUserWaitForMsgAndEvent";
shadow.table[4919] = "NtUserWindowFromPhysicalPoint";
shadow.table[4920] = "NtUserYieldTask";
shadow.table[4921] = "NtUserSetClassLongPtr";
shadow.table[4922] = "NtUserSetWindowLongPtr";
